# JRE version: Java(TM) SE Runtime Environment (21.0.5+9) (build 21.0.5+9-LTS-239)
# Java VM: Java HotSpot(TM) 64-Bit Server VM (21.0.5+9-LTS-239, mixed mode, emulated-client, sharing, tiered, compressed oops, compressed class ptrs, g1 gc, windows-amd64)
GC Precious Log:
 CardTable entry size: 512
 Card Set container configuration: InlinePtr #cards 5 size 8 Array Of Cards #cards 12 size 40 Howl #buckets 4 coarsen threshold 1843 Howl Bitmap #cards 512 size 80 coarsen threshold 460 Card regions per heap region 1 cards per card region 2048
 CPUs: 8 total, 8 available
 Memory: 7991M
 Large Page Support: Disabled
 NUMA Support: Disabled
 Compressed Oops: Enabled (32-bit)
 Heap Region Size: 1M
 Heap Min Capacity: 8M
 Heap Initial Capacity: 126M
 Heap Max Capacity: 1998M
 Pre-touch: Disabled
 Parallel Workers: 8
 Concurrent Workers: 2
 Concurrent Refinement Workers: 8
 Periodic GC: Disabled
Heap:
 garbage-first heap   total 129024K, used 16324K [0x0000000083200000, 0x0000000100000000)
  region size 1024K, 8 young (8192K), 6 survivors (6144K)
 Metaspace       used 21315K, committed 21696K, reserved 1114112K
  class space    used 2831K, committed 3008K, reserved 1048576K
GC Heap History (6 events):
Event: 9.807 GC heap before
{Heap before GC invocations=0 (full 0):
 garbage-first heap   total 129024K, used 24576K [0x0000000083200000, 0x0000000100000000)
  region size 1024K, 23 young (23552K), 0 survivors (0K)
 Metaspace       used 7091K, committed 7360K, reserved 1114112K
  class space    used 843K, committed 960K, reserved 1048576K
}
Event: 9.813 GC heap after
{Heap after GC invocations=1 (full 0):
 garbage-first heap   total 129024K, used 9471K [0x0000000083200000, 0x0000000100000000)
  region size 1024K, 3 young (3072K), 3 survivors (3072K)
 Metaspace       used 7091K, committed 7360K, reserved 1114112K
  class space    used 843K, committed 960K, reserved 1048576K
}
Event: 10.230 GC heap before
{Heap before GC invocations=1 (full 0):
 garbage-first heap   total 129024K, used 35071K [0x0000000083200000, 0x0000000100000000)
  region size 1024K, 29 young (29696K), 3 survivors (3072K)
 Metaspace       used 13392K, committed 13760K, reserved 1114112K
  class space    used 1800K, committed 1984K, reserved 1048576K
}
Event: 10.234 GC heap after
{Heap after GC invocations=2 (full 0):
 garbage-first heap   total 129024K, used 12019K [0x0000000083200000, 0x0000000100000000)
  region size 1024K, 3 young (3072K), 3 survivors (3072K)
 Metaspace       used 13392K, committed 13760K, reserved 1114112K
  class space    used 1800K, committed 1984K, reserved 1048576K
}
Event: 12.608 GC heap before
{Heap before GC invocations=2 (full 0):
 garbage-first heap   total 129024K, used 49907K [0x0000000083200000, 0x0000000100000000)
  region size 1024K, 42 young (43008K), 3 survivors (3072K)
 Metaspace       used 21107K, committed 21504K, reserved 1114112K
  class space    used 2815K, committed 3008K, reserved 1048576K
}
Event: 12.613 GC heap after
{Heap after GC invocations=3 (full 0):
 garbage-first heap   total 129024K, used 15300K [0x0000000083200000, 0x0000000100000000)
  region size 1024K, 6 young (6144K), 6 survivors (6144K)
 Metaspace       used 21107K, committed 21504K, reserved 1114112K
  class space    used 2815K, committed 3008K, reserved 1048576K
}

