# JRE version: OpenJDK Runtime Environment Temurin-21.0.10+7 (21.0.10+7) (build 21.0.10+7-LTS)
# Java VM: OpenJDK 64-Bit Server VM Temurin-21.0.10+7 (21.0.10+7-LTS, mixed mode, sharing, tiered, compressed oops, compressed class ptrs, parallel gc, windows-amd64)
GC Precious Log:
 CardTable entry size: 512
 CPUs: 8 total, 8 available
 Memory: 7991M
 Large Page Support: Disabled
 NUMA Support: Disabled
 Compressed Oops: Enabled (32-bit)
 Alignments: Space 512K, Generation 512K, Heap 2M
 Heap Min Capacity: 100M
 Heap Initial Capacity: 100M
 Heap Max Capacity: 2G
 Pre-touch: Disabled
 Parallel Workers: 8
Heap:
 PSYoungGen      total 15360K, used 2669K [0x00000000d5580000, 0x00000000d6680000, 0x0000000100000000)
  eden space 14848K, 16% used [0x00000000d5580000,0x00000000d57db658,0x00000000d6400000)
  from space 512K, 50% used [0x00000000d6480000,0x00000000d64c0000,0x00000000d6500000)
  to   space 1024K, 0% used [0x00000000d6580000,0x00000000d6580000,0x00000000d6680000)
 ParOldGen       total 68608K, used 62594K [0x0000000080000000, 0x0000000084300000, 0x00000000d5580000)
  object space 68608K, 91% used [0x0000000080000000,0x0000000083d20aa8,0x0000000084300000)
 Metaspace       used 69469K, committed 70976K, reserved 1114112K
  class space    used 8675K, committed 9344K, reserved 1048576K
GC Heap History (20 events):
Event: 8.773 GC heap before
{Heap before GC invocations=53 (full 3):
 PSYoungGen      total 16384K, used 16096K [0x00000000d5580000, 0x00000000d6700000, 0x0000000100000000)
  eden space 14848K, 100% used [0x00000000d5580000,0x00000000d6400000,0x00000000d6400000)
  from space 1536K, 81% used [0x00000000d6400000,0x00000000d6538010,0x00000000d6580000)
  to   space 1536K, 0% used [0x00000000d6580000,0x00000000d6580000,0x00000000d6700000)
 ParOldGen       total 68608K, used 55364K [0x0000000080000000, 0x0000000084300000, 0x00000000d5580000)
  object space 68608K, 80% used [0x0000000080000000,0x00000000836110b8,0x0000000084300000)
 Metaspace       used 63180K, committed 64576K, reserved 1114112K
  class space    used 7910K, committed 8512K, reserved 1048576K
}
Event: 8.775 GC heap after
{Heap after GC invocations=53 (full 3):
 PSYoungGen      total 16384K, used 1103K [0x00000000d5580000, 0x00000000d6700000, 0x0000000100000000)
  eden space 14848K, 0% used [0x00000000d5580000,0x00000000d5580000,0x00000000d6400000)
  from space 1536K, 71% used [0x00000000d6580000,0x00000000d6693cd8,0x00000000d6700000)
  to   space 1536K, 0% used [0x00000000d6400000,0x00000000d6400000,0x00000000d6580000)
 ParOldGen       total 68608K, used 56470K [0x0000000080000000, 0x0000000084300000, 0x00000000d5580000)
  object space 68608K, 82% used [0x0000000080000000,0x0000000083725930,0x0000000084300000)
 Metaspace       used 63180K, committed 64576K, reserved 1114112K
  class space    used 7910K, committed 8512K, reserved 1048576K
}
Event: 8.811 GC heap before
{Heap before GC invocations=54 (full 3):
 PSYoungGen      total 16384K, used 15951K [0x00000000d5580000, 0x00000000d6700000, 0x0000000100000000)
  eden space 14848K, 100% used [0x00000000d5580000,0x00000000d6400000,0x00000000d6400000)
  from space 1536K, 71% used [0x00000000d6580000,0x00000000d6693cd8,0x00000000d6700000)
  to   space 1536K, 0% used [0x00000000d6400000,0x00000000d6400000,0x00000000d6580000)
 ParOldGen       total 68608K, used 56472K [0x0000000080000000, 0x0000000084300000, 0x00000000d5580000)
  object space 68608K, 82% used [0x0000000080000000,0x00000000837261f0,0x0000000084300000)
 Metaspace       used 63188K, committed 64576K, reserved 1114112K
  class space    used 7910K, committed 8512K, reserved 1048576K
}
Event: 8.814 GC heap after
{Heap after GC invocations=54 (full 3):
 PSYoungGen      total 16384K, used 1453K [0x00000000d5580000, 0x00000000d6700000, 0x0000000100000000)
  eden space 14848K, 0% used [0x00000000d5580000,0x00000000d5580000,0x00000000d6400000)
  from space 1536K, 94% used [0x00000000d6400000,0x00000000d656b688,0x00000000d6580000)
  to   space 1536K, 0% used [0x00000000d6580000,0x00000000d6580000,0x00000000d6700000)
 ParOldGen       total 68608K, used 57407K [0x0000000080000000, 0x0000000084300000, 0x00000000d5580000)
  object space 68608K, 83% used [0x0000000080000000,0x000000008380fcb8,0x0000000084300000)
 Metaspace       used 63188K, committed 64576K, reserved 1114112K
  class space    used 7910K, committed 8512K, reserved 1048576K
}
Event: 8.842 GC heap before
{Heap before GC invocations=55 (full 3):
 PSYoungGen      total 16384K, used 16301K [0x00000000d5580000, 0x00000000d6700000, 0x0000000100000000)
  eden space 14848K, 100% used [0x00000000d5580000,0x00000000d6400000,0x00000000d6400000)
  from space 1536K, 94% used [0x00000000d6400000,0x00000000d656b688,0x00000000d6580000)
  to   space 1536K, 0% used [0x00000000d6580000,0x00000000d6580000,0x00000000d6700000)
 ParOldGen       total 68608K, used 57407K [0x0000000080000000, 0x0000000084300000, 0x00000000d5580000)
  object space 68608K, 83% used [0x0000000080000000,0x000000008380fcb8,0x0000000084300000)
 Metaspace       used 63196K, committed 64576K, reserved 1114112K
  class space    used 7910K, committed 8512K, reserved 1048576K
}
Event: 8.845 GC heap after
{Heap after GC invocations=55 (full 3):
 PSYoungGen      total 16384K, used 1170K [0x00000000d5580000, 0x00000000d6700000, 0x0000000100000000)
  eden space 14848K, 0% used [0x00000000d5580000,0x00000000d5580000,0x00000000d6400000)
  from space 1536K, 76% used [0x00000000d6580000,0x00000000d66a48b8,0x00000000d6700000)
  to   space 1536K, 0% used [0x00000000d6400000,0x00000000d6400000,0x00000000d6580000)
 ParOldGen       total 68608K, used 58697K [0x0000000080000000, 0x0000000084300000, 0x00000000d5580000)
  object space 68608K, 85% used [0x0000000080000000,0x00000000839525d0,0x0000000084300000)
 Metaspace       used 63196K, committed 64576K, reserved 1114112K
  class space    used 7910K, committed 8512K, reserved 1048576K
}
Event: 8.955 GC heap before
{Heap before GC invocations=56 (full 3):
 PSYoungGen      total 16384K, used 16000K [0x00000000d5580000, 0x00000000d6700000, 0x0000000100000000)
  eden space 14848K, 99% used [0x00000000d5580000,0x00000000d63fb940,0x00000000d6400000)
  from space 1536K, 76% used [0x00000000d6580000,0x00000000d66a48b8,0x00000000d6700000)
  to   space 1536K, 0% used [0x00000000d6400000,0x00000000d6400000,0x00000000d6580000)
 ParOldGen       total 68608K, used 58697K [0x0000000080000000, 0x0000000084300000, 0x00000000d5580000)
  object space 68608K, 85% used [0x0000000080000000,0x00000000839525d0,0x0000000084300000)
 Metaspace       used 63889K, committed 65216K, reserved 1114112K
  class space    used 8002K, committed 8576K, reserved 1048576K
}
Event: 8.958 GC heap after
{Heap after GC invocations=56 (full 3):
 PSYoungGen      total 16384K, used 1321K [0x00000000d5580000, 0x00000000d6700000, 0x0000000100000000)
  eden space 14848K, 0% used [0x00000000d5580000,0x00000000d5580000,0x00000000d6400000)
  from space 1536K, 86% used [0x00000000d6400000,0x00000000d654a580,0x00000000d6580000)
  to   space 1536K, 0% used [0x00000000d6580000,0x00000000d6580000,0x00000000d6700000)
 ParOldGen       total 68608K, used 59542K [0x0000000080000000, 0x0000000084300000, 0x00000000d5580000)
  object space 68608K, 86% used [0x0000000080000000,0x0000000083a25928,0x0000000084300000)
 Metaspace       used 63889K, committed 65216K, reserved 1114112K
  class space    used 8002K, committed 8576K, reserved 1048576K
}
Event: 9.118 GC heap before
{Heap before GC invocations=57 (full 3):
 PSYoungGen      total 16384K, used 16128K [0x00000000d5580000, 0x00000000d6700000, 0x0000000100000000)
  eden space 14848K, 99% used [0x00000000d5580000,0x00000000d63f5d10,0x00000000d6400000)
  from space 1536K, 86% used [0x00000000d6400000,0x00000000d654a580,0x00000000d6580000)
  to   space 1536K, 0% used [0x00000000d6580000,0x00000000d6580000,0x00000000d6700000)
 ParOldGen       total 68608K, used 59542K [0x0000000080000000, 0x0000000084300000, 0x00000000d5580000)
  object space 68608K, 86% used [0x0000000080000000,0x0000000083a25928,0x0000000084300000)
 Metaspace       used 65138K, committed 66560K, reserved 1114112K
  class space    used 8193K, committed 8832K, reserved 1048576K
}
Event: 9.120 GC heap after
{Heap after GC invocations=57 (full 3):
 PSYoungGen      total 15360K, used 384K [0x00000000d5580000, 0x00000000d6600000, 0x0000000100000000)
  eden space 14848K, 0% used [0x00000000d5580000,0x00000000d5580000,0x00000000d6400000)
  from space 512K, 75% used [0x00000000d6580000,0x00000000d65e0000,0x00000000d6600000)
  to   space 1024K, 0% used [0x00000000d6400000,0x00000000d6400000,0x00000000d6500000)
 ParOldGen       total 68608K, used 60683K [0x0000000080000000, 0x0000000084300000, 0x00000000d5580000)
  object space 68608K, 88% used [0x0000000080000000,0x0000000083b42e68,0x0000000084300000)
 Metaspace       used 65138K, committed 66560K, reserved 1114112K
  class space    used 8193K, committed 8832K, reserved 1048576K
}
Event: 9.241 GC heap before
{Heap before GC invocations=58 (full 3):
 PSYoungGen      total 15360K, used 15232K [0x00000000d5580000, 0x00000000d6600000, 0x0000000100000000)
  eden space 14848K, 100% used [0x00000000d5580000,0x00000000d6400000,0x00000000d6400000)
  from space 512K, 75% used [0x00000000d6580000,0x00000000d65e0000,0x00000000d6600000)
  to   space 1024K, 0% used [0x00000000d6400000,0x00000000d6400000,0x00000000d6500000)
 ParOldGen       total 68608K, used 60747K [0x0000000080000000, 0x0000000084300000, 0x00000000d5580000)
  object space 68608K, 88% used [0x0000000080000000,0x0000000083b52e78,0x0000000084300000)
 Metaspace       used 66165K, committed 67648K, reserved 1114112K
  class space    used 8368K, committed 9024K, reserved 1048576K
}
Event: 9.243 GC heap after
{Heap after GC invocations=58 (full 3):
 PSYoungGen      total 15872K, used 619K [0x00000000d5580000, 0x00000000d6600000, 0x0000000100000000)
  eden space 14848K, 0% used [0x00000000d5580000,0x00000000d5580000,0x00000000d6400000)
  from space 1024K, 60% used [0x00000000d6400000,0x00000000d649af98,0x00000000d6500000)
  to   space 1024K, 0% used [0x00000000d6500000,0x00000000d6500000,0x00000000d6600000)
 ParOldGen       total 68608K, used 61019K [0x0000000080000000, 0x0000000084300000, 0x00000000d5580000)
  object space 68608K, 88% used [0x0000000080000000,0x0000000083b96e78,0x0000000084300000)
 Metaspace       used 66165K, committed 67648K, reserved 1114112K
  class space    used 8368K, committed 9024K, reserved 1048576K
}
Event: 9.379 GC heap before
{Heap before GC invocations=59 (full 3):
 PSYoungGen      total 15872K, used 15467K [0x00000000d5580000, 0x00000000d6600000, 0x0000000100000000)
  eden space 14848K, 100% used [0x00000000d5580000,0x00000000d6400000,0x00000000d6400000)
  from space 1024K, 60% used [0x00000000d6400000,0x00000000d649af98,0x00000000d6500000)
  to   space 1024K, 0% used [0x00000000d6500000,0x00000000d6500000,0x00000000d6600000)
 ParOldGen       total 68608K, used 61022K [0x0000000080000000, 0x0000000084300000, 0x00000000d5580000)
  object space 68608K, 88% used [0x0000000080000000,0x0000000083b97918,0x0000000084300000)
 Metaspace       used 67432K, committed 68928K, reserved 1114112K
  class space    used 8514K, committed 9152K, reserved 1048576K
}
Event: 9.380 GC heap after
{Heap after GC invocations=59 (full 3):
 PSYoungGen      total 15360K, used 384K [0x00000000d5580000, 0x00000000d6580000, 0x0000000100000000)
  eden space 14848K, 0% used [0x00000000d5580000,0x00000000d5580000,0x00000000d6400000)
  from space 512K, 75% used [0x00000000d6500000,0x00000000d6560010,0x00000000d6580000)
  to   space 512K, 0% used [0x00000000d6480000,0x00000000d6480000,0x00000000d6500000)
 ParOldGen       total 68608K, used 61470K [0x0000000080000000, 0x0000000084300000, 0x00000000d5580000)
  object space 68608K, 89% used [0x0000000080000000,0x0000000083c07918,0x0000000084300000)
 Metaspace       used 67432K, committed 68928K, reserved 1114112K
  class space    used 8514K, committed 9152K, reserved 1048576K
}
Event: 9.519 GC heap before
{Heap before GC invocations=60 (full 3):
 PSYoungGen      total 15360K, used 15232K [0x00000000d5580000, 0x00000000d6580000, 0x0000000100000000)
  eden space 14848K, 100% used [0x00000000d5580000,0x00000000d6400000,0x00000000d6400000)
  from space 512K, 75% used [0x00000000d6500000,0x00000000d6560010,0x00000000d6580000)
  to   space 512K, 0% used [0x00000000d6480000,0x00000000d6480000,0x00000000d6500000)
 ParOldGen       total 68608K, used 61470K [0x0000000080000000, 0x0000000084300000, 0x00000000d5580000)
  object space 68608K, 89% used [0x0000000080000000,0x0000000083c07918,0x0000000084300000)
 Metaspace       used 68294K, committed 69760K, reserved 1114112K
  class space    used 8567K, committed 9216K, reserved 1048576K
}
Event: 9.521 GC heap after
{Heap after GC invocations=60 (full 3):
 PSYoungGen      total 15360K, used 510K [0x00000000d5580000, 0x00000000d6800000, 0x0000000100000000)
  eden space 14848K, 0% used [0x00000000d5580000,0x00000000d5580000,0x00000000d6400000)
  from space 512K, 99% used [0x00000000d6480000,0x00000000d64ff988,0x00000000d6500000)
  to   space 2048K, 0% used [0x00000000d6600000,0x00000000d6600000,0x00000000d6800000)
 ParOldGen       total 68608K, used 62386K [0x0000000080000000, 0x0000000084300000, 0x00000000d5580000)
  object space 68608K, 90% used [0x0000000080000000,0x0000000083ceca88,0x0000000084300000)
 Metaspace       used 68294K, committed 69760K, reserved 1114112K
  class space    used 8567K, committed 9216K, reserved 1048576K
}
Event: 9.597 GC heap before
{Heap before GC invocations=61 (full 3):
 PSYoungGen      total 15360K, used 15251K [0x00000000d5580000, 0x00000000d6800000, 0x0000000100000000)
  eden space 14848K, 99% used [0x00000000d5580000,0x00000000d63e5598,0x00000000d6400000)
  from space 512K, 99% used [0x00000000d6480000,0x00000000d64ff988,0x00000000d6500000)
  to   space 2048K, 0% used [0x00000000d6600000,0x00000000d6600000,0x00000000d6800000)
 ParOldGen       total 68608K, used 62386K [0x0000000080000000, 0x0000000084300000, 0x00000000d5580000)
  object space 68608K, 90% used [0x0000000080000000,0x0000000083ceca88,0x0000000084300000)
 Metaspace       used 68316K, committed 69824K, reserved 1114112K
  class space    used 8567K, committed 9216K, reserved 1048576K
}
Event: 9.598 GC heap after
{Heap after GC invocations=61 (full 3):
 PSYoungGen      total 16384K, used 1156K [0x00000000d5580000, 0x00000000d6780000, 0x0000000100000000)
  eden space 14848K, 0% used [0x00000000d5580000,0x00000000d5580000,0x00000000d6400000)
  from space 1536K, 75% used [0x00000000d6600000,0x00000000d6721038,0x00000000d6780000)
  to   space 1536K, 0% used [0x00000000d6480000,0x00000000d6480000,0x00000000d6600000)
 ParOldGen       total 68608K, used 62570K [0x0000000080000000, 0x0000000084300000, 0x00000000d5580000)
  object space 68608K, 91% used [0x0000000080000000,0x0000000083d1aaa8,0x0000000084300000)
 Metaspace       used 68316K, committed 69824K, reserved 1114112K
  class space    used 8567K, committed 9216K, reserved 1048576K
}
Event: 9.677 GC heap before
{Heap before GC invocations=62 (full 3):
 PSYoungGen      total 16384K, used 16004K [0x00000000d5580000, 0x00000000d6780000, 0x0000000100000000)
  eden space 14848K, 100% used [0x00000000d5580000,0x00000000d6400000,0x00000000d6400000)
  from space 1536K, 75% used [0x00000000d6600000,0x00000000d6721038,0x00000000d6780000)
  to   space 1536K, 0% used [0x00000000d6480000,0x00000000d6480000,0x00000000d6600000)
 ParOldGen       total 68608K, used 62570K [0x0000000080000000, 0x0000000084300000, 0x00000000d5580000)
  object space 68608K, 91% used [0x0000000080000000,0x0000000083d1aaa8,0x0000000084300000)
 Metaspace       used 69038K, committed 70528K, reserved 1114112K
  class space    used 8634K, committed 9280K, reserved 1048576K
}
Event: 9.678 GC heap after
{Heap after GC invocations=62 (full 3):
 PSYoungGen      total 15360K, used 256K [0x00000000d5580000, 0x00000000d6680000, 0x0000000100000000)
  eden space 14848K, 0% used [0x00000000d5580000,0x00000000d5580000,0x00000000d6400000)
  from space 512K, 50% used [0x00000000d6480000,0x00000000d64c0000,0x00000000d6500000)
  to   space 1024K, 0% used [0x00000000d6580000,0x00000000d6580000,0x00000000d6680000)
 ParOldGen       total 68608K, used 62594K [0x0000000080000000, 0x0000000084300000, 0x00000000d5580000)
  object space 68608K, 91% used [0x0000000080000000,0x0000000083d20aa8,0x0000000084300000)
 Metaspace       used 69038K, committed 70528K, reserved 1114112K
  class space    used 8634K, committed 9280K, reserved 1048576K
}

