# JRE version: OpenJDK Runtime Environment Temurin-21.0.10+7 (21.0.10+7) (build 21.0.10+7-LTS)
# Java VM: OpenJDK 64-Bit Server VM Temurin-21.0.10+7 (21.0.10+7-LTS, mixed mode, sharing, tiered, compressed oops, compressed class ptrs, parallel gc, windows-amd64)
GC Precious Log:
 CardTable entry size: 512
 CPUs: 8 total, 8 available
 Memory: 7991M
 Large Page Support: Disabled
 NUMA Support: Disabled
 Compressed Oops: Enabled (32-bit)
 Alignments: Space 512K, Generation 512K, Heap 2M
 Heap Min Capacity: 100M
 Heap Initial Capacity: 100M
 Heap Max Capacity: 2G
 Pre-touch: Disabled
 Parallel Workers: 8
Heap:
 PSYoungGen      total 19968K, used 10391K [0x00000000d5580000, 0x00000000d6f80000, 0x0000000100000000)
  eden space 18944K, 49% used [0x00000000d5580000,0x00000000d5eadfa0,0x00000000d6800000)
  from space 1024K, 96% used [0x00000000d6e80000,0x00000000d6f78010,0x00000000d6f80000)
  to   space 3584K, 0% used [0x00000000d6880000,0x00000000d6880000,0x00000000d6c00000)
 ParOldGen       total 68608K, used 45858K [0x0000000080000000, 0x0000000084300000, 0x00000000d5580000)
  object space 68608K, 66% used [0x0000000080000000,0x0000000082cc8be8,0x0000000084300000)
 Metaspace       used 58360K, committed 59584K, reserved 1114112K
  class space    used 6917K, committed 7424K, reserved 1048576K
GC Heap History (20 events):
Event: 9.869 GC heap before
{Heap before GC invocations=23 (full 2):
 PSYoungGen      total 20480K, used 20450K [0x00000000d5580000, 0x00000000d7600000, 0x0000000100000000)
  eden space 18944K, 99% used [0x00000000d5580000,0x00000000d67ffae8,0x00000000d6800000)
  from space 1536K, 98% used [0x00000000d6d80000,0x00000000d6ef8f98,0x00000000d6f00000)
  to   space 5632K, 0% used [0x00000000d6800000,0x00000000d6800000,0x00000000d6d80000)
 ParOldGen       total 68608K, used 28060K [0x0000000080000000, 0x0000000084300000, 0x00000000d5580000)
  object space 68608K, 40% used [0x0000000080000000,0x0000000081b67228,0x0000000084300000)
 Metaspace       used 50891K, committed 52032K, reserved 1114112K
  class space    used 5742K, committed 6208K, reserved 1048576K
}
Event: 9.872 GC heap after
{Heap after GC invocations=23 (full 2):
 PSYoungGen      total 24576K, used 5625K [0x00000000d5580000, 0x00000000d7900000, 0x0000000100000000)
  eden space 18944K, 0% used [0x00000000d5580000,0x00000000d5580000,0x00000000d6800000)
  from space 5632K, 99% used [0x00000000d6800000,0x00000000d6d7e6b8,0x00000000d6d80000)
  to   space 8704K, 0% used [0x00000000d7080000,0x00000000d7080000,0x00000000d7900000)
 ParOldGen       total 68608K, used 30311K [0x0000000080000000, 0x0000000084300000, 0x00000000d5580000)
  object space 68608K, 44% used [0x0000000080000000,0x0000000081d99cf0,0x0000000084300000)
 Metaspace       used 50891K, committed 52032K, reserved 1114112K
  class space    used 5742K, committed 6208K, reserved 1048576K
}
Event: 10.162 GC heap before
{Heap before GC invocations=24 (full 2):
 PSYoungGen      total 24576K, used 24569K [0x00000000d5580000, 0x00000000d7900000, 0x0000000100000000)
  eden space 18944K, 100% used [0x00000000d5580000,0x00000000d6800000,0x00000000d6800000)
  from space 5632K, 99% used [0x00000000d6800000,0x00000000d6d7e6b8,0x00000000d6d80000)
  to   space 8704K, 0% used [0x00000000d7080000,0x00000000d7080000,0x00000000d7900000)
 ParOldGen       total 68608K, used 30311K [0x0000000080000000, 0x0000000084300000, 0x00000000d5580000)
  object space 68608K, 44% used [0x0000000080000000,0x0000000081d99cf0,0x0000000084300000)
 Metaspace       used 51931K, committed 53120K, reserved 1114112K
  class space    used 5916K, committed 6400K, reserved 1048576K
}
Event: 10.165 GC heap after
{Heap after GC invocations=24 (full 2):
 PSYoungGen      total 19968K, used 880K [0x00000000d5580000, 0x00000000d7180000, 0x0000000100000000)
  eden space 18944K, 0% used [0x00000000d5580000,0x00000000d5580000,0x00000000d6800000)
  from space 1024K, 85% used [0x00000000d7080000,0x00000000d715c010,0x00000000d7180000)
  to   space 3584K, 0% used [0x00000000d6a80000,0x00000000d6a80000,0x00000000d6e00000)
 ParOldGen       total 68608K, used 35926K [0x0000000080000000, 0x0000000084300000, 0x00000000d5580000)
  object space 68608K, 52% used [0x0000000080000000,0x0000000082315bc8,0x0000000084300000)
 Metaspace       used 51931K, committed 53120K, reserved 1114112K
  class space    used 5916K, committed 6400K, reserved 1048576K
}
Event: 10.410 GC heap before
{Heap before GC invocations=25 (full 2):
 PSYoungGen      total 19968K, used 19824K [0x00000000d5580000, 0x00000000d7180000, 0x0000000100000000)
  eden space 18944K, 100% used [0x00000000d5580000,0x00000000d6800000,0x00000000d6800000)
  from space 1024K, 85% used [0x00000000d7080000,0x00000000d715c010,0x00000000d7180000)
  to   space 3584K, 0% used [0x00000000d6a80000,0x00000000d6a80000,0x00000000d6e00000)
 ParOldGen       total 68608K, used 35926K [0x0000000080000000, 0x0000000084300000, 0x00000000d5580000)
  object space 68608K, 52% used [0x0000000080000000,0x0000000082315bc8,0x0000000084300000)
 Metaspace       used 51959K, committed 53184K, reserved 1114112K
  class space    used 5917K, committed 6400K, reserved 1048576K
}
Event: 10.411 GC heap after
{Heap after GC invocations=25 (full 2):
 PSYoungGen      total 22528K, used 576K [0x00000000d5580000, 0x00000000d7100000, 0x0000000100000000)
  eden space 18944K, 0% used [0x00000000d5580000,0x00000000d5580000,0x00000000d6800000)
  from space 3584K, 16% used [0x00000000d6a80000,0x00000000d6b10000,0x00000000d6e00000)
  to   space 1536K, 0% used [0x00000000d6f80000,0x00000000d6f80000,0x00000000d7100000)
 ParOldGen       total 68608K, used 36637K [0x0000000080000000, 0x0000000084300000, 0x00000000d5580000)
  object space 68608K, 53% used [0x0000000080000000,0x00000000823c75a8,0x0000000084300000)
 Metaspace       used 51959K, committed 53184K, reserved 1114112K
  class space    used 5917K, committed 6400K, reserved 1048576K
}
Event: 10.736 GC heap before
{Heap before GC invocations=26 (full 2):
 PSYoungGen      total 22528K, used 19520K [0x00000000d5580000, 0x00000000d7100000, 0x0000000100000000)
  eden space 18944K, 100% used [0x00000000d5580000,0x00000000d6800000,0x00000000d6800000)
  from space 3584K, 16% used [0x00000000d6a80000,0x00000000d6b10000,0x00000000d6e00000)
  to   space 1536K, 0% used [0x00000000d6f80000,0x00000000d6f80000,0x00000000d7100000)
 ParOldGen       total 68608K, used 36637K [0x0000000080000000, 0x0000000084300000, 0x00000000d5580000)
  object space 68608K, 53% used [0x0000000080000000,0x00000000823c75a8,0x0000000084300000)
 Metaspace       used 51961K, committed 53184K, reserved 1114112K
  class space    used 5917K, committed 6400K, reserved 1048576K
}
Event: 10.738 GC heap after
{Heap after GC invocations=26 (full 2):
 PSYoungGen      total 19968K, used 640K [0x00000000d5580000, 0x00000000d7080000, 0x0000000100000000)
  eden space 18944K, 0% used [0x00000000d5580000,0x00000000d5580000,0x00000000d6800000)
  from space 1024K, 62% used [0x00000000d6f80000,0x00000000d7020000,0x00000000d7080000)
  to   space 1024K, 0% used [0x00000000d6e80000,0x00000000d6e80000,0x00000000d6f80000)
 ParOldGen       total 68608K, used 37093K [0x0000000080000000, 0x0000000084300000, 0x00000000d5580000)
  object space 68608K, 54% used [0x0000000080000000,0x00000000824395a8,0x0000000084300000)
 Metaspace       used 51961K, committed 53184K, reserved 1114112K
  class space    used 5917K, committed 6400K, reserved 1048576K
}
Event: 11.006 GC heap before
{Heap before GC invocations=27 (full 2):
 PSYoungGen      total 19968K, used 19584K [0x00000000d5580000, 0x00000000d7080000, 0x0000000100000000)
  eden space 18944K, 100% used [0x00000000d5580000,0x00000000d6800000,0x00000000d6800000)
  from space 1024K, 62% used [0x00000000d6f80000,0x00000000d7020000,0x00000000d7080000)
  to   space 1024K, 0% used [0x00000000d6e80000,0x00000000d6e80000,0x00000000d6f80000)
 ParOldGen       total 68608K, used 37093K [0x0000000080000000, 0x0000000084300000, 0x00000000d5580000)
  object space 68608K, 54% used [0x0000000080000000,0x00000000824395a8,0x0000000084300000)
 Metaspace       used 52117K, committed 53376K, reserved 1114112K
  class space    used 5947K, committed 6464K, reserved 1048576K
}
Event: 11.008 GC heap after
{Heap after GC invocations=27 (full 2):
 PSYoungGen      total 19968K, used 1012K [0x00000000d5580000, 0x00000000d7200000, 0x0000000100000000)
  eden space 18944K, 0% used [0x00000000d5580000,0x00000000d5580000,0x00000000d6800000)
  from space 1024K, 98% used [0x00000000d6e80000,0x00000000d6f7d308,0x00000000d6f80000)
  to   space 2560K, 0% used [0x00000000d6f80000,0x00000000d6f80000,0x00000000d7200000)
 ParOldGen       total 68608K, used 40364K [0x0000000080000000, 0x0000000084300000, 0x00000000d5580000)
  object space 68608K, 58% used [0x0000000080000000,0x000000008276b1d0,0x0000000084300000)
 Metaspace       used 52117K, committed 53376K, reserved 1114112K
  class space    used 5947K, committed 6464K, reserved 1048576K
}
Event: 11.551 GC heap before
{Heap before GC invocations=28 (full 2):
 PSYoungGen      total 19968K, used 19956K [0x00000000d5580000, 0x00000000d7200000, 0x0000000100000000)
  eden space 18944K, 100% used [0x00000000d5580000,0x00000000d6800000,0x00000000d6800000)
  from space 1024K, 98% used [0x00000000d6e80000,0x00000000d6f7d308,0x00000000d6f80000)
  to   space 2560K, 0% used [0x00000000d6f80000,0x00000000d6f80000,0x00000000d7200000)
 ParOldGen       total 68608K, used 40364K [0x0000000080000000, 0x0000000084300000, 0x00000000d5580000)
  object space 68608K, 58% used [0x0000000080000000,0x000000008276b1d0,0x0000000084300000)
 Metaspace       used 53732K, committed 54976K, reserved 1114112K
  class space    used 6249K, committed 6784K, reserved 1048576K
}
Event: 11.554 GC heap after
{Heap after GC invocations=28 (full 2):
 PSYoungGen      total 19968K, used 944K [0x00000000d5580000, 0x00000000d7080000, 0x0000000100000000)
  eden space 18944K, 0% used [0x00000000d5580000,0x00000000d5580000,0x00000000d6800000)
  from space 1024K, 92% used [0x00000000d6f80000,0x00000000d706c010,0x00000000d7080000)
  to   space 2560K, 0% used [0x00000000d6b80000,0x00000000d6b80000,0x00000000d6e00000)
 ParOldGen       total 68608K, used 41379K [0x0000000080000000, 0x0000000084300000, 0x00000000d5580000)
  object space 68608K, 60% used [0x0000000080000000,0x0000000082868ea0,0x0000000084300000)
 Metaspace       used 53732K, committed 54976K, reserved 1114112K
  class space    used 6249K, committed 6784K, reserved 1048576K
}
Event: 12.168 GC heap before
{Heap before GC invocations=29 (full 2):
 PSYoungGen      total 19968K, used 19888K [0x00000000d5580000, 0x00000000d7080000, 0x0000000100000000)
  eden space 18944K, 100% used [0x00000000d5580000,0x00000000d6800000,0x00000000d6800000)
  from space 1024K, 92% used [0x00000000d6f80000,0x00000000d706c010,0x00000000d7080000)
  to   space 2560K, 0% used [0x00000000d6b80000,0x00000000d6b80000,0x00000000d6e00000)
 ParOldGen       total 68608K, used 41379K [0x0000000080000000, 0x0000000084300000, 0x00000000d5580000)
  object space 68608K, 60% used [0x0000000080000000,0x0000000082868ea0,0x0000000084300000)
 Metaspace       used 55906K, committed 57216K, reserved 1114112K
  class space    used 6603K, committed 7168K, reserved 1048576K
}
Event: 12.170 GC heap after
{Heap after GC invocations=29 (full 2):
 PSYoungGen      total 21504K, used 672K [0x00000000d5580000, 0x00000000d7000000, 0x0000000100000000)
  eden space 18944K, 0% used [0x00000000d5580000,0x00000000d5580000,0x00000000d6800000)
  from space 2560K, 26% used [0x00000000d6b80000,0x00000000d6c28010,0x00000000d6e00000)
  to   space 1024K, 0% used [0x00000000d6f00000,0x00000000d6f00000,0x00000000d7000000)
 ParOldGen       total 68608K, used 42211K [0x0000000080000000, 0x0000000084300000, 0x00000000d5580000)
  object space 68608K, 61% used [0x0000000080000000,0x0000000082938ed0,0x0000000084300000)
 Metaspace       used 55906K, committed 57216K, reserved 1114112K
  class space    used 6603K, committed 7168K, reserved 1048576K
}
Event: 14.959 GC heap before
{Heap before GC invocations=30 (full 2):
 PSYoungGen      total 21504K, used 19616K [0x00000000d5580000, 0x00000000d7000000, 0x0000000100000000)
  eden space 18944K, 100% used [0x00000000d5580000,0x00000000d6800000,0x00000000d6800000)
  from space 2560K, 26% used [0x00000000d6b80000,0x00000000d6c28010,0x00000000d6e00000)
  to   space 1024K, 0% used [0x00000000d6f00000,0x00000000d6f00000,0x00000000d7000000)
 ParOldGen       total 68608K, used 42211K [0x0000000080000000, 0x0000000084300000, 0x00000000d5580000)
  object space 68608K, 61% used [0x0000000080000000,0x0000000082938ed0,0x0000000084300000)
 Metaspace       used 57279K, committed 58560K, reserved 1114112K
  class space    used 6765K, committed 7296K, reserved 1048576K
}
Event: 14.961 GC heap after
{Heap after GC invocations=30 (full 2):
 PSYoungGen      total 19968K, used 994K [0x00000000d5580000, 0x00000000d7000000, 0x0000000100000000)
  eden space 18944K, 0% used [0x00000000d5580000,0x00000000d5580000,0x00000000d6800000)
  from space 1024K, 97% used [0x00000000d6f00000,0x00000000d6ff8b48,0x00000000d7000000)
  to   space 1536K, 0% used [0x00000000d6d00000,0x00000000d6d00000,0x00000000d6e80000)
 ParOldGen       total 68608K, used 42722K [0x0000000080000000, 0x0000000084300000, 0x00000000d5580000)
  object space 68608K, 62% used [0x0000000080000000,0x00000000829b8bf0,0x0000000084300000)
 Metaspace       used 57279K, committed 58560K, reserved 1114112K
  class space    used 6765K, committed 7296K, reserved 1048576K
}
Event: 16.045 GC heap before
{Heap before GC invocations=31 (full 2):
 PSYoungGen      total 19968K, used 19938K [0x00000000d5580000, 0x00000000d7000000, 0x0000000100000000)
  eden space 18944K, 100% used [0x00000000d5580000,0x00000000d6800000,0x00000000d6800000)
  from space 1024K, 97% used [0x00000000d6f00000,0x00000000d6ff8b48,0x00000000d7000000)
  to   space 1536K, 0% used [0x00000000d6d00000,0x00000000d6d00000,0x00000000d6e80000)
 ParOldGen       total 68608K, used 42722K [0x0000000080000000, 0x0000000084300000, 0x00000000d5580000)
  object space 68608K, 62% used [0x0000000080000000,0x00000000829b8bf0,0x0000000084300000)
 Metaspace       used 57847K, committed 59136K, reserved 1114112K
  class space    used 6837K, committed 7360K, reserved 1048576K
}
Event: 16.047 GC heap after
{Heap after GC invocations=31 (full 2):
 PSYoungGen      total 20480K, used 1506K [0x00000000d5580000, 0x00000000d6f80000, 0x0000000100000000)
  eden space 18944K, 0% used [0x00000000d5580000,0x00000000d5580000,0x00000000d6800000)
  from space 1536K, 98% used [0x00000000d6d00000,0x00000000d6e78990,0x00000000d6e80000)
  to   space 1024K, 0% used [0x00000000d6e80000,0x00000000d6e80000,0x00000000d6f80000)
 ParOldGen       total 68608K, used 43689K [0x0000000080000000, 0x0000000084300000, 0x00000000d5580000)
  object space 68608K, 63% used [0x0000000080000000,0x0000000082aaa680,0x0000000084300000)
 Metaspace       used 57847K, committed 59136K, reserved 1114112K
  class space    used 6837K, committed 7360K, reserved 1048576K
}
Event: 17.078 GC heap before
{Heap before GC invocations=32 (full 2):
 PSYoungGen      total 20480K, used 20450K [0x00000000d5580000, 0x00000000d6f80000, 0x0000000100000000)
  eden space 18944K, 100% used [0x00000000d5580000,0x00000000d6800000,0x00000000d6800000)
  from space 1536K, 98% used [0x00000000d6d00000,0x00000000d6e78990,0x00000000d6e80000)
  to   space 1024K, 0% used [0x00000000d6e80000,0x00000000d6e80000,0x00000000d6f80000)
 ParOldGen       total 68608K, used 43689K [0x0000000080000000, 0x0000000084300000, 0x00000000d5580000)
  object space 68608K, 63% used [0x0000000080000000,0x0000000082aaa680,0x0000000084300000)
 Metaspace       used 57898K, committed 59136K, reserved 1114112K
  class space    used 6844K, committed 7360K, reserved 1048576K
}
Event: 17.080 GC heap after
{Heap after GC invocations=32 (full 2):
 PSYoungGen      total 19968K, used 992K [0x00000000d5580000, 0x00000000d6f80000, 0x0000000100000000)
  eden space 18944K, 0% used [0x00000000d5580000,0x00000000d5580000,0x00000000d6800000)
  from space 1024K, 96% used [0x00000000d6e80000,0x00000000d6f78010,0x00000000d6f80000)
  to   space 3584K, 0% used [0x00000000d6880000,0x00000000d6880000,0x00000000d6c00000)
 ParOldGen       total 68608K, used 45858K [0x0000000080000000, 0x0000000084300000, 0x00000000d5580000)
  object space 68608K, 66% used [0x0000000080000000,0x0000000082cc8be8,0x0000000084300000)
 Metaspace       used 57898K, committed 59136K, reserved 1114112K
  class space    used 6844K, committed 7360K, reserved 1048576K
}

