# JRE version: OpenJDK Runtime Environment Temurin-21.0.10+7 (21.0.10+7) (build 21.0.10+7-LTS)
# Java VM: OpenJDK 64-Bit Server VM Temurin-21.0.10+7 (21.0.10+7-LTS, mixed mode, sharing, tiered, compressed oops, compressed class ptrs, parallel gc, windows-amd64)
GC Precious Log:
 CardTable entry size: 512
 CPUs: 8 total, 8 available
 Memory: 7991M
 Large Page Support: Disabled
 NUMA Support: Disabled
 Compressed Oops: Enabled (32-bit)
 Alignments: Space 512K, Generation 512K, Heap 2M
 Heap Min Capacity: 100M
 Heap Initial Capacity: 100M
 Heap Max Capacity: 2G
 Pre-touch: Disabled
 Parallel Workers: 8
Heap:
 PSYoungGen      total 23552K, used 5288K [0x00000000d5580000, 0x00000000d7000000, 0x0000000100000000)
  eden space 22016K, 17% used [0x00000000d5580000,0x00000000d593a330,0x00000000d6b00000)
  from space 1536K, 95% used [0x00000000d6e00000,0x00000000d6f70000,0x00000000d6f80000)
  to   space 512K, 0% used [0x00000000d6f80000,0x00000000d6f80000,0x00000000d7000000)
 ParOldGen       total 68608K, used 23000K [0x0000000080000000, 0x0000000084300000, 0x00000000d5580000)
  object space 68608K, 33% used [0x0000000080000000,0x00000000816763f0,0x0000000084300000)
 Metaspace       used 44500K, committed 45632K, reserved 1114112K
  class space    used 4848K, committed 5376K, reserved 1048576K
GC Heap History (20 events):
Event: 14.289 GC heap before
{Heap before GC invocations=10 (full 1):
 PSYoungGen      total 25088K, used 24773K [0x00000000d5580000, 0x00000000d7400000, 0x0000000100000000)
  eden space 24064K, 100% used [0x00000000d5580000,0x00000000d6d00000,0x00000000d6d00000)
  from space 1024K, 69% used [0x00000000d7300000,0x00000000d73b16c0,0x00000000d7400000)
  to   space 2560K, 0% used [0x00000000d6f00000,0x00000000d6f00000,0x00000000d7180000)
 ParOldGen       total 68608K, used 13320K [0x0000000080000000, 0x0000000084300000, 0x00000000d5580000)
  object space 68608K, 19% used [0x0000000080000000,0x0000000080d02108,0x0000000084300000)
 Metaspace       used 26332K, committed 27200K, reserved 1114112K
  class space    used 2594K, committed 2944K, reserved 1048576K
}
Event: 14.291 GC heap after
{Heap after GC invocations=10 (full 1):
 PSYoungGen      total 26112K, used 2542K [0x00000000d5580000, 0x00000000d7380000, 0x0000000100000000)
  eden space 23552K, 0% used [0x00000000d5580000,0x00000000d5580000,0x00000000d6c80000)
  from space 2560K, 99% used [0x00000000d6f00000,0x00000000d717b970,0x00000000d7180000)
  to   space 2048K, 0% used [0x00000000d7180000,0x00000000d7180000,0x00000000d7380000)
 ParOldGen       total 68608K, used 13336K [0x0000000080000000, 0x0000000084300000, 0x00000000d5580000)
  object space 68608K, 19% used [0x0000000080000000,0x0000000080d06108,0x0000000084300000)
 Metaspace       used 26332K, committed 27200K, reserved 1114112K
  class space    used 2594K, committed 2944K, reserved 1048576K
}
Event: 14.747 GC heap before
{Heap before GC invocations=11 (full 1):
 PSYoungGen      total 26112K, used 26094K [0x00000000d5580000, 0x00000000d7380000, 0x0000000100000000)
  eden space 23552K, 100% used [0x00000000d5580000,0x00000000d6c80000,0x00000000d6c80000)
  from space 2560K, 99% used [0x00000000d6f00000,0x00000000d717b970,0x00000000d7180000)
  to   space 2048K, 0% used [0x00000000d7180000,0x00000000d7180000,0x00000000d7380000)
 ParOldGen       total 68608K, used 13336K [0x0000000080000000, 0x0000000084300000, 0x00000000d5580000)
  object space 68608K, 19% used [0x0000000080000000,0x0000000080d06108,0x0000000084300000)
 Metaspace       used 28394K, committed 29248K, reserved 1114112K
  class space    used 2771K, committed 3136K, reserved 1048576K
}
Event: 14.749 GC heap after
{Heap after GC invocations=11 (full 1):
 PSYoungGen      total 25088K, used 1777K [0x00000000d5580000, 0x00000000d7380000, 0x0000000100000000)
  eden space 23040K, 0% used [0x00000000d5580000,0x00000000d5580000,0x00000000d6c00000)
  from space 2048K, 86% used [0x00000000d7180000,0x00000000d733c728,0x00000000d7380000)
  to   space 2560K, 0% used [0x00000000d6e80000,0x00000000d6e80000,0x00000000d7100000)
 ParOldGen       total 68608K, used 15427K [0x0000000080000000, 0x0000000084300000, 0x00000000d5580000)
  object space 68608K, 22% used [0x0000000080000000,0x0000000080f10e60,0x0000000084300000)
 Metaspace       used 28394K, committed 29248K, reserved 1114112K
  class space    used 2771K, committed 3136K, reserved 1048576K
}
Event: 15.249 GC heap before
{Heap before GC invocations=12 (full 1):
 PSYoungGen      total 25088K, used 24817K [0x00000000d5580000, 0x00000000d7380000, 0x0000000100000000)
  eden space 23040K, 100% used [0x00000000d5580000,0x00000000d6c00000,0x00000000d6c00000)
  from space 2048K, 86% used [0x00000000d7180000,0x00000000d733c728,0x00000000d7380000)
  to   space 2560K, 0% used [0x00000000d6e80000,0x00000000d6e80000,0x00000000d7100000)
 ParOldGen       total 68608K, used 15427K [0x0000000080000000, 0x0000000084300000, 0x00000000d5580000)
  object space 68608K, 22% used [0x0000000080000000,0x0000000080f10e60,0x0000000084300000)
 Metaspace       used 31599K, committed 32512K, reserved 1114112K
  class space    used 3214K, committed 3584K, reserved 1048576K
}
Event: 15.250 GC heap after
{Heap after GC invocations=12 (full 1):
 PSYoungGen      total 23552K, used 896K [0x00000000d5580000, 0x00000000d7200000, 0x0000000100000000)
  eden space 22528K, 0% used [0x00000000d5580000,0x00000000d5580000,0x00000000d6b80000)
  from space 1024K, 87% used [0x00000000d6e80000,0x00000000d6f60000,0x00000000d6f80000)
  to   space 1536K, 0% used [0x00000000d7080000,0x00000000d7080000,0x00000000d7200000)
 ParOldGen       total 68608K, used 17112K [0x0000000080000000, 0x0000000084300000, 0x00000000d5580000)
  object space 68608K, 24% used [0x0000000080000000,0x00000000810b63c0,0x0000000084300000)
 Metaspace       used 31599K, committed 32512K, reserved 1114112K
  class space    used 3214K, committed 3584K, reserved 1048576K
}
Event: 15.701 GC heap before
{Heap before GC invocations=13 (full 1):
 PSYoungGen      total 23552K, used 23424K [0x00000000d5580000, 0x00000000d7200000, 0x0000000100000000)
  eden space 22528K, 100% used [0x00000000d5580000,0x00000000d6b80000,0x00000000d6b80000)
  from space 1024K, 87% used [0x00000000d6e80000,0x00000000d6f60000,0x00000000d6f80000)
  to   space 1536K, 0% used [0x00000000d7080000,0x00000000d7080000,0x00000000d7200000)
 ParOldGen       total 68608K, used 17112K [0x0000000080000000, 0x0000000084300000, 0x00000000d5580000)
  object space 68608K, 24% used [0x0000000080000000,0x00000000810b63c0,0x0000000084300000)
 Metaspace       used 33118K, committed 34176K, reserved 1114112K
  class space    used 3410K, committed 3840K, reserved 1048576K
}
Event: 15.702 GC heap after
{Heap after GC invocations=13 (full 1):
 PSYoungGen      total 23040K, used 704K [0x00000000d5580000, 0x00000000d7180000, 0x0000000100000000)
  eden space 22016K, 0% used [0x00000000d5580000,0x00000000d5580000,0x00000000d6b00000)
  from space 1024K, 68% used [0x00000000d7080000,0x00000000d7130000,0x00000000d7180000)
  to   space 1024K, 0% used [0x00000000d6f80000,0x00000000d6f80000,0x00000000d7080000)
 ParOldGen       total 68608K, used 17799K [0x0000000080000000, 0x0000000084300000, 0x00000000d5580000)
  object space 68608K, 25% used [0x0000000080000000,0x0000000081161cf0,0x0000000084300000)
 Metaspace       used 33118K, committed 34176K, reserved 1114112K
  class space    used 3410K, committed 3840K, reserved 1048576K
}
Event: 16.243 GC heap before
{Heap before GC invocations=14 (full 1):
 PSYoungGen      total 23040K, used 19977K [0x00000000d5580000, 0x00000000d7180000, 0x0000000100000000)
  eden space 22016K, 87% used [0x00000000d5580000,0x00000000d68524a0,0x00000000d6b00000)
  from space 1024K, 68% used [0x00000000d7080000,0x00000000d7130000,0x00000000d7180000)
  to   space 1024K, 0% used [0x00000000d6f80000,0x00000000d6f80000,0x00000000d7080000)
 ParOldGen       total 68608K, used 17799K [0x0000000080000000, 0x0000000084300000, 0x00000000d5580000)
  object space 68608K, 25% used [0x0000000080000000,0x0000000081161cf0,0x0000000084300000)
 Metaspace       used 34813K, committed 35840K, reserved 1114112K
  class space    used 3630K, committed 4096K, reserved 1048576K
}
Event: 16.245 GC heap after
{Heap after GC invocations=14 (full 1):
 PSYoungGen      total 23040K, used 1009K [0x00000000d5580000, 0x00000000d7100000, 0x0000000100000000)
  eden space 22016K, 0% used [0x00000000d5580000,0x00000000d5580000,0x00000000d6b00000)
  from space 1024K, 98% used [0x00000000d6f80000,0x00000000d707c628,0x00000000d7080000)
  to   space 512K, 0% used [0x00000000d7080000,0x00000000d7080000,0x00000000d7100000)
 ParOldGen       total 68608K, used 18682K [0x0000000080000000, 0x0000000084300000, 0x00000000d5580000)
  object space 68608K, 27% used [0x0000000080000000,0x000000008123ea30,0x0000000084300000)
 Metaspace       used 34813K, committed 35840K, reserved 1114112K
  class space    used 3630K, committed 4096K, reserved 1048576K
}
Event: 16.245 GC heap before
{Heap before GC invocations=15 (full 2):
 PSYoungGen      total 23040K, used 1009K [0x00000000d5580000, 0x00000000d7100000, 0x0000000100000000)
  eden space 22016K, 0% used [0x00000000d5580000,0x00000000d5580000,0x00000000d6b00000)
  from space 1024K, 98% used [0x00000000d6f80000,0x00000000d707c628,0x00000000d7080000)
  to   space 512K, 0% used [0x00000000d7080000,0x00000000d7080000,0x00000000d7100000)
 ParOldGen       total 68608K, used 18682K [0x0000000080000000, 0x0000000084300000, 0x00000000d5580000)
  object space 68608K, 27% used [0x0000000080000000,0x000000008123ea30,0x0000000084300000)
 Metaspace       used 34813K, committed 35840K, reserved 1114112K
  class space    used 3630K, committed 4096K, reserved 1048576K
}
Event: 16.300 GC heap after
{Heap after GC invocations=15 (full 2):
 PSYoungGen      total 23040K, used 0K [0x00000000d5580000, 0x00000000d7100000, 0x0000000100000000)
  eden space 22016K, 0% used [0x00000000d5580000,0x00000000d5580000,0x00000000d6b00000)
  from space 1024K, 0% used [0x00000000d6f80000,0x00000000d6f80000,0x00000000d7080000)
  to   space 512K, 0% used [0x00000000d7080000,0x00000000d7080000,0x00000000d7100000)
 ParOldGen       total 68608K, used 18846K [0x0000000080000000, 0x0000000084300000, 0x00000000d5580000)
  object space 68608K, 27% used [0x0000000080000000,0x0000000081267a90,0x0000000084300000)
 Metaspace       used 34807K, committed 35840K, reserved 1114112K
  class space    used 3628K, committed 4096K, reserved 1048576K
}
Event: 16.920 GC heap before
{Heap before GC invocations=16 (full 2):
 PSYoungGen      total 23040K, used 22016K [0x00000000d5580000, 0x00000000d7100000, 0x0000000100000000)
  eden space 22016K, 100% used [0x00000000d5580000,0x00000000d6b00000,0x00000000d6b00000)
  from space 1024K, 0% used [0x00000000d6f80000,0x00000000d6f80000,0x00000000d7080000)
  to   space 512K, 0% used [0x00000000d7080000,0x00000000d7080000,0x00000000d7100000)
 ParOldGen       total 68608K, used 18846K [0x0000000080000000, 0x0000000084300000, 0x00000000d5580000)
  object space 68608K, 27% used [0x0000000080000000,0x0000000081267a90,0x0000000084300000)
 Metaspace       used 37389K, committed 38528K, reserved 1114112K
  class space    used 3935K, committed 4416K, reserved 1048576K
}
Event: 16.922 GC heap after
{Heap after GC invocations=16 (full 2):
 PSYoungGen      total 22528K, used 490K [0x00000000d5580000, 0x00000000d7100000, 0x0000000100000000)
  eden space 22016K, 0% used [0x00000000d5580000,0x00000000d5580000,0x00000000d6b00000)
  from space 512K, 95% used [0x00000000d7080000,0x00000000d70fa8a0,0x00000000d7100000)
  to   space 2560K, 0% used [0x00000000d6c00000,0x00000000d6c00000,0x00000000d6e80000)
 ParOldGen       total 68608K, used 20537K [0x0000000080000000, 0x0000000084300000, 0x00000000d5580000)
  object space 68608K, 29% used [0x0000000080000000,0x000000008140e6c0,0x0000000084300000)
 Metaspace       used 37389K, committed 38528K, reserved 1114112K
  class space    used 3935K, committed 4416K, reserved 1048576K
}
Event: 17.502 GC heap before
{Heap before GC invocations=17 (full 2):
 PSYoungGen      total 22528K, used 22506K [0x00000000d5580000, 0x00000000d7100000, 0x0000000100000000)
  eden space 22016K, 100% used [0x00000000d5580000,0x00000000d6b00000,0x00000000d6b00000)
  from space 512K, 95% used [0x00000000d7080000,0x00000000d70fa8a0,0x00000000d7100000)
  to   space 2560K, 0% used [0x00000000d6c00000,0x00000000d6c00000,0x00000000d6e80000)
 ParOldGen       total 68608K, used 20537K [0x0000000080000000, 0x0000000084300000, 0x00000000d5580000)
  object space 68608K, 29% used [0x0000000080000000,0x000000008140e6c0,0x0000000084300000)
 Metaspace       used 39297K, committed 40384K, reserved 1114112K
  class space    used 4200K, committed 4672K, reserved 1048576K
}
Event: 17.505 GC heap after
{Heap after GC invocations=17 (full 2):
 PSYoungGen      total 24576K, used 1024K [0x00000000d5580000, 0x00000000d7100000, 0x0000000100000000)
  eden space 22016K, 0% used [0x00000000d5580000,0x00000000d5580000,0x00000000d6b00000)
  from space 2560K, 40% used [0x00000000d6c00000,0x00000000d6d00000,0x00000000d6e80000)
  to   space 1536K, 0% used [0x00000000d6f80000,0x00000000d6f80000,0x00000000d7100000)
 ParOldGen       total 68608K, used 20905K [0x0000000080000000, 0x0000000084300000, 0x00000000d5580000)
  object space 68608K, 30% used [0x0000000080000000,0x000000008146a6e0,0x0000000084300000)
 Metaspace       used 39297K, committed 40384K, reserved 1114112K
  class space    used 4200K, committed 4672K, reserved 1048576K
}
Event: 18.508 GC heap before
{Heap before GC invocations=18 (full 2):
 PSYoungGen      total 24576K, used 23040K [0x00000000d5580000, 0x00000000d7100000, 0x0000000100000000)
  eden space 22016K, 100% used [0x00000000d5580000,0x00000000d6b00000,0x00000000d6b00000)
  from space 2560K, 40% used [0x00000000d6c00000,0x00000000d6d00000,0x00000000d6e80000)
  to   space 1536K, 0% used [0x00000000d6f80000,0x00000000d6f80000,0x00000000d7100000)
 ParOldGen       total 68608K, used 20905K [0x0000000080000000, 0x0000000084300000, 0x00000000d5580000)
  object space 68608K, 30% used [0x0000000080000000,0x000000008146a6e0,0x0000000084300000)
 Metaspace       used 41784K, committed 42880K, reserved 1114112K
  class space    used 4492K, committed 4992K, reserved 1048576K
}
Event: 18.513 GC heap after
{Heap after GC invocations=18 (full 2):
 PSYoungGen      total 23552K, used 1408K [0x00000000d5580000, 0x00000000d7100000, 0x0000000100000000)
  eden space 22016K, 0% used [0x00000000d5580000,0x00000000d5580000,0x00000000d6b00000)
  from space 1536K, 91% used [0x00000000d6f80000,0x00000000d70e0000,0x00000000d7100000)
  to   space 1536K, 0% used [0x00000000d6e00000,0x00000000d6e00000,0x00000000d6f80000)
 ParOldGen       total 68608K, used 21745K [0x0000000080000000, 0x0000000084300000, 0x00000000d5580000)
  object space 68608K, 31% used [0x0000000080000000,0x000000008153c6e0,0x0000000084300000)
 Metaspace       used 41784K, committed 42880K, reserved 1114112K
  class space    used 4492K, committed 4992K, reserved 1048576K
}
Event: 21.244 GC heap before
{Heap before GC invocations=19 (full 2):
 PSYoungGen      total 23552K, used 23422K [0x00000000d5580000, 0x00000000d7100000, 0x0000000100000000)
  eden space 22016K, 99% used [0x00000000d5580000,0x00000000d6affa30,0x00000000d6b00000)
  from space 1536K, 91% used [0x00000000d6f80000,0x00000000d70e0000,0x00000000d7100000)
  to   space 1536K, 0% used [0x00000000d6e00000,0x00000000d6e00000,0x00000000d6f80000)
 ParOldGen       total 68608K, used 21745K [0x0000000080000000, 0x0000000084300000, 0x00000000d5580000)
  object space 68608K, 31% used [0x0000000080000000,0x000000008153c6e0,0x0000000084300000)
 Metaspace       used 44116K, committed 45248K, reserved 1114112K
  class space    used 4809K, committed 5312K, reserved 1048576K
}
Event: 21.246 GC heap after
{Heap after GC invocations=19 (full 2):
 PSYoungGen      total 23552K, used 1472K [0x00000000d5580000, 0x00000000d7000000, 0x0000000100000000)
  eden space 22016K, 0% used [0x00000000d5580000,0x00000000d5580000,0x00000000d6b00000)
  from space 1536K, 95% used [0x00000000d6e00000,0x00000000d6f70000,0x00000000d6f80000)
  to   space 512K, 0% used [0x00000000d6f80000,0x00000000d6f80000,0x00000000d7000000)
 ParOldGen       total 68608K, used 23000K [0x0000000080000000, 0x0000000084300000, 0x00000000d5580000)
  object space 68608K, 33% used [0x0000000080000000,0x00000000816763f0,0x0000000084300000)
 Metaspace       used 44116K, committed 45248K, reserved 1114112K
  class space    used 4809K, committed 5312K, reserved 1048576K
}

