# JRE version: Java(TM) SE Runtime Environment (21.0.5+9) (build 21.0.5+9-LTS-239)
# Java VM: Java HotSpot(TM) 64-Bit Server VM (21.0.5+9-LTS-239, mixed mode, sharing, tiered, compressed oops, compressed class ptrs, g1 gc, windows-amd64)
GC Precious Log:
 CardTable entry size: 512
 Card Set container configuration: InlinePtr #cards 5 size 8 Array Of Cards #cards 12 size 40 Howl #buckets 4 coarsen threshold 1843 Howl Bitmap #cards 512 size 80 coarsen threshold 460 Card regions per heap region 1 cards per card region 2048
 CPUs: 8 total, 8 available
 Memory: 7991M
 Large Page Support: Disabled
 NUMA Support: Disabled
 Compressed Oops: Enabled (32-bit)
 Heap Region Size: 1M
 Heap Min Capacity: 256M
 Heap Initial Capacity: 256M
 Heap Max Capacity: 512M
 Pre-touch: Disabled
 Parallel Workers: 8
 Concurrent Workers: 2
 Concurrent Refinement Workers: 8
 Periodic GC: Disabled
Heap:
 garbage-first heap   total 262144K, used 91554K [0x00000000e0000000, 0x0000000100000000)
  region size 1024K, 42 young (43008K), 4 survivors (4096K)
 Metaspace       used 60743K, committed 62848K, reserved 393216K
  class space    used 8484K, committed 9536K, reserved 327680K
GC Heap History (20 events):
Event: 0.412 GC heap before
{Heap before GC invocations=0 (full 0):
 garbage-first heap   total 262144K, used 22528K [0x00000000e0000000, 0x0000000100000000)
  region size 1024K, 23 young (23552K), 0 survivors (0K)
 Metaspace       used 917K, committed 1088K, reserved 393216K
  class space    used 69K, committed 128K, reserved 327680K
}
Event: 0.416 GC heap after
{Heap after GC invocations=1 (full 0):
 garbage-first heap   total 262144K, used 1543K [0x00000000e0000000, 0x0000000100000000)
  region size 1024K, 2 young (2048K), 2 survivors (2048K)
 Metaspace       used 917K, committed 1088K, reserved 393216K
  class space    used 69K, committed 128K, reserved 327680K
}
Event: 1.007 GC heap before
{Heap before GC invocations=1 (full 0):
 garbage-first heap   total 262144K, used 40455K [0x00000000e0000000, 0x0000000100000000)
  region size 1024K, 38 young (38912K), 2 survivors (2048K)
 Metaspace       used 4363K, committed 4544K, reserved 393216K
  class space    used 539K, committed 640K, reserved 327680K
}
Event: 1.012 GC heap after
{Heap after GC invocations=2 (full 0):
 garbage-first heap   total 262144K, used 11204K [0x00000000e0000000, 0x0000000100000000)
  region size 1024K, 5 young (5120K), 5 survivors (5120K)
 Metaspace       used 4363K, committed 4544K, reserved 393216K
  class space    used 539K, committed 640K, reserved 327680K
}
Event: 1.678 GC heap before
{Heap before GC invocations=2 (full 0):
 garbage-first heap   total 262144K, used 64452K [0x00000000e0000000, 0x0000000100000000)
  region size 1024K, 55 young (56320K), 5 survivors (5120K)
 Metaspace       used 5468K, committed 5696K, reserved 393216K
  class space    used 715K, committed 832K, reserved 327680K
}
Event: 1.684 GC heap after
{Heap after GC invocations=3 (full 0):
 garbage-first heap   total 262144K, used 16933K [0x00000000e0000000, 0x0000000100000000)
  region size 1024K, 5 young (5120K), 5 survivors (5120K)
 Metaspace       used 5468K, committed 5696K, reserved 393216K
  class space    used 715K, committed 832K, reserved 327680K
}
Event: 4.467 GC heap before
{Heap before GC invocations=3 (full 0):
 garbage-first heap   total 262144K, used 108069K [0x00000000e0000000, 0x0000000100000000)
  region size 1024K, 95 young (97280K), 5 survivors (5120K)
 Metaspace       used 20806K, committed 21504K, reserved 393216K
  class space    used 2965K, committed 3328K, reserved 327680K
}
Event: 4.477 GC heap after
{Heap after GC invocations=4 (full 0):
 garbage-first heap   total 262144K, used 23995K [0x00000000e0000000, 0x0000000100000000)
  region size 1024K, 12 young (12288K), 12 survivors (12288K)
 Metaspace       used 20806K, committed 21504K, reserved 393216K
  class space    used 2965K, committed 3328K, reserved 327680K
}
Event: 6.953 GC heap before
{Heap before GC invocations=5 (full 0):
 garbage-first heap   total 262144K, used 132539K [0x00000000e0000000, 0x0000000100000000)
  region size 1024K, 120 young (122880K), 12 survivors (12288K)
 Metaspace       used 34901K, committed 35968K, reserved 393216K
  class space    used 4893K, committed 5440K, reserved 327680K
}
Event: 6.986 GC heap after
{Heap after GC invocations=6 (full 0):
 garbage-first heap   total 262144K, used 32363K [0x00000000e0000000, 0x0000000100000000)
  region size 1024K, 16 young (16384K), 16 survivors (16384K)
 Metaspace       used 34901K, committed 35968K, reserved 393216K
  class space    used 4893K, committed 5440K, reserved 327680K
}
Event: 7.072 GC heap before
{Heap before GC invocations=6 (full 0):
 garbage-first heap   total 262144K, used 35435K [0x00000000e0000000, 0x0000000100000000)
  region size 1024K, 20 young (20480K), 16 survivors (16384K)
 Metaspace       used 35192K, committed 36288K, reserved 393216K
  class space    used 4936K, committed 5504K, reserved 327680K
}
Event: 7.095 GC heap after
{Heap after GC invocations=7 (full 0):
 garbage-first heap   total 262144K, used 32488K [0x00000000e0000000, 0x0000000100000000)
  region size 1024K, 9 young (9216K), 9 survivors (9216K)
 Metaspace       used 35192K, committed 36288K, reserved 393216K
  class space    used 4936K, committed 5504K, reserved 327680K
}
Event: 7.186 GC heap before
{Heap before GC invocations=7 (full 0):
 garbage-first heap   total 262144K, used 34536K [0x00000000e0000000, 0x0000000100000000)
  region size 1024K, 12 young (12288K), 9 survivors (9216K)
 Metaspace       used 35447K, committed 36608K, reserved 393216K
  class space    used 4985K, committed 5568K, reserved 327680K
}
Event: 7.197 GC heap after
{Heap after GC invocations=8 (full 0):
 garbage-first heap   total 262144K, used 32765K [0x00000000e0000000, 0x0000000100000000)
  region size 1024K, 9 young (9216K), 9 survivors (9216K)
 Metaspace       used 35447K, committed 36608K, reserved 393216K
  class space    used 4985K, committed 5568K, reserved 327680K
}
Event: 13.156 GC heap before
{Heap before GC invocations=9 (full 0):
 garbage-first heap   total 262144K, used 186365K [0x00000000e0000000, 0x0000000100000000)
  region size 1024K, 153 young (156672K), 9 survivors (9216K)
 Metaspace       used 51180K, committed 53056K, reserved 393216K
  class space    used 7267K, committed 8192K, reserved 327680K
}
Event: 13.185 GC heap after
{Heap after GC invocations=10 (full 0):
 garbage-first heap   total 262144K, used 40450K [0x00000000e0000000, 0x0000000100000000)
  region size 1024K, 17 young (17408K), 17 survivors (17408K)
 Metaspace       used 51180K, committed 53056K, reserved 393216K
  class space    used 7267K, committed 8192K, reserved 327680K
}
Event: 18.482 GC heap before
{Heap before GC invocations=10 (full 0):
 garbage-first heap   total 262144K, used 179714K [0x00000000e0000000, 0x0000000100000000)
  region size 1024K, 153 young (156672K), 17 survivors (17408K)
 Metaspace       used 58139K, committed 60160K, reserved 393216K
  class space    used 8145K, committed 9152K, reserved 327680K
}
Event: 18.525 GC heap after
{Heap after GC invocations=11 (full 0):
 garbage-first heap   total 262144K, used 51254K [0x00000000e0000000, 0x0000000100000000)
  region size 1024K, 20 young (20480K), 20 survivors (20480K)
 Metaspace       used 58139K, committed 60160K, reserved 393216K
  class space    used 8145K, committed 9152K, reserved 327680K
}
Event: 20.271 GC heap before
{Heap before GC invocations=11 (full 0):
 garbage-first heap   total 262144K, used 104502K [0x00000000e0000000, 0x0000000100000000)
  region size 1024K, 73 young (74752K), 20 survivors (20480K)
 Metaspace       used 59245K, committed 61248K, reserved 393216K
  class space    used 8283K, committed 9280K, reserved 327680K
}
Event: 20.304 GC heap after
{Heap after GC invocations=12 (full 0):
 garbage-first heap   total 262144K, used 53666K [0x00000000e0000000, 0x0000000100000000)
  region size 1024K, 4 young (4096K), 4 survivors (4096K)
 Metaspace       used 59245K, committed 61248K, reserved 393216K
  class space    used 8283K, committed 9280K, reserved 327680K
}

