# JRE version: Java(TM) SE Runtime Environment (21.0.5+9) (build 21.0.5+9-LTS-239)
# Java VM: Java HotSpot(TM) 64-Bit Server VM (21.0.5+9-LTS-239, mixed mode, sharing, tiered, compressed oops, compressed class ptrs, g1 gc, windows-amd64)
GC Precious Log:
 CardTable entry size: 512
 Card Set container configuration: InlinePtr #cards 5 size 8 Array Of Cards #cards 12 size 40 Howl #buckets 4 coarsen threshold 1843 Howl Bitmap #cards 512 size 80 coarsen threshold 460 Card regions per heap region 1 cards per card region 2048
 CPUs: 8 total, 8 available
 Memory: 7991M
 Large Page Support: Disabled
 NUMA Support: Disabled
 Compressed Oops: Enabled (32-bit)
 Heap Region Size: 1M
 Heap Min Capacity: 256M
 Heap Initial Capacity: 256M
 Heap Max Capacity: 512M
 Pre-touch: Disabled
 Parallel Workers: 8
 Concurrent Workers: 2
 Concurrent Refinement Workers: 8
 Periodic GC: Disabled
Heap:
 garbage-first heap   total 262144K, used 166371K [0x00000000e0000000, 0x0000000100000000)
  region size 1024K, 133 young (136192K), 19 survivors (19456K)
 Metaspace       used 60711K, committed 62784K, reserved 393216K
  class space    used 8508K, committed 9536K, reserved 327680K
GC Heap History (14 events):
Event: 0.391 GC heap before
{Heap before GC invocations=0 (full 0):
 garbage-first heap   total 262144K, used 23552K [0x00000000e0000000, 0x0000000100000000)
  region size 1024K, 23 young (23552K), 0 survivors (0K)
 Metaspace       used 896K, committed 1024K, reserved 393216K
  class space    used 69K, committed 128K, reserved 327680K
}
Event: 0.394 GC heap after
{Heap after GC invocations=1 (full 0):
 garbage-first heap   total 262144K, used 1535K [0x00000000e0000000, 0x0000000100000000)
  region size 1024K, 2 young (2048K), 2 survivors (2048K)
 Metaspace       used 896K, committed 1024K, reserved 393216K
  class space    used 69K, committed 128K, reserved 327680K
}
Event: 1.094 GC heap before
{Heap before GC invocations=1 (full 0):
 garbage-first heap   total 262144K, used 40447K [0x00000000e0000000, 0x0000000100000000)
  region size 1024K, 38 young (38912K), 2 survivors (2048K)
 Metaspace       used 4388K, committed 4608K, reserved 393216K
  class space    used 541K, committed 640K, reserved 327680K
}
Event: 1.100 GC heap after
{Heap after GC invocations=2 (full 0):
 garbage-first heap   total 262144K, used 10648K [0x00000000e0000000, 0x0000000100000000)
  region size 1024K, 5 young (5120K), 5 survivors (5120K)
 Metaspace       used 4388K, committed 4608K, reserved 393216K
  class space    used 541K, committed 640K, reserved 327680K
}
Event: 2.544 GC heap before
{Heap before GC invocations=2 (full 0):
 garbage-first heap   total 262144K, used 75160K [0x00000000e0000000, 0x0000000100000000)
  region size 1024K, 66 young (67584K), 5 survivors (5120K)
 Metaspace       used 8510K, committed 8832K, reserved 393216K
  class space    used 1121K, committed 1280K, reserved 327680K
}
Event: 2.551 GC heap after
{Heap after GC invocations=3 (full 0):
 garbage-first heap   total 262144K, used 17936K [0x00000000e0000000, 0x0000000100000000)
  region size 1024K, 9 young (9216K), 9 survivors (9216K)
 Metaspace       used 8510K, committed 8832K, reserved 393216K
  class space    used 1121K, committed 1280K, reserved 327680K
}
Event: 6.505 GC heap before
{Heap before GC invocations=3 (full 0):
 garbage-first heap   total 262144K, used 95760K [0x00000000e0000000, 0x0000000100000000)
  region size 1024K, 86 young (88064K), 9 survivors (9216K)
 Metaspace       used 20779K, committed 21504K, reserved 393216K
  class space    used 2971K, committed 3328K, reserved 327680K
}
Event: 6.529 GC heap after
{Heap after GC invocations=4 (full 0):
 garbage-first heap   total 262144K, used 24080K [0x00000000e0000000, 0x0000000100000000)
  region size 1024K, 15 young (15360K), 15 survivors (15360K)
 Metaspace       used 20779K, committed 21504K, reserved 393216K
  class space    used 2971K, committed 3328K, reserved 327680K
}
Event: 10.510 GC heap before
{Heap before GC invocations=5 (full 0):
 garbage-first heap   total 262144K, used 131600K [0x00000000e0000000, 0x0000000100000000)
  region size 1024K, 122 young (124928K), 15 survivors (15360K)
 Metaspace       used 34869K, committed 35968K, reserved 393216K
  class space    used 4882K, committed 5440K, reserved 327680K
}
Event: 10.548 GC heap after
{Heap after GC invocations=6 (full 0):
 garbage-first heap   total 262144K, used 32613K [0x00000000e0000000, 0x0000000100000000)
  region size 1024K, 19 young (19456K), 19 survivors (19456K)
 Metaspace       used 34869K, committed 35968K, reserved 393216K
  class space    used 4882K, committed 5440K, reserved 327680K
}
Event: 15.377 GC heap before
{Heap before GC invocations=7 (full 0):
 garbage-first heap   total 262144K, used 175973K [0x00000000e0000000, 0x0000000100000000)
  region size 1024K, 153 young (156672K), 19 survivors (19456K)
 Metaspace       used 49581K, committed 51328K, reserved 393216K
  class space    used 7011K, committed 7872K, reserved 327680K
}
Event: 15.411 GC heap after
{Heap after GC invocations=8 (full 0):
 garbage-first heap   total 262144K, used 39605K [0x00000000e0000000, 0x0000000100000000)
  region size 1024K, 16 young (16384K), 16 survivors (16384K)
 Metaspace       used 49581K, committed 51328K, reserved 393216K
  class space    used 7011K, committed 7872K, reserved 327680K
}
Event: 24.177 GC heap before
{Heap before GC invocations=8 (full 0):
 garbage-first heap   total 262144K, used 163509K [0x00000000e0000000, 0x0000000100000000)
  region size 1024K, 138 young (141312K), 16 survivors (16384K)
 Metaspace       used 58087K, committed 60096K, reserved 393216K
  class space    used 8229K, committed 9216K, reserved 327680K
}
Event: 24.216 GC heap after
{Heap after GC invocations=9 (full 0):
 garbage-first heap   total 262144K, used 51683K [0x00000000e0000000, 0x0000000100000000)
  region size 1024K, 19 young (19456K), 19 survivors (19456K)
 Metaspace       used 58087K, committed 60096K, reserved 393216K
  class space    used 8229K, committed 9216K, reserved 327680K
}

