# JRE version: OpenJDK Runtime Environment Temurin-21.0.10+7 (21.0.10+7) (build 21.0.10+7-LTS)
# Java VM: OpenJDK 64-Bit Server VM Temurin-21.0.10+7 (21.0.10+7-LTS, mixed mode, sharing, tiered, compressed oops, compressed class ptrs, parallel gc, windows-amd64)
GC Precious Log:
 CardTable entry size: 512
 CPUs: 8 total, 8 available
 Memory: 7991M
 Large Page Support: Disabled
 NUMA Support: Disabled
 Compressed Oops: Enabled (32-bit)
 Alignments: Space 512K, Generation 512K, Heap 2M
 Heap Min Capacity: 100M
 Heap Initial Capacity: 100M
 Heap Max Capacity: 2G
 Pre-touch: Disabled
 Parallel Workers: 8
Heap:
 PSYoungGen      total 19968K, used 9884K [0x00000000d5580000, 0x00000000d6d00000, 0x0000000100000000)
  eden space 17920K, 43% used [0x00000000d5580000,0x00000000d5d27ca0,0x00000000d6700000)
  from space 2048K, 99% used [0x00000000d6780000,0x00000000d697f628,0x00000000d6980000)
  to   space 3072K, 0% used [0x00000000d6a00000,0x00000000d6a00000,0x00000000d6d00000)
 ParOldGen       total 108544K, used 108308K [0x0000000080000000, 0x0000000086a00000, 0x00000000d5580000)
  object space 108544K, 99% used [0x0000000080000000,0x00000000869c5148,0x0000000086a00000)
 Metaspace       used 78110K, committed 79680K, reserved 1179648K
  class space    used 8781K, committed 9472K, reserved 1048576K
GC Heap History (20 events):
Event: 33.151 GC heap after
{Heap after GC invocations=80 (full 3):
 PSYoungGen      total 23552K, used 1883K [0x00000000d5580000, 0x00000000d6e80000, 0x0000000100000000)
  eden space 21504K, 0% used [0x00000000d5580000,0x00000000d5580000,0x00000000d6a80000)
  from space 2048K, 91% used [0x00000000d6a80000,0x00000000d6c56d68,0x00000000d6c80000)
  to   space 2048K, 0% used [0x00000000d6c80000,0x00000000d6c80000,0x00000000d6e80000)
 ParOldGen       total 93184K, used 92715K [0x0000000080000000, 0x0000000085b00000, 0x00000000d5580000)
  object space 93184K, 99% used [0x0000000080000000,0x0000000085a8adc0,0x0000000085b00000)
 Metaspace       used 74156K, committed 75712K, reserved 1179648K
  class space    used 8470K, committed 9152K, reserved 1048576K
}
Event: 33.278 GC heap before
{Heap before GC invocations=81 (full 3):
 PSYoungGen      total 23552K, used 23387K [0x00000000d5580000, 0x00000000d6e80000, 0x0000000100000000)
  eden space 21504K, 100% used [0x00000000d5580000,0x00000000d6a80000,0x00000000d6a80000)
  from space 2048K, 91% used [0x00000000d6a80000,0x00000000d6c56d68,0x00000000d6c80000)
  to   space 2048K, 0% used [0x00000000d6c80000,0x00000000d6c80000,0x00000000d6e80000)
 ParOldGen       total 93184K, used 92715K [0x0000000080000000, 0x0000000085b00000, 0x00000000d5580000)
  object space 93184K, 99% used [0x0000000080000000,0x0000000085a8adc0,0x0000000085b00000)
 Metaspace       used 74390K, committed 75904K, reserved 1179648K
  class space    used 8485K, committed 9152K, reserved 1048576K
}
Event: 33.283 GC heap after
{Heap after GC invocations=81 (full 3):
 PSYoungGen      total 19968K, used 2020K [0x00000000d5580000, 0x00000000d7580000, 0x0000000100000000)
  eden space 17920K, 0% used [0x00000000d5580000,0x00000000d5580000,0x00000000d6700000)
  from space 2048K, 98% used [0x00000000d6c80000,0x00000000d6e79220,0x00000000d6e80000)
  to   space 5632K, 0% used [0x00000000d6700000,0x00000000d6700000,0x00000000d6c80000)
 ParOldGen       total 96256K, used 95745K [0x0000000080000000, 0x0000000085e00000, 0x00000000d5580000)
  object space 96256K, 99% used [0x0000000080000000,0x0000000085d807e0,0x0000000085e00000)
 Metaspace       used 74390K, committed 75904K, reserved 1179648K
  class space    used 8485K, committed 9152K, reserved 1048576K
}
Event: 33.380 GC heap before
{Heap before GC invocations=82 (full 3):
 PSYoungGen      total 19968K, used 19940K [0x00000000d5580000, 0x00000000d7580000, 0x0000000100000000)
  eden space 17920K, 100% used [0x00000000d5580000,0x00000000d6700000,0x00000000d6700000)
  from space 2048K, 98% used [0x00000000d6c80000,0x00000000d6e79220,0x00000000d6e80000)
  to   space 5632K, 0% used [0x00000000d6700000,0x00000000d6700000,0x00000000d6c80000)
 ParOldGen       total 96256K, used 95745K [0x0000000080000000, 0x0000000085e00000, 0x00000000d5580000)
  object space 96256K, 99% used [0x0000000080000000,0x0000000085d807e0,0x0000000085e00000)
 Metaspace       used 74552K, committed 76032K, reserved 1179648K
  class space    used 8489K, committed 9152K, reserved 1048576K
}
Event: 33.383 GC heap after
{Heap after GC invocations=82 (full 3):
 PSYoungGen      total 19456K, used 1076K [0x00000000d5580000, 0x00000000d6d00000, 0x0000000100000000)
  eden space 17920K, 0% used [0x00000000d5580000,0x00000000d5580000,0x00000000d6700000)
  from space 1536K, 70% used [0x00000000d6700000,0x00000000d680d220,0x00000000d6880000)
  to   space 2560K, 0% used [0x00000000d6a80000,0x00000000d6a80000,0x00000000d6d00000)
 ParOldGen       total 97792K, used 97591K [0x0000000080000000, 0x0000000085f80000, 0x00000000d5580000)
  object space 97792K, 99% used [0x0000000080000000,0x0000000085f4de08,0x0000000085f80000)
 Metaspace       used 74552K, committed 76032K, reserved 1179648K
  class space    used 8489K, committed 9152K, reserved 1048576K
}
Event: 33.458 GC heap before
{Heap before GC invocations=83 (full 3):
 PSYoungGen      total 19456K, used 18996K [0x00000000d5580000, 0x00000000d6d00000, 0x0000000100000000)
  eden space 17920K, 100% used [0x00000000d5580000,0x00000000d6700000,0x00000000d6700000)
  from space 1536K, 70% used [0x00000000d6700000,0x00000000d680d220,0x00000000d6880000)
  to   space 2560K, 0% used [0x00000000d6a80000,0x00000000d6a80000,0x00000000d6d00000)
 ParOldGen       total 97792K, used 97593K [0x0000000080000000, 0x0000000085f80000, 0x00000000d5580000)
  object space 97792K, 99% used [0x0000000080000000,0x0000000085f4e458,0x0000000085f80000)
 Metaspace       used 74732K, committed 76224K, reserved 1179648K
  class space    used 8490K, committed 9152K, reserved 1048576K
}
Event: 33.461 GC heap after
{Heap after GC invocations=83 (full 3):
 PSYoungGen      total 20480K, used 2420K [0x00000000d5580000, 0x00000000d6d00000, 0x0000000100000000)
  eden space 17920K, 0% used [0x00000000d5580000,0x00000000d5580000,0x00000000d6700000)
  from space 2560K, 94% used [0x00000000d6a80000,0x00000000d6cdd200,0x00000000d6d00000)
  to   space 3072K, 0% used [0x00000000d6700000,0x00000000d6700000,0x00000000d6a00000)
 ParOldGen       total 98816K, used 98473K [0x0000000080000000, 0x0000000086080000, 0x00000000d5580000)
  object space 98816K, 99% used [0x0000000080000000,0x000000008602a730,0x0000000086080000)
 Metaspace       used 74732K, committed 76224K, reserved 1179648K
  class space    used 8490K, committed 9152K, reserved 1048576K
}
Event: 33.525 GC heap before
{Heap before GC invocations=84 (full 3):
 PSYoungGen      total 20480K, used 20340K [0x00000000d5580000, 0x00000000d6d00000, 0x0000000100000000)
  eden space 17920K, 100% used [0x00000000d5580000,0x00000000d6700000,0x00000000d6700000)
  from space 2560K, 94% used [0x00000000d6a80000,0x00000000d6cdd200,0x00000000d6d00000)
  to   space 3072K, 0% used [0x00000000d6700000,0x00000000d6700000,0x00000000d6a00000)
 ParOldGen       total 98816K, used 98476K [0x0000000080000000, 0x0000000086080000, 0x00000000d5580000)
  object space 98816K, 99% used [0x0000000080000000,0x000000008602b288,0x0000000086080000)
 Metaspace       used 74897K, committed 76416K, reserved 1179648K
  class space    used 8490K, committed 9152K, reserved 1048576K
}
Event: 33.529 GC heap after
{Heap after GC invocations=84 (full 3):
 PSYoungGen      total 20992K, used 3060K [0x00000000d5580000, 0x00000000d7300000, 0x0000000100000000)
  eden space 17920K, 0% used [0x00000000d5580000,0x00000000d5580000,0x00000000d6700000)
  from space 3072K, 99% used [0x00000000d6700000,0x00000000d69fd210,0x00000000d6a00000)
  to   space 6144K, 0% used [0x00000000d6d00000,0x00000000d6d00000,0x00000000d7300000)
 ParOldGen       total 101376K, used 100923K [0x0000000080000000, 0x0000000086300000, 0x00000000d5580000)
  object space 101376K, 99% used [0x0000000080000000,0x000000008628efa0,0x0000000086300000)
 Metaspace       used 74897K, committed 76416K, reserved 1179648K
  class space    used 8490K, committed 9152K, reserved 1048576K
}
Event: 33.623 GC heap before
{Heap before GC invocations=85 (full 3):
 PSYoungGen      total 20992K, used 20980K [0x00000000d5580000, 0x00000000d7300000, 0x0000000100000000)
  eden space 17920K, 100% used [0x00000000d5580000,0x00000000d6700000,0x00000000d6700000)
  from space 3072K, 99% used [0x00000000d6700000,0x00000000d69fd210,0x00000000d6a00000)
  to   space 6144K, 0% used [0x00000000d6d00000,0x00000000d6d00000,0x00000000d7300000)
 ParOldGen       total 101376K, used 100923K [0x0000000080000000, 0x0000000086300000, 0x00000000d5580000)
  object space 101376K, 99% used [0x0000000080000000,0x000000008628efa0,0x0000000086300000)
 Metaspace       used 75837K, committed 77312K, reserved 1179648K
  class space    used 8556K, committed 9216K, reserved 1048576K
}
Event: 33.628 GC heap after
{Heap after GC invocations=85 (full 3):
 PSYoungGen      total 20480K, used 2471K [0x00000000d5580000, 0x00000000d6f80000, 0x0000000100000000)
  eden space 17920K, 0% used [0x00000000d5580000,0x00000000d5580000,0x00000000d6700000)
  from space 2560K, 96% used [0x00000000d6d00000,0x00000000d6f69fd0,0x00000000d6f80000)
  to   space 3584K, 0% used [0x00000000d6880000,0x00000000d6880000,0x00000000d6c00000)
 ParOldGen       total 104448K, used 103993K [0x0000000080000000, 0x0000000086600000, 0x00000000d5580000)
  object space 104448K, 99% used [0x0000000080000000,0x000000008658e5f8,0x0000000086600000)
 Metaspace       used 75837K, committed 77312K, reserved 1179648K
  class space    used 8556K, committed 9216K, reserved 1048576K
}
Event: 33.710 GC heap before
{Heap before GC invocations=86 (full 3):
 PSYoungGen      total 20480K, used 20204K [0x00000000d5580000, 0x00000000d6f80000, 0x0000000100000000)
  eden space 17920K, 98% used [0x00000000d5580000,0x00000000d66d1140,0x00000000d6700000)
  from space 2560K, 96% used [0x00000000d6d00000,0x00000000d6f69fd0,0x00000000d6f80000)
  to   space 3584K, 0% used [0x00000000d6880000,0x00000000d6880000,0x00000000d6c00000)
 ParOldGen       total 104448K, used 103993K [0x0000000080000000, 0x0000000086600000, 0x00000000d5580000)
  object space 104448K, 99% used [0x0000000080000000,0x000000008658e5f8,0x0000000086600000)
 Metaspace       used 76680K, committed 78208K, reserved 1179648K
  class space    used 8625K, committed 9280K, reserved 1048576K
}
Event: 33.713 GC heap after
{Heap after GC invocations=86 (full 3):
 PSYoungGen      total 19968K, used 1599K [0x00000000d5580000, 0x00000000d6d80000, 0x0000000100000000)
  eden space 17920K, 0% used [0x00000000d5580000,0x00000000d5580000,0x00000000d6700000)
  from space 2048K, 78% used [0x00000000d6880000,0x00000000d6a0fd60,0x00000000d6a80000)
  to   space 2560K, 0% used [0x00000000d6b00000,0x00000000d6b00000,0x00000000d6d80000)
 ParOldGen       total 105472K, used 105025K [0x0000000080000000, 0x0000000086700000, 0x00000000d5580000)
  object space 105472K, 99% used [0x0000000080000000,0x0000000086690440,0x0000000086700000)
 Metaspace       used 76680K, committed 78208K, reserved 1179648K
  class space    used 8625K, committed 9280K, reserved 1048576K
}
Event: 33.755 GC heap before
{Heap before GC invocations=87 (full 3):
 PSYoungGen      total 19968K, used 19519K [0x00000000d5580000, 0x00000000d6d80000, 0x0000000100000000)
  eden space 17920K, 100% used [0x00000000d5580000,0x00000000d6700000,0x00000000d6700000)
  from space 2048K, 78% used [0x00000000d6880000,0x00000000d6a0fd60,0x00000000d6a80000)
  to   space 2560K, 0% used [0x00000000d6b00000,0x00000000d6b00000,0x00000000d6d80000)
 ParOldGen       total 105472K, used 105025K [0x0000000080000000, 0x0000000086700000, 0x00000000d5580000)
  object space 105472K, 99% used [0x0000000080000000,0x0000000086690440,0x0000000086700000)
 Metaspace       used 76748K, committed 78272K, reserved 1179648K
  class space    used 8629K, committed 9280K, reserved 1048576K
}
Event: 33.757 GC heap after
{Heap after GC invocations=87 (full 3):
 PSYoungGen      total 19456K, used 1280K [0x00000000d5580000, 0x00000000d6c80000, 0x0000000100000000)
  eden space 17920K, 0% used [0x00000000d5580000,0x00000000d5580000,0x00000000d6700000)
  from space 1536K, 83% used [0x00000000d6b00000,0x00000000d6c402a8,0x00000000d6c80000)
  to   space 1536K, 0% used [0x00000000d6980000,0x00000000d6980000,0x00000000d6b00000)
 ParOldGen       total 105984K, used 105745K [0x0000000080000000, 0x0000000086780000, 0x00000000d5580000)
  object space 105984K, 99% used [0x0000000080000000,0x0000000086744728,0x0000000086780000)
 Metaspace       used 76748K, committed 78272K, reserved 1179648K
  class space    used 8629K, committed 9280K, reserved 1048576K
}
Event: 33.816 GC heap before
{Heap before GC invocations=88 (full 3):
 PSYoungGen      total 19456K, used 19200K [0x00000000d5580000, 0x00000000d6c80000, 0x0000000100000000)
  eden space 17920K, 100% used [0x00000000d5580000,0x00000000d6700000,0x00000000d6700000)
  from space 1536K, 83% used [0x00000000d6b00000,0x00000000d6c402a8,0x00000000d6c80000)
  to   space 1536K, 0% used [0x00000000d6980000,0x00000000d6980000,0x00000000d6b00000)
 ParOldGen       total 105984K, used 105745K [0x0000000080000000, 0x0000000086780000, 0x00000000d5580000)
  object space 105984K, 99% used [0x0000000080000000,0x0000000086744728,0x0000000086780000)
 Metaspace       used 76929K, committed 78464K, reserved 1179648K
  class space    used 8640K, committed 9280K, reserved 1048576K
}
Event: 33.819 GC heap after
{Heap after GC invocations=88 (full 3):
 PSYoungGen      total 19456K, used 1140K [0x00000000d5580000, 0x00000000d6b80000, 0x0000000100000000)
  eden space 17920K, 0% used [0x00000000d5580000,0x00000000d5580000,0x00000000d6700000)
  from space 1536K, 74% used [0x00000000d6980000,0x00000000d6a9d200,0x00000000d6b00000)
  to   space 512K, 0% used [0x00000000d6b00000,0x00000000d6b00000,0x00000000d6b80000)
 ParOldGen       total 106496K, used 106403K [0x0000000080000000, 0x0000000086800000, 0x00000000d5580000)
  object space 106496K, 99% used [0x0000000080000000,0x00000000867e8f80,0x0000000086800000)
 Metaspace       used 76929K, committed 78464K, reserved 1179648K
  class space    used 8640K, committed 9280K, reserved 1048576K
}
Event: 33.925 GC heap before
{Heap before GC invocations=89 (full 3):
 PSYoungGen      total 19456K, used 19060K [0x00000000d5580000, 0x00000000d6b80000, 0x0000000100000000)
  eden space 17920K, 100% used [0x00000000d5580000,0x00000000d6700000,0x00000000d6700000)
  from space 1536K, 74% used [0x00000000d6980000,0x00000000d6a9d200,0x00000000d6b00000)
  to   space 512K, 0% used [0x00000000d6b00000,0x00000000d6b00000,0x00000000d6b80000)
 ParOldGen       total 106496K, used 106403K [0x0000000080000000, 0x0000000086800000, 0x00000000d5580000)
  object space 106496K, 99% used [0x0000000080000000,0x00000000867e8f80,0x0000000086800000)
 Metaspace       used 77534K, committed 79104K, reserved 1179648K
  class space    used 8716K, committed 9408K, reserved 1048576K
}
Event: 33.927 GC heap after
{Heap after GC invocations=89 (full 3):
 PSYoungGen      total 18432K, used 488K [0x00000000d5580000, 0x00000000d6b80000, 0x0000000100000000)
  eden space 17920K, 0% used [0x00000000d5580000,0x00000000d5580000,0x00000000d6700000)
  from space 512K, 95% used [0x00000000d6b00000,0x00000000d6b7a2c0,0x00000000d6b80000)
  to   space 2048K, 0% used [0x00000000d6780000,0x00000000d6780000,0x00000000d6980000)
 ParOldGen       total 108032K, used 107731K [0x0000000080000000, 0x0000000086980000, 0x00000000d5580000)
  object space 108032K, 99% used [0x0000000080000000,0x0000000086934f88,0x0000000086980000)
 Metaspace       used 77534K, committed 79104K, reserved 1179648K
  class space    used 8716K, committed 9408K, reserved 1048576K
}
Event: 34.057 GC heap before
{Heap before GC invocations=90 (full 3):
 PSYoungGen      total 18432K, used 18408K [0x00000000d5580000, 0x00000000d6b80000, 0x0000000100000000)
  eden space 17920K, 100% used [0x00000000d5580000,0x00000000d6700000,0x00000000d6700000)
  from space 512K, 95% used [0x00000000d6b00000,0x00000000d6b7a2c0,0x00000000d6b80000)
  to   space 2048K, 0% used [0x00000000d6780000,0x00000000d6780000,0x00000000d6980000)
 ParOldGen       total 108032K, used 107731K [0x0000000080000000, 0x0000000086980000, 0x00000000d5580000)
  object space 108032K, 99% used [0x0000000080000000,0x0000000086934f88,0x0000000086980000)
 Metaspace       used 78016K, committed 79552K, reserved 1179648K
  class space    used 8771K, committed 9408K, reserved 1048576K
}

