# JRE version: Java(TM) SE Runtime Environment (21.0.5+9) (build 21.0.5+9-LTS-239)
# Java VM: Java HotSpot(TM) 64-Bit Server VM (21.0.5+9-LTS-239, mixed mode, sharing, tiered, compressed oops, compressed class ptrs, g1 gc, windows-amd64)
GC Precious Log:
 CardTable entry size: 512
 Card Set container configuration: InlinePtr #cards 5 size 8 Array Of Cards #cards 12 size 40 Howl #buckets 4 coarsen threshold 1843 Howl Bitmap #cards 512 size 80 coarsen threshold 460 Card regions per heap region 1 cards per card region 2048
 CPUs: 8 total, 8 available
 Memory: 7991M
 Large Page Support: Disabled
 NUMA Support: Disabled
 Compressed Oops: Enabled (32-bit)
 Heap Region Size: 1M
 Heap Min Capacity: 8M
 Heap Initial Capacity: 126M
 Heap Max Capacity: 1G
 Pre-touch: Disabled
 Parallel Workers: 8
 Concurrent Workers: 2
 Concurrent Refinement Workers: 8
 Periodic GC: Disabled
Heap:
 garbage-first heap   total 215040K, used 100938K [0x00000000c0000000, 0x0000000100000000)
  region size 1024K, 16 young (16384K), 12 survivors (12288K)
 Metaspace       used 77511K, committed 81152K, reserved 1179648K
  class space    used 9999K, committed 11648K, reserved 1048576K
GC Heap History (20 events):
Event: 1032.718 GC heap before
{Heap before GC invocations=51 (full 0):
 garbage-first heap   total 187392K, used 175473K [0x00000000c0000000, 0x0000000100000000)
  region size 1024K, 63 young (64512K), 3 survivors (3072K)
 Metaspace       used 76991K, committed 79936K, reserved 1179648K
  class space    used 10071K, committed 11648K, reserved 1048576K
}
Event: 1032.725 GC heap after
{Heap after GC invocations=52 (full 0):
 garbage-first heap   total 187392K, used 102659K [0x00000000c0000000, 0x0000000100000000)
  region size 1024K, 4 young (4096K), 4 survivors (4096K)
 Metaspace       used 76991K, committed 79936K, reserved 1179648K
  class space    used 10071K, committed 11648K, reserved 1048576K
}
Event: 1032.726 GC heap before
{Heap before GC invocations=52 (full 0):
 garbage-first heap   total 187392K, used 102659K [0x00000000c0000000, 0x0000000100000000)
  region size 1024K, 5 young (5120K), 4 survivors (4096K)
 Metaspace       used 76991K, committed 79936K, reserved 1179648K
  class space    used 10071K, committed 11648K, reserved 1048576K
}
Event: 1032.729 GC heap after
{Heap after GC invocations=53 (full 0):
 garbage-first heap   total 187392K, used 102476K [0x00000000c0000000, 0x0000000100000000)
  region size 1024K, 4 young (4096K), 4 survivors (4096K)
 Metaspace       used 76991K, committed 79936K, reserved 1179648K
  class space    used 10071K, committed 11648K, reserved 1048576K
}
Event: 1184.589 GC heap before
{Heap before GC invocations=54 (full 0):
 garbage-first heap   total 194560K, used 178252K [0x00000000c0000000, 0x0000000100000000)
  region size 1024K, 72 young (73728K), 4 survivors (4096K)
 Metaspace       used 77207K, committed 79936K, reserved 1179648K
  class space    used 10074K, committed 11648K, reserved 1048576K
}
Event: 1184.594 GC heap after
{Heap after GC invocations=55 (full 0):
 garbage-first heap   total 194560K, used 106569K [0x00000000c0000000, 0x0000000100000000)
  region size 1024K, 8 young (8192K), 8 survivors (8192K)
 Metaspace       used 77207K, committed 79936K, reserved 1179648K
  class space    used 10074K, committed 11648K, reserved 1048576K
}
Event: 1184.984 GC heap before
{Heap before GC invocations=55 (full 0):
 garbage-first heap   total 194560K, used 174153K [0x00000000c0000000, 0x0000000100000000)
  region size 1024K, 75 young (76800K), 8 survivors (8192K)
 Metaspace       used 77314K, committed 79936K, reserved 1179648K
  class space    used 10076K, committed 11648K, reserved 1048576K
}
Event: 1184.993 GC heap after
{Heap after GC invocations=56 (full 0):
 garbage-first heap   total 194560K, used 96685K [0x00000000c0000000, 0x0000000100000000)
  region size 1024K, 10 young (10240K), 10 survivors (10240K)
 Metaspace       used 77314K, committed 79936K, reserved 1179648K
  class space    used 10076K, committed 11648K, reserved 1048576K
}
Event: 1185.369 GC heap before
{Heap before GC invocations=56 (full 0):
 garbage-first heap   total 194560K, used 174509K [0x00000000c0000000, 0x0000000100000000)
  region size 1024K, 85 young (87040K), 10 survivors (10240K)
 Metaspace       used 77461K, committed 80000K, reserved 1179648K
  class space    used 10083K, committed 11648K, reserved 1048576K
}
Event: 1185.382 GC heap after
{Heap after GC invocations=57 (full 0):
 garbage-first heap   total 204800K, used 105597K [0x00000000c0000000, 0x0000000100000000)
  region size 1024K, 11 young (11264K), 11 survivors (11264K)
 Metaspace       used 77461K, committed 80000K, reserved 1179648K
  class space    used 10083K, committed 11648K, reserved 1048576K
}
Event: 1185.994 GC heap before
{Heap before GC invocations=57 (full 0):
 garbage-first heap   total 204800K, used 172157K [0x00000000c0000000, 0x0000000100000000)
  region size 1024K, 78 young (79872K), 11 survivors (11264K)
 Metaspace       used 79088K, committed 81088K, reserved 1179648K
  class space    used 10269K, committed 11648K, reserved 1048576K
}
Event: 1186.002 GC heap after
{Heap after GC invocations=58 (full 0):
 garbage-first heap   total 204800K, used 105708K [0x00000000c0000000, 0x0000000100000000)
  region size 1024K, 4 young (4096K), 4 survivors (4096K)
 Metaspace       used 79088K, committed 81088K, reserved 1179648K
  class space    used 10269K, committed 11648K, reserved 1048576K
}
Event: 1259.390 GC heap before
{Heap before GC invocations=59 (full 0):
 garbage-first heap   total 215040K, used 197868K [0x00000000c0000000, 0x0000000100000000)
  region size 1024K, 77 young (78848K), 4 survivors (4096K)
 Metaspace       used 77522K, committed 81088K, reserved 1179648K
  class space    used 10082K, committed 11648K, reserved 1048576K
}
Event: 1259.394 GC heap after
{Heap after GC invocations=60 (full 0):
 garbage-first heap   total 215040K, used 105278K [0x00000000c0000000, 0x0000000100000000)
  region size 1024K, 3 young (3072K), 3 survivors (3072K)
 Metaspace       used 77522K, committed 81088K, reserved 1179648K
  class space    used 10082K, committed 11648K, reserved 1048576K
}
Event: 5472.383 GC heap before
{Heap before GC invocations=60 (full 0):
 garbage-first heap   total 215040K, used 194366K [0x00000000c0000000, 0x0000000100000000)
  region size 1024K, 90 young (92160K), 3 survivors (3072K)
 Metaspace       used 77610K, committed 81152K, reserved 1179648K
  class space    used 10082K, committed 11648K, reserved 1048576K
}
Event: 5472.395 GC heap after
{Heap after GC invocations=61 (full 0):
 garbage-first heap   total 215040K, used 101289K [0x00000000c0000000, 0x0000000100000000)
  region size 1024K, 3 young (3072K), 3 survivors (3072K)
 Metaspace       used 77610K, committed 81152K, reserved 1179648K
  class space    used 10082K, committed 11648K, reserved 1048576K
}
Event: 9331.460 GC heap before
{Heap before GC invocations=61 (full 0):
 garbage-first heap   total 215040K, used 197545K [0x00000000c0000000, 0x0000000100000000)
  region size 1024K, 98 young (100352K), 3 survivors (3072K)
 Metaspace       used 77683K, committed 81152K, reserved 1179648K
  class space    used 10082K, committed 11648K, reserved 1048576K
}
Event: 9331.577 GC heap after
{Heap after GC invocations=62 (full 0):
 garbage-first heap   total 215040K, used 91579K [0x00000000c0000000, 0x0000000100000000)
  region size 1024K, 6 young (6144K), 6 survivors (6144K)
 Metaspace       used 77683K, committed 81152K, reserved 1179648K
  class space    used 10082K, committed 11648K, reserved 1048576K
}
Event: 9334.521 GC heap before
{Heap before GC invocations=62 (full 0):
 garbage-first heap   total 215040K, used 196027K [0x00000000c0000000, 0x0000000100000000)
  region size 1024K, 109 young (111616K), 6 survivors (6144K)
 Metaspace       used 77880K, committed 81152K, reserved 1179648K
  class space    used 10085K, committed 11648K, reserved 1048576K
}
Event: 9334.546 GC heap after
{Heap after GC invocations=63 (full 0):
 garbage-first heap   total 215040K, used 97866K [0x00000000c0000000, 0x0000000100000000)
  region size 1024K, 12 young (12288K), 12 survivors (12288K)
 Metaspace       used 77880K, committed 81152K, reserved 1179648K
  class space    used 10085K, committed 11648K, reserved 1048576K
}

