# JRE version: OpenJDK Runtime Environment Temurin-21.0.10+7 (21.0.10+7) (build 21.0.10+7-LTS)
# Java VM: OpenJDK 64-Bit Server VM Temurin-21.0.10+7 (21.0.10+7-LTS, mixed mode, sharing, tiered, compressed oops, compressed class ptrs, parallel gc, windows-amd64)
GC Precious Log:
 CardTable entry size: 512
 CPUs: 8 total, 8 available
 Memory: 7991M
 Large Page Support: Disabled
 NUMA Support: Disabled
 Compressed Oops: Enabled (32-bit)
 Alignments: Space 512K, Generation 512K, Heap 2M
 Heap Min Capacity: 100M
 Heap Initial Capacity: 100M
 Heap Max Capacity: 2G
 Pre-touch: Disabled
 Parallel Workers: 8
Heap:
 PSYoungGen      total 14336K, used 14304K [0x00000000d5580000, 0x00000000d6800000, 0x0000000100000000)
  eden space 12288K, 100% used [0x00000000d5580000,0x00000000d6180000,0x00000000d6180000)
  from space 2048K, 98% used [0x00000000d6600000,0x00000000d67f8010,0x00000000d6800000)
  to   space 2560K, 15% used [0x00000000d6300000,0x00000000d6365250,0x00000000d6580000)
 ParOldGen       total 83968K, used 83907K [0x0000000080000000, 0x0000000085200000, 0x00000000d5580000)
  object space 83968K, 99% used [0x0000000080000000,0x00000000851f2ee0,0x0000000085200000)
 Metaspace       used 73815K, committed 75328K, reserved 1179648K
  class space    used 9068K, committed 9728K, reserved 1048576K
GC Heap History (20 events):
Event: 9.357 GC heap before
{Heap before GC invocations=78 (full 3):
 PSYoungGen      total 15360K, used 14255K [0x00000000d5580000, 0x00000000d6700000, 0x0000000100000000)
  eden space 14336K, 94% used [0x00000000d5580000,0x00000000d62cbfe0,0x00000000d6380000)
  from space 1024K, 62% used [0x00000000d6600000,0x00000000d66a0000,0x00000000d6700000)
  to   space 1536K, 0% used [0x00000000d6400000,0x00000000d6400000,0x00000000d6580000)
 ParOldGen       total 72192K, used 71944K [0x0000000080000000, 0x0000000084680000, 0x00000000d5580000)
  object space 72192K, 99% used [0x0000000080000000,0x0000000084642030,0x0000000084680000)
 Metaspace       used 70980K, committed 72448K, reserved 1114112K
  class space    used 8822K, committed 9408K, reserved 1048576K
}
Event: 9.358 GC heap after
{Heap after GC invocations=78 (full 3):
 PSYoungGen      total 15872K, used 448K [0x00000000d5580000, 0x00000000d6680000, 0x0000000100000000)
  eden space 14336K, 0% used [0x00000000d5580000,0x00000000d5580000,0x00000000d6380000)
  from space 1536K, 29% used [0x00000000d6400000,0x00000000d6470000,0x00000000d6580000)
  to   space 1024K, 0% used [0x00000000d6580000,0x00000000d6580000,0x00000000d6680000)
 ParOldGen       total 72704K, used 72455K [0x0000000080000000, 0x0000000084700000, 0x00000000d5580000)
  object space 72704K, 99% used [0x0000000080000000,0x00000000846c1c88,0x0000000084700000)
 Metaspace       used 70980K, committed 72448K, reserved 1114112K
  class space    used 8822K, committed 9408K, reserved 1048576K
}
Event: 9.390 GC heap before
{Heap before GC invocations=79 (full 3):
 PSYoungGen      total 15872K, used 14784K [0x00000000d5580000, 0x00000000d6680000, 0x0000000100000000)
  eden space 14336K, 100% used [0x00000000d5580000,0x00000000d6380000,0x00000000d6380000)
  from space 1536K, 29% used [0x00000000d6400000,0x00000000d6470000,0x00000000d6580000)
  to   space 1024K, 0% used [0x00000000d6580000,0x00000000d6580000,0x00000000d6680000)
 ParOldGen       total 72704K, used 72455K [0x0000000080000000, 0x0000000084700000, 0x00000000d5580000)
  object space 72704K, 99% used [0x0000000080000000,0x00000000846c1c88,0x0000000084700000)
 Metaspace       used 71054K, committed 72512K, reserved 1114112K
  class space    used 8829K, committed 9408K, reserved 1048576K
}
Event: 9.393 GC heap after
{Heap after GC invocations=79 (full 3):
 PSYoungGen      total 13824K, used 1017K [0x00000000d5580000, 0x00000000d6a80000, 0x0000000100000000)
  eden space 12800K, 0% used [0x00000000d5580000,0x00000000d5580000,0x00000000d6200000)
  from space 1024K, 99% used [0x00000000d6580000,0x00000000d667e688,0x00000000d6680000)
  to   space 3584K, 0% used [0x00000000d6200000,0x00000000d6200000,0x00000000d6580000)
 ParOldGen       total 74752K, used 74487K [0x0000000080000000, 0x0000000084900000, 0x00000000d5580000)
  object space 74752K, 99% used [0x0000000080000000,0x00000000848bdc88,0x0000000084900000)
 Metaspace       used 71054K, committed 72512K, reserved 1114112K
  class space    used 8829K, committed 9408K, reserved 1048576K
}
Event: 9.447 GC heap before
{Heap before GC invocations=80 (full 3):
 PSYoungGen      total 13824K, used 13817K [0x00000000d5580000, 0x00000000d6a80000, 0x0000000100000000)
  eden space 12800K, 100% used [0x00000000d5580000,0x00000000d6200000,0x00000000d6200000)
  from space 1024K, 99% used [0x00000000d6580000,0x00000000d667e688,0x00000000d6680000)
  to   space 3584K, 0% used [0x00000000d6200000,0x00000000d6200000,0x00000000d6580000)
 ParOldGen       total 74752K, used 74487K [0x0000000080000000, 0x0000000084900000, 0x00000000d5580000)
  object space 74752K, 99% used [0x0000000080000000,0x00000000848bdc88,0x0000000084900000)
 Metaspace       used 71075K, committed 72512K, reserved 1114112K
  class space    used 8833K, committed 9408K, reserved 1048576K
}
Event: 9.449 GC heap after
{Heap after GC invocations=80 (full 3):
 PSYoungGen      total 13824K, used 735K [0x00000000d5580000, 0x00000000d6600000, 0x0000000100000000)
  eden space 12800K, 0% used [0x00000000d5580000,0x00000000d5580000,0x00000000d6200000)
  from space 1024K, 71% used [0x00000000d6200000,0x00000000d62b7f28,0x00000000d6300000)
  to   space 2048K, 0% used [0x00000000d6400000,0x00000000d6400000,0x00000000d6600000)
 ParOldGen       total 75264K, used 74926K [0x0000000080000000, 0x0000000084980000, 0x00000000d5580000)
  object space 75264K, 99% used [0x0000000080000000,0x000000008492b980,0x0000000084980000)
 Metaspace       used 71075K, committed 72512K, reserved 1114112K
  class space    used 8833K, committed 9408K, reserved 1048576K
}
Event: 9.490 GC heap before
{Heap before GC invocations=81 (full 3):
 PSYoungGen      total 13824K, used 13535K [0x00000000d5580000, 0x00000000d6600000, 0x0000000100000000)
  eden space 12800K, 100% used [0x00000000d5580000,0x00000000d6200000,0x00000000d6200000)
  from space 1024K, 71% used [0x00000000d6200000,0x00000000d62b7f28,0x00000000d6300000)
  to   space 2048K, 0% used [0x00000000d6400000,0x00000000d6400000,0x00000000d6600000)
 ParOldGen       total 75264K, used 74926K [0x0000000080000000, 0x0000000084980000, 0x00000000d5580000)
  object space 75264K, 99% used [0x0000000080000000,0x000000008492b980,0x0000000084980000)
 Metaspace       used 71079K, committed 72512K, reserved 1114112K
  class space    used 8833K, committed 9408K, reserved 1048576K
}
Event: 9.491 GC heap after
{Heap after GC invocations=81 (full 3):
 PSYoungGen      total 13824K, used 677K [0x00000000d5580000, 0x00000000d6500000, 0x0000000100000000)
  eden space 12800K, 0% used [0x00000000d5580000,0x00000000d5580000,0x00000000d6200000)
  from space 1024K, 66% used [0x00000000d6400000,0x00000000d64a95f8,0x00000000d6500000)
  to   space 1024K, 0% used [0x00000000d6200000,0x00000000d6200000,0x00000000d6300000)
 ParOldGen       total 75776K, used 75476K [0x0000000080000000, 0x0000000084a00000, 0x00000000d5580000)
  object space 75776K, 99% used [0x0000000080000000,0x00000000849b5348,0x0000000084a00000)
 Metaspace       used 71079K, committed 72512K, reserved 1114112K
  class space    used 8833K, committed 9408K, reserved 1048576K
}
Event: 9.529 GC heap before
{Heap before GC invocations=82 (full 3):
 PSYoungGen      total 13824K, used 13477K [0x00000000d5580000, 0x00000000d6500000, 0x0000000100000000)
  eden space 12800K, 100% used [0x00000000d5580000,0x00000000d6200000,0x00000000d6200000)
  from space 1024K, 66% used [0x00000000d6400000,0x00000000d64a95f8,0x00000000d6500000)
  to   space 1024K, 0% used [0x00000000d6200000,0x00000000d6200000,0x00000000d6300000)
 ParOldGen       total 75776K, used 75476K [0x0000000080000000, 0x0000000084a00000, 0x00000000d5580000)
  object space 75776K, 99% used [0x0000000080000000,0x00000000849b5348,0x0000000084a00000)
 Metaspace       used 71176K, committed 72576K, reserved 1114112K
  class space    used 8836K, committed 9408K, reserved 1048576K
}
Event: 9.530 GC heap after
{Heap after GC invocations=82 (full 3):
 PSYoungGen      total 13824K, used 704K [0x00000000d5580000, 0x00000000d6480000, 0x0000000100000000)
  eden space 12800K, 0% used [0x00000000d5580000,0x00000000d5580000,0x00000000d6200000)
  from space 1024K, 68% used [0x00000000d6200000,0x00000000d62b00b0,0x00000000d6300000)
  to   space 1024K, 0% used [0x00000000d6380000,0x00000000d6380000,0x00000000d6480000)
 ParOldGen       total 76288K, used 76043K [0x0000000080000000, 0x0000000084a80000, 0x00000000d5580000)
  object space 76288K, 99% used [0x0000000080000000,0x0000000084a42c28,0x0000000084a80000)
 Metaspace       used 71176K, committed 72576K, reserved 1114112K
  class space    used 8836K, committed 9408K, reserved 1048576K
}
Event: 9.734 GC heap before
{Heap before GC invocations=83 (full 3):
 PSYoungGen      total 13824K, used 13504K [0x00000000d5580000, 0x00000000d6480000, 0x0000000100000000)
  eden space 12800K, 100% used [0x00000000d5580000,0x00000000d6200000,0x00000000d6200000)
  from space 1024K, 68% used [0x00000000d6200000,0x00000000d62b00b0,0x00000000d6300000)
  to   space 1024K, 0% used [0x00000000d6380000,0x00000000d6380000,0x00000000d6480000)
 ParOldGen       total 76288K, used 76043K [0x0000000080000000, 0x0000000084a80000, 0x00000000d5580000)
  object space 76288K, 99% used [0x0000000080000000,0x0000000084a42c28,0x0000000084a80000)
 Metaspace       used 72458K, committed 73920K, reserved 1114112K
  class space    used 8972K, committed 9600K, reserved 1048576K
}
Event: 9.736 GC heap after
{Heap after GC invocations=83 (full 3):
 PSYoungGen      total 13312K, used 1024K [0x00000000d5580000, 0x00000000d6600000, 0x0000000100000000)
  eden space 12288K, 0% used [0x00000000d5580000,0x00000000d5580000,0x00000000d6180000)
  from space 1024K, 100% used [0x00000000d6380000,0x00000000d6480000,0x00000000d6480000)
  to   space 2048K, 0% used [0x00000000d6180000,0x00000000d6180000,0x00000000d6380000)
 ParOldGen       total 76800K, used 76798K [0x0000000080000000, 0x0000000084b00000, 0x00000000d5580000)
  object space 76800K, 99% used [0x0000000080000000,0x0000000084affb08,0x0000000084b00000)
 Metaspace       used 72458K, committed 73920K, reserved 1114112K
  class space    used 8972K, committed 9600K, reserved 1048576K
}
Event: 9.902 GC heap before
{Heap before GC invocations=84 (full 3):
 PSYoungGen      total 13312K, used 13303K [0x00000000d5580000, 0x00000000d6600000, 0x0000000100000000)
  eden space 12288K, 99% used [0x00000000d5580000,0x00000000d617dc90,0x00000000d6180000)
  from space 1024K, 100% used [0x00000000d6380000,0x00000000d6480000,0x00000000d6480000)
  to   space 2048K, 0% used [0x00000000d6180000,0x00000000d6180000,0x00000000d6380000)
 ParOldGen       total 76800K, used 76798K [0x0000000080000000, 0x0000000084b00000, 0x00000000d5580000)
  object space 76800K, 99% used [0x0000000080000000,0x0000000084affb08,0x0000000084b00000)
 Metaspace       used 73123K, committed 74624K, reserved 1114112K
  class space    used 9031K, committed 9664K, reserved 1048576K
}
Event: 9.905 GC heap after
{Heap after GC invocations=84 (full 3):
 PSYoungGen      total 14336K, used 2033K [0x00000000d5580000, 0x00000000d6980000, 0x0000000100000000)
  eden space 12288K, 0% used [0x00000000d5580000,0x00000000d5580000,0x00000000d6180000)
  from space 2048K, 99% used [0x00000000d6180000,0x00000000d637c400,0x00000000d6380000)
  to   space 4096K, 0% used [0x00000000d6580000,0x00000000d6580000,0x00000000d6980000)
 ParOldGen       total 78336K, used 78296K [0x0000000080000000, 0x0000000084c80000, 0x00000000d5580000)
  object space 78336K, 99% used [0x0000000080000000,0x0000000084c76140,0x0000000084c80000)
 Metaspace       used 73123K, committed 74624K, reserved 1114112K
  class space    used 9031K, committed 9664K, reserved 1048576K
}
Event: 10.065 GC heap before
{Heap before GC invocations=85 (full 3):
 PSYoungGen      total 14336K, used 14321K [0x00000000d5580000, 0x00000000d6980000, 0x0000000100000000)
  eden space 12288K, 100% used [0x00000000d5580000,0x00000000d6180000,0x00000000d6180000)
  from space 2048K, 99% used [0x00000000d6180000,0x00000000d637c400,0x00000000d6380000)
  to   space 4096K, 0% used [0x00000000d6580000,0x00000000d6580000,0x00000000d6980000)
 ParOldGen       total 78336K, used 78296K [0x0000000080000000, 0x0000000084c80000, 0x00000000d5580000)
  object space 78336K, 99% used [0x0000000080000000,0x0000000084c76140,0x0000000084c80000)
 Metaspace       used 73327K, committed 74752K, reserved 1114112K
  class space    used 9045K, committed 9664K, reserved 1048576K
}
Event: 10.069 GC heap after
{Heap after GC invocations=85 (full 3):
 PSYoungGen      total 15360K, used 3031K [0x00000000d5580000, 0x00000000d6880000, 0x0000000100000000)
  eden space 12288K, 0% used [0x00000000d5580000,0x00000000d5580000,0x00000000d6180000)
  from space 3072K, 98% used [0x00000000d6580000,0x00000000d6875e78,0x00000000d6880000)
  to   space 3584K, 0% used [0x00000000d6180000,0x00000000d6180000,0x00000000d6500000)
 ParOldGen       total 80384K, used 80304K [0x0000000080000000, 0x0000000084e80000, 0x00000000d5580000)
  object space 80384K, 99% used [0x0000000080000000,0x0000000084e6c018,0x0000000084e80000)
 Metaspace       used 73327K, committed 74752K, reserved 1114112K
  class space    used 9045K, committed 9664K, reserved 1048576K
}
Event: 10.192 GC heap before
{Heap before GC invocations=86 (full 3):
 PSYoungGen      total 15360K, used 15319K [0x00000000d5580000, 0x00000000d6880000, 0x0000000100000000)
  eden space 12288K, 100% used [0x00000000d5580000,0x00000000d6180000,0x00000000d6180000)
  from space 3072K, 98% used [0x00000000d6580000,0x00000000d6875e78,0x00000000d6880000)
  to   space 3584K, 0% used [0x00000000d6180000,0x00000000d6180000,0x00000000d6500000)
 ParOldGen       total 80384K, used 80304K [0x0000000080000000, 0x0000000084e80000, 0x00000000d5580000)
  object space 80384K, 99% used [0x0000000080000000,0x0000000084e6c018,0x0000000084e80000)
 Metaspace       used 73547K, committed 75008K, reserved 1179648K
  class space    used 9057K, committed 9664K, reserved 1048576K
}
Event: 11.195 GC heap after
{Heap after GC invocations=86 (full 3):
 PSYoungGen      total 15872K, used 736K [0x00000000d5580000, 0x00000000d6800000, 0x0000000100000000)
  eden space 12288K, 0% used [0x00000000d5580000,0x00000000d5580000,0x00000000d6180000)
  from space 3584K, 20% used [0x00000000d6180000,0x00000000d6238000,0x00000000d6500000)
  to   space 2048K, 0% used [0x00000000d6600000,0x00000000d6600000,0x00000000d6800000)
 ParOldGen       total 83456K, used 83189K [0x0000000080000000, 0x0000000085180000, 0x00000000d5580000)
  object space 83456K, 99% used [0x0000000080000000,0x000000008513d750,0x0000000085180000)
 Metaspace       used 73547K, committed 75008K, reserved 1179648K
  class space    used 9057K, committed 9664K, reserved 1048576K
}
Event: 11.262 GC heap before
{Heap before GC invocations=87 (full 3):
 PSYoungGen      total 15872K, used 13024K [0x00000000d5580000, 0x00000000d6800000, 0x0000000100000000)
  eden space 12288K, 100% used [0x00000000d5580000,0x00000000d6180000,0x00000000d6180000)
  from space 3584K, 20% used [0x00000000d6180000,0x00000000d6238000,0x00000000d6500000)
  to   space 2048K, 0% used [0x00000000d6600000,0x00000000d6600000,0x00000000d6800000)
 ParOldGen       total 83456K, used 83189K [0x0000000080000000, 0x0000000085180000, 0x00000000d5580000)
  object space 83456K, 99% used [0x0000000080000000,0x000000008513d750,0x0000000085180000)
 Metaspace       used 73671K, committed 75136K, reserved 1179648K
  class space    used 9058K, committed 9664K, reserved 1048576K
}
Event: 11.263 GC heap after
{Heap after GC invocations=87 (full 3):
 PSYoungGen      total 14336K, used 2016K [0x00000000d5580000, 0x00000000d6800000, 0x0000000100000000)
  eden space 12288K, 0% used [0x00000000d5580000,0x00000000d5580000,0x00000000d6180000)
  from space 2048K, 98% used [0x00000000d6600000,0x00000000d67f8010,0x00000000d6800000)
  to   space 2560K, 0% used [0x00000000d6300000,0x00000000d6300000,0x00000000d6580000)
 ParOldGen       total 83968K, used 83764K [0x0000000080000000, 0x0000000085200000, 0x00000000d5580000)
  object space 83968K, 99% used [0x0000000080000000,0x00000000851cd068,0x0000000085200000)
 Metaspace       used 73671K, committed 75136K, reserved 1179648K
  class space    used 9058K, committed 9664K, reserved 1048576K
}

