# JRE version: OpenJDK Runtime Environment Temurin-21.0.10+7 (21.0.10+7) (build 21.0.10+7-LTS)
# Java VM: OpenJDK 64-Bit Server VM Temurin-21.0.10+7 (21.0.10+7-LTS, mixed mode, sharing, tiered, compressed oops, compressed class ptrs, parallel gc, windows-amd64)
GC Precious Log:
 CardTable entry size: 512
 CPUs: 8 total, 8 available
 Memory: 7991M
 Large Page Support: Disabled
 NUMA Support: Disabled
 Compressed Oops: Enabled (32-bit)
 Alignments: Space 512K, Generation 512K, Heap 2M
 Heap Min Capacity: 100M
 Heap Initial Capacity: 100M
 Heap Max Capacity: 2G
 Pre-touch: Disabled
 Parallel Workers: 8
Heap:
 PSYoungGen      total 24064K, used 18951K [0x00000000d5580000, 0x00000000d7580000, 0x0000000100000000)
  eden space 21504K, 88% used [0x00000000d5580000,0x00000000d6801df0,0x00000000d6a80000)
  from space 2560K, 0% used [0x00000000d7200000,0x00000000d7200000,0x00000000d7480000)
  to   space 5632K, 0% used [0x00000000d6a80000,0x00000000d6a80000,0x00000000d7000000)
 ParOldGen       total 68608K, used 57065K [0x0000000080000000, 0x0000000084300000, 0x00000000d5580000)
  object space 68608K, 83% used [0x0000000080000000,0x00000000837ba608,0x0000000084300000)
 Metaspace       used 59173K, committed 60480K, reserved 1114112K
  class space    used 6238K, committed 6784K, reserved 1048576K
GC Heap History (20 events):
Event: 9.485 GC heap before
{Heap before GC invocations=30 (full 2):
 PSYoungGen      total 23552K, used 22712K [0x00000000d5580000, 0x00000000d6e00000, 0x0000000100000000)
  eden space 21504K, 100% used [0x00000000d5580000,0x00000000d6a80000,0x00000000d6a80000)
  from space 2048K, 59% used [0x00000000d6a80000,0x00000000d6bae328,0x00000000d6c80000)
  to   space 1536K, 0% used [0x00000000d6c80000,0x00000000d6c80000,0x00000000d6e00000)
 ParOldGen       total 68608K, used 38583K [0x0000000080000000, 0x0000000084300000, 0x00000000d5580000)
  object space 68608K, 56% used [0x0000000080000000,0x00000000825adf00,0x0000000084300000)
 Metaspace       used 50817K, committed 52032K, reserved 1114112K
  class space    used 5540K, committed 6016K, reserved 1048576K
}
Event: 9.490 GC heap after
{Heap after GC invocations=30 (full 2):
 PSYoungGen      total 22528K, used 731K [0x00000000d5580000, 0x00000000d6d80000, 0x0000000100000000)
  eden space 21504K, 0% used [0x00000000d5580000,0x00000000d5580000,0x00000000d6a80000)
  from space 1024K, 71% used [0x00000000d6c80000,0x00000000d6d36e98,0x00000000d6d80000)
  to   space 1024K, 0% used [0x00000000d6b80000,0x00000000d6b80000,0x00000000d6c80000)
 ParOldGen       total 68608K, used 39666K [0x0000000080000000, 0x0000000084300000, 0x00000000d5580000)
  object space 68608K, 57% used [0x0000000080000000,0x00000000826bcb30,0x0000000084300000)
 Metaspace       used 50817K, committed 52032K, reserved 1114112K
  class space    used 5540K, committed 6016K, reserved 1048576K
}
Event: 10.130 GC heap before
{Heap before GC invocations=31 (full 2):
 PSYoungGen      total 22528K, used 22235K [0x00000000d5580000, 0x00000000d6d80000, 0x0000000100000000)
  eden space 21504K, 100% used [0x00000000d5580000,0x00000000d6a80000,0x00000000d6a80000)
  from space 1024K, 71% used [0x00000000d6c80000,0x00000000d6d36e98,0x00000000d6d80000)
  to   space 1024K, 0% used [0x00000000d6b80000,0x00000000d6b80000,0x00000000d6c80000)
 ParOldGen       total 68608K, used 39666K [0x0000000080000000, 0x0000000084300000, 0x00000000d5580000)
  object space 68608K, 57% used [0x0000000080000000,0x00000000826bcb30,0x0000000084300000)
 Metaspace       used 52150K, committed 53312K, reserved 1114112K
  class space    used 5660K, committed 6144K, reserved 1048576K
}
Event: 10.132 GC heap after
{Heap after GC invocations=31 (full 2):
 PSYoungGen      total 22528K, used 1020K [0x00000000d5580000, 0x00000000d6f80000, 0x0000000100000000)
  eden space 21504K, 0% used [0x00000000d5580000,0x00000000d5580000,0x00000000d6a80000)
  from space 1024K, 99% used [0x00000000d6b80000,0x00000000d6c7f1b0,0x00000000d6c80000)
  to   space 2560K, 0% used [0x00000000d6d00000,0x00000000d6d00000,0x00000000d6f80000)
 ParOldGen       total 68608K, used 40813K [0x0000000080000000, 0x0000000084300000, 0x00000000d5580000)
  object space 68608K, 59% used [0x0000000080000000,0x00000000827db648,0x0000000084300000)
 Metaspace       used 52150K, committed 53312K, reserved 1114112K
  class space    used 5660K, committed 6144K, reserved 1048576K
}
Event: 10.518 GC heap before
{Heap before GC invocations=32 (full 2):
 PSYoungGen      total 22528K, used 22522K [0x00000000d5580000, 0x00000000d6f80000, 0x0000000100000000)
  eden space 21504K, 99% used [0x00000000d5580000,0x00000000d6a7f960,0x00000000d6a80000)
  from space 1024K, 99% used [0x00000000d6b80000,0x00000000d6c7f1b0,0x00000000d6c80000)
  to   space 2560K, 0% used [0x00000000d6d00000,0x00000000d6d00000,0x00000000d6f80000)
 ParOldGen       total 68608K, used 40813K [0x0000000080000000, 0x0000000084300000, 0x00000000d5580000)
  object space 68608K, 59% used [0x0000000080000000,0x00000000827db648,0x0000000084300000)
 Metaspace       used 53081K, committed 54272K, reserved 1114112K
  class space    used 5732K, committed 6208K, reserved 1048576K
}
Event: 10.520 GC heap after
{Heap after GC invocations=32 (full 2):
 PSYoungGen      total 22528K, used 832K [0x00000000d5580000, 0x00000000d6e00000, 0x0000000100000000)
  eden space 21504K, 0% used [0x00000000d5580000,0x00000000d5580000,0x00000000d6a80000)
  from space 1024K, 81% used [0x00000000d6d00000,0x00000000d6dd0000,0x00000000d6e00000)
  to   space 1536K, 0% used [0x00000000d6b00000,0x00000000d6b00000,0x00000000d6c80000)
 ParOldGen       total 68608K, used 40973K [0x0000000080000000, 0x0000000084300000, 0x00000000d5580000)
  object space 68608K, 59% used [0x0000000080000000,0x0000000082803648,0x0000000084300000)
 Metaspace       used 53081K, committed 54272K, reserved 1114112K
  class space    used 5732K, committed 6208K, reserved 1048576K
}
Event: 10.885 GC heap before
{Heap before GC invocations=33 (full 2):
 PSYoungGen      total 22528K, used 22336K [0x00000000d5580000, 0x00000000d6e00000, 0x0000000100000000)
  eden space 21504K, 100% used [0x00000000d5580000,0x00000000d6a80000,0x00000000d6a80000)
  from space 1024K, 81% used [0x00000000d6d00000,0x00000000d6dd0000,0x00000000d6e00000)
  to   space 1536K, 0% used [0x00000000d6b00000,0x00000000d6b00000,0x00000000d6c80000)
 ParOldGen       total 68608K, used 40973K [0x0000000080000000, 0x0000000084300000, 0x00000000d5580000)
  object space 68608K, 59% used [0x0000000080000000,0x0000000082803648,0x0000000084300000)
 Metaspace       used 54024K, committed 55232K, reserved 1114112K
  class space    used 5804K, committed 6336K, reserved 1048576K
}
Event: 10.889 GC heap after
{Heap after GC invocations=33 (full 2):
 PSYoungGen      total 23040K, used 1513K [0x00000000d5580000, 0x00000000d7f80000, 0x0000000100000000)
  eden space 21504K, 0% used [0x00000000d5580000,0x00000000d5580000,0x00000000d6a80000)
  from space 1536K, 98% used [0x00000000d6b00000,0x00000000d6c7a420,0x00000000d6c80000)
  to   space 10752K, 0% used [0x00000000d7500000,0x00000000d7500000,0x00000000d7f80000)
 ParOldGen       total 68608K, used 48392K [0x0000000080000000, 0x0000000084300000, 0x00000000d5580000)
  object space 68608K, 70% used [0x0000000080000000,0x0000000082f42020,0x0000000084300000)
 Metaspace       used 54024K, committed 55232K, reserved 1114112K
  class space    used 5804K, committed 6336K, reserved 1048576K
}
Event: 11.000 GC heap before
{Heap before GC invocations=34 (full 2):
 PSYoungGen      total 23040K, used 23017K [0x00000000d5580000, 0x00000000d7f80000, 0x0000000100000000)
  eden space 21504K, 100% used [0x00000000d5580000,0x00000000d6a80000,0x00000000d6a80000)
  from space 1536K, 98% used [0x00000000d6b00000,0x00000000d6c7a420,0x00000000d6c80000)
  to   space 10752K, 0% used [0x00000000d7500000,0x00000000d7500000,0x00000000d7f80000)
 ParOldGen       total 68608K, used 48392K [0x0000000080000000, 0x0000000084300000, 0x00000000d5580000)
  object space 68608K, 70% used [0x0000000080000000,0x0000000082f42020,0x0000000084300000)
 Metaspace       used 54072K, committed 55296K, reserved 1114112K
  class space    used 5807K, committed 6336K, reserved 1048576K
}
Event: 11.006 GC heap after
{Heap after GC invocations=34 (full 2):
 PSYoungGen      total 27648K, used 6143K [0x00000000d5580000, 0x00000000d7b00000, 0x0000000100000000)
  eden space 21504K, 0% used [0x00000000d5580000,0x00000000d5580000,0x00000000d6a80000)
  from space 6144K, 99% used [0x00000000d7500000,0x00000000d7affee8,0x00000000d7b00000)
  to   space 7168K, 0% used [0x00000000d6d00000,0x00000000d6d00000,0x00000000d7400000)
 ParOldGen       total 68608K, used 49899K [0x0000000080000000, 0x0000000084300000, 0x00000000d5580000)
  object space 68608K, 72% used [0x0000000080000000,0x00000000830bad68,0x0000000084300000)
 Metaspace       used 54072K, committed 55296K, reserved 1114112K
  class space    used 5807K, committed 6336K, reserved 1048576K
}
Event: 11.093 GC heap before
{Heap before GC invocations=35 (full 2):
 PSYoungGen      total 27648K, used 27647K [0x00000000d5580000, 0x00000000d7b00000, 0x0000000100000000)
  eden space 21504K, 100% used [0x00000000d5580000,0x00000000d6a80000,0x00000000d6a80000)
  from space 6144K, 99% used [0x00000000d7500000,0x00000000d7affee8,0x00000000d7b00000)
  to   space 7168K, 0% used [0x00000000d6d00000,0x00000000d6d00000,0x00000000d7400000)
 ParOldGen       total 68608K, used 49899K [0x0000000080000000, 0x0000000084300000, 0x00000000d5580000)
  object space 68608K, 72% used [0x0000000080000000,0x00000000830bad68,0x0000000084300000)
 Metaspace       used 54194K, committed 55360K, reserved 1114112K
  class space    used 5816K, committed 6336K, reserved 1048576K
}
Event: 11.101 GC heap after
{Heap after GC invocations=35 (full 2):
 PSYoungGen      total 28672K, used 6692K [0x00000000d5580000, 0x00000000d7880000, 0x0000000100000000)
  eden space 21504K, 0% used [0x00000000d5580000,0x00000000d5580000,0x00000000d6a80000)
  from space 7168K, 93% used [0x00000000d6d00000,0x00000000d7389360,0x00000000d7400000)
  to   space 4608K, 0% used [0x00000000d7400000,0x00000000d7400000,0x00000000d7880000)
 ParOldGen       total 68608K, used 54947K [0x0000000080000000, 0x0000000084300000, 0x00000000d5580000)
  object space 68608K, 80% used [0x0000000080000000,0x00000000835a8fb8,0x0000000084300000)
 Metaspace       used 54194K, committed 55360K, reserved 1114112K
  class space    used 5816K, committed 6336K, reserved 1048576K
}
Event: 11.412 GC heap before
{Heap before GC invocations=36 (full 2):
 PSYoungGen      total 28672K, used 28196K [0x00000000d5580000, 0x00000000d7880000, 0x0000000100000000)
  eden space 21504K, 100% used [0x00000000d5580000,0x00000000d6a80000,0x00000000d6a80000)
  from space 7168K, 93% used [0x00000000d6d00000,0x00000000d7389360,0x00000000d7400000)
  to   space 4608K, 0% used [0x00000000d7400000,0x00000000d7400000,0x00000000d7880000)
 ParOldGen       total 68608K, used 54947K [0x0000000080000000, 0x0000000084300000, 0x00000000d5580000)
  object space 68608K, 80% used [0x0000000080000000,0x00000000835a8fb8,0x0000000084300000)
 Metaspace       used 56135K, committed 57344K, reserved 1114112K
  class space    used 6007K, committed 6528K, reserved 1048576K
}
Event: 11.419 GC heap after
{Heap after GC invocations=36 (full 2):
 PSYoungGen      total 23040K, used 1280K [0x00000000d5580000, 0x00000000d7580000, 0x0000000100000000)
  eden space 21504K, 0% used [0x00000000d5580000,0x00000000d5580000,0x00000000d6a80000)
  from space 1536K, 83% used [0x00000000d7400000,0x00000000d7540010,0x00000000d7580000)
  to   space 3584K, 0% used [0x00000000d6e80000,0x00000000d6e80000,0x00000000d7200000)
 ParOldGen       total 68608K, used 60639K [0x0000000080000000, 0x0000000084300000, 0x00000000d5580000)
  object space 68608K, 88% used [0x0000000080000000,0x0000000083b37f28,0x0000000084300000)
 Metaspace       used 56135K, committed 57344K, reserved 1114112K
  class space    used 6007K, committed 6528K, reserved 1048576K
}
Event: 11.897 GC heap before
{Heap before GC invocations=37 (full 2):
 PSYoungGen      total 23040K, used 22784K [0x00000000d5580000, 0x00000000d7580000, 0x0000000100000000)
  eden space 21504K, 100% used [0x00000000d5580000,0x00000000d6a80000,0x00000000d6a80000)
  from space 1536K, 83% used [0x00000000d7400000,0x00000000d7540010,0x00000000d7580000)
  to   space 3584K, 0% used [0x00000000d6e80000,0x00000000d6e80000,0x00000000d7200000)
 ParOldGen       total 68608K, used 60639K [0x0000000080000000, 0x0000000084300000, 0x00000000d5580000)
  object space 68608K, 88% used [0x0000000080000000,0x0000000083b37f28,0x0000000084300000)
 Metaspace       used 57261K, committed 58560K, reserved 1114112K
  class space    used 6089K, committed 6656K, reserved 1048576K
}
Event: 11.900 GC heap after
{Heap after GC invocations=37 (full 2):
 PSYoungGen      total 25088K, used 2184K [0x00000000d5580000, 0x00000000d7480000, 0x0000000100000000)
  eden space 21504K, 0% used [0x00000000d5580000,0x00000000d5580000,0x00000000d6a80000)
  from space 3584K, 60% used [0x00000000d6e80000,0x00000000d70a23c0,0x00000000d7200000)
  to   space 2560K, 0% used [0x00000000d7200000,0x00000000d7200000,0x00000000d7480000)
 ParOldGen       total 68608K, used 61776K [0x0000000080000000, 0x0000000084300000, 0x00000000d5580000)
  object space 68608K, 90% used [0x0000000080000000,0x0000000083c54380,0x0000000084300000)
 Metaspace       used 57261K, committed 58560K, reserved 1114112K
  class space    used 6089K, committed 6656K, reserved 1048576K
}
Event: 12.492 GC heap before
{Heap before GC invocations=38 (full 2):
 PSYoungGen      total 25088K, used 22495K [0x00000000d5580000, 0x00000000d7480000, 0x0000000100000000)
  eden space 21504K, 94% used [0x00000000d5580000,0x00000000d6955bf8,0x00000000d6a80000)
  from space 3584K, 60% used [0x00000000d6e80000,0x00000000d70a23c0,0x00000000d7200000)
  to   space 2560K, 0% used [0x00000000d7200000,0x00000000d7200000,0x00000000d7480000)
 ParOldGen       total 68608K, used 61776K [0x0000000080000000, 0x0000000084300000, 0x00000000d5580000)
  object space 68608K, 90% used [0x0000000080000000,0x0000000083c54380,0x0000000084300000)
 Metaspace       used 58528K, committed 59776K, reserved 1114112K
  class space    used 6218K, committed 6784K, reserved 1048576K
}
Event: 12.497 GC heap after
{Heap after GC invocations=38 (full 2):
 PSYoungGen      total 24064K, used 2542K [0x00000000d5580000, 0x00000000d7580000, 0x0000000100000000)
  eden space 21504K, 0% used [0x00000000d5580000,0x00000000d5580000,0x00000000d6a80000)
  from space 2560K, 99% used [0x00000000d7200000,0x00000000d747bbb8,0x00000000d7480000)
  to   space 5632K, 0% used [0x00000000d6a80000,0x00000000d6a80000,0x00000000d7000000)
 ParOldGen       total 68608K, used 64279K [0x0000000080000000, 0x0000000084300000, 0x00000000d5580000)
  object space 68608K, 93% used [0x0000000080000000,0x0000000083ec5eb8,0x0000000084300000)
 Metaspace       used 58528K, committed 59776K, reserved 1114112K
  class space    used 6218K, committed 6784K, reserved 1048576K
}
Event: 12.497 GC heap before
{Heap before GC invocations=39 (full 3):
 PSYoungGen      total 24064K, used 2542K [0x00000000d5580000, 0x00000000d7580000, 0x0000000100000000)
  eden space 21504K, 0% used [0x00000000d5580000,0x00000000d5580000,0x00000000d6a80000)
  from space 2560K, 99% used [0x00000000d7200000,0x00000000d747bbb8,0x00000000d7480000)
  to   space 5632K, 0% used [0x00000000d6a80000,0x00000000d6a80000,0x00000000d7000000)
 ParOldGen       total 68608K, used 64279K [0x0000000080000000, 0x0000000084300000, 0x00000000d5580000)
  object space 68608K, 93% used [0x0000000080000000,0x0000000083ec5eb8,0x0000000084300000)
 Metaspace       used 58528K, committed 59776K, reserved 1114112K
  class space    used 6218K, committed 6784K, reserved 1048576K
}
Event: 12.599 GC heap after
{Heap after GC invocations=39 (full 3):
 PSYoungGen      total 24064K, used 0K [0x00000000d5580000, 0x00000000d7580000, 0x0000000100000000)
  eden space 21504K, 0% used [0x00000000d5580000,0x00000000d5580000,0x00000000d6a80000)
  from space 2560K, 0% used [0x00000000d7200000,0x00000000d7200000,0x00000000d7480000)
  to   space 5632K, 0% used [0x00000000d6a80000,0x00000000d6a80000,0x00000000d7000000)
 ParOldGen       total 68608K, used 57065K [0x0000000080000000, 0x0000000084300000, 0x00000000d5580000)
  object space 68608K, 83% used [0x0000000080000000,0x00000000837ba608,0x0000000084300000)
 Metaspace       used 58528K, committed 59776K, reserved 1114112K
  class space    used 6218K, committed 6784K, reserved 1048576K
}

