# JRE version: OpenJDK Runtime Environment Temurin-21.0.10+7 (21.0.10+7) (build 21.0.10+7-LTS)
# Java VM: OpenJDK 64-Bit Server VM Temurin-21.0.10+7 (21.0.10+7-LTS, mixed mode, sharing, tiered, compressed oops, compressed class ptrs, parallel gc, windows-amd64)
GC Precious Log:
 CardTable entry size: 512
 CPUs: 8 total, 8 available
 Memory: 7991M
 Large Page Support: Disabled
 NUMA Support: Disabled
 Compressed Oops: Enabled (32-bit)
 Alignments: Space 512K, Generation 512K, Heap 2M
 Heap Min Capacity: 100M
 Heap Initial Capacity: 100M
 Heap Max Capacity: 2G
 Pre-touch: Disabled
 Parallel Workers: 8
Heap:
 PSYoungGen      total 20992K, used 6809K [0x00000000d5580000, 0x00000000d6d80000, 0x0000000100000000)
  eden space 19968K, 29% used [0x00000000d5580000,0x00000000d5b3e6b8,0x00000000d6900000)
  from space 1024K, 90% used [0x00000000d6c80000,0x00000000d6d68000,0x00000000d6d80000)
  to   space 2048K, 0% used [0x00000000d6980000,0x00000000d6980000,0x00000000d6b80000)
 ParOldGen       total 83968K, used 83625K [0x0000000080000000, 0x0000000085200000, 0x00000000d5580000)
  object space 83968K, 99% used [0x0000000080000000,0x00000000851aa6c0,0x0000000085200000)
 Metaspace       used 74134K, committed 75648K, reserved 1179648K
  class space    used 9049K, committed 9728K, reserved 1048576K
GC Heap History (20 events):
Event: 9.271 GC heap before
{Heap before GC invocations=66 (full 3):
 PSYoungGen      total 20992K, used 20973K [0x00000000d5580000, 0x00000000d6c80000, 0x0000000100000000)
  eden space 19968K, 100% used [0x00000000d5580000,0x00000000d6900000,0x00000000d6900000)
  from space 1024K, 98% used [0x00000000d6a80000,0x00000000d6b7b530,0x00000000d6b80000)
  to   space 1536K, 0% used [0x00000000d6900000,0x00000000d6900000,0x00000000d6a80000)
 ParOldGen       total 72192K, used 71889K [0x0000000080000000, 0x0000000084680000, 0x00000000d5580000)
  object space 72192K, 99% used [0x0000000080000000,0x0000000084634508,0x0000000084680000)
 Metaspace       used 68093K, committed 69440K, reserved 1114112K
  class space    used 8378K, committed 8960K, reserved 1048576K
}
Event: 9.272 GC heap after
{Heap after GC invocations=66 (full 3):
 PSYoungGen      total 21504K, used 1075K [0x00000000d5580000, 0x00000000d6c00000, 0x0000000100000000)
  eden space 19968K, 0% used [0x00000000d5580000,0x00000000d5580000,0x00000000d6900000)
  from space 1536K, 70% used [0x00000000d6900000,0x00000000d6a0ce40,0x00000000d6a80000)
  to   space 1536K, 0% used [0x00000000d6a80000,0x00000000d6a80000,0x00000000d6c00000)
 ParOldGen       total 73216K, used 72872K [0x0000000080000000, 0x0000000084780000, 0x00000000d5580000)
  object space 73216K, 99% used [0x0000000080000000,0x000000008472a2a0,0x0000000084780000)
 Metaspace       used 68093K, committed 69440K, reserved 1114112K
  class space    used 8378K, committed 8960K, reserved 1048576K
}
Event: 9.334 GC heap before
{Heap before GC invocations=67 (full 3):
 PSYoungGen      total 21504K, used 21043K [0x00000000d5580000, 0x00000000d6c00000, 0x0000000100000000)
  eden space 19968K, 100% used [0x00000000d5580000,0x00000000d6900000,0x00000000d6900000)
  from space 1536K, 70% used [0x00000000d6900000,0x00000000d6a0ce40,0x00000000d6a80000)
  to   space 1536K, 0% used [0x00000000d6a80000,0x00000000d6a80000,0x00000000d6c00000)
 ParOldGen       total 73216K, used 72872K [0x0000000080000000, 0x0000000084780000, 0x00000000d5580000)
  object space 73216K, 99% used [0x0000000080000000,0x000000008472a2a0,0x0000000084780000)
 Metaspace       used 68093K, committed 69440K, reserved 1114112K
  class space    used 8378K, committed 8960K, reserved 1048576K
}
Event: 9.335 GC heap after
{Heap after GC invocations=67 (full 3):
 PSYoungGen      total 21504K, used 1299K [0x00000000d5580000, 0x00000000d6c00000, 0x0000000100000000)
  eden space 19968K, 0% used [0x00000000d5580000,0x00000000d5580000,0x00000000d6900000)
  from space 1536K, 84% used [0x00000000d6a80000,0x00000000d6bc4d28,0x00000000d6c00000)
  to   space 1536K, 0% used [0x00000000d6900000,0x00000000d6900000,0x00000000d6a80000)
 ParOldGen       total 73216K, used 73013K [0x0000000080000000, 0x0000000084780000, 0x00000000d5580000)
  object space 73216K, 99% used [0x0000000080000000,0x000000008474d570,0x0000000084780000)
 Metaspace       used 68093K, committed 69440K, reserved 1114112K
  class space    used 8378K, committed 8960K, reserved 1048576K
}
Event: 9.474 GC heap before
{Heap before GC invocations=68 (full 3):
 PSYoungGen      total 21504K, used 21267K [0x00000000d5580000, 0x00000000d6c00000, 0x0000000100000000)
  eden space 19968K, 100% used [0x00000000d5580000,0x00000000d6900000,0x00000000d6900000)
  from space 1536K, 84% used [0x00000000d6a80000,0x00000000d6bc4d28,0x00000000d6c00000)
  to   space 1536K, 0% used [0x00000000d6900000,0x00000000d6900000,0x00000000d6a80000)
 ParOldGen       total 73216K, used 73013K [0x0000000080000000, 0x0000000084780000, 0x00000000d5580000)
  object space 73216K, 99% used [0x0000000080000000,0x000000008474d570,0x0000000084780000)
 Metaspace       used 69371K, committed 70848K, reserved 1114112K
  class space    used 8557K, committed 9216K, reserved 1048576K
}
Event: 9.475 GC heap after
{Heap after GC invocations=68 (full 3):
 PSYoungGen      total 20992K, used 560K [0x00000000d5580000, 0x00000000d6b00000, 0x0000000100000000)
  eden space 19968K, 0% used [0x00000000d5580000,0x00000000d5580000,0x00000000d6900000)
  from space 1024K, 54% used [0x00000000d6900000,0x00000000d698c010,0x00000000d6a00000)
  to   space 1024K, 0% used [0x00000000d6a00000,0x00000000d6a00000,0x00000000d6b00000)
 ParOldGen       total 73216K, used 73077K [0x0000000080000000, 0x0000000084780000, 0x00000000d5580000)
  object space 73216K, 99% used [0x0000000080000000,0x000000008475d570,0x0000000084780000)
 Metaspace       used 69371K, committed 70848K, reserved 1114112K
  class space    used 8557K, committed 9216K, reserved 1048576K
}
Event: 9.932 GC heap before
{Heap before GC invocations=69 (full 3):
 PSYoungGen      total 20992K, used 20528K [0x00000000d5580000, 0x00000000d6b00000, 0x0000000100000000)
  eden space 19968K, 100% used [0x00000000d5580000,0x00000000d6900000,0x00000000d6900000)
  from space 1024K, 54% used [0x00000000d6900000,0x00000000d698c010,0x00000000d6a00000)
  to   space 1024K, 0% used [0x00000000d6a00000,0x00000000d6a00000,0x00000000d6b00000)
 ParOldGen       total 73216K, used 73077K [0x0000000080000000, 0x0000000084780000, 0x00000000d5580000)
  object space 73216K, 99% used [0x0000000080000000,0x000000008475d570,0x0000000084780000)
 Metaspace       used 71367K, committed 72896K, reserved 1114112K
  class space    used 8825K, committed 9472K, reserved 1048576K
}
Event: 9.933 GC heap after
{Heap after GC invocations=69 (full 3):
 PSYoungGen      total 20992K, used 756K [0x00000000d5580000, 0x00000000d6b00000, 0x0000000100000000)
  eden space 19968K, 0% used [0x00000000d5580000,0x00000000d5580000,0x00000000d6900000)
  from space 1024K, 73% used [0x00000000d6a00000,0x00000000d6abd100,0x00000000d6b00000)
  to   space 1024K, 0% used [0x00000000d6900000,0x00000000d6900000,0x00000000d6a00000)
 ParOldGen       total 73728K, used 73511K [0x0000000080000000, 0x0000000084800000, 0x00000000d5580000)
  object space 73728K, 99% used [0x0000000080000000,0x00000000847c9f48,0x0000000084800000)
 Metaspace       used 71367K, committed 72896K, reserved 1114112K
  class space    used 8825K, committed 9472K, reserved 1048576K
}
Event: 10.302 GC heap before
{Heap before GC invocations=70 (full 3):
 PSYoungGen      total 20992K, used 20724K [0x00000000d5580000, 0x00000000d6b00000, 0x0000000100000000)
  eden space 19968K, 100% used [0x00000000d5580000,0x00000000d6900000,0x00000000d6900000)
  from space 1024K, 73% used [0x00000000d6a00000,0x00000000d6abd100,0x00000000d6b00000)
  to   space 1024K, 0% used [0x00000000d6900000,0x00000000d6900000,0x00000000d6a00000)
 ParOldGen       total 73728K, used 73511K [0x0000000080000000, 0x0000000084800000, 0x00000000d5580000)
  object space 73728K, 99% used [0x0000000080000000,0x00000000847c9f48,0x0000000084800000)
 Metaspace       used 72536K, committed 74048K, reserved 1114112K
  class space    used 8934K, committed 9600K, reserved 1048576K
}
Event: 10.305 GC heap after
{Heap after GC invocations=70 (full 3):
 PSYoungGen      total 20992K, used 1024K [0x00000000d5580000, 0x00000000d7300000, 0x0000000100000000)
  eden space 19968K, 0% used [0x00000000d5580000,0x00000000d5580000,0x00000000d6900000)
  from space 1024K, 100% used [0x00000000d6900000,0x00000000d6a00000,0x00000000d6a00000)
  to   space 5120K, 0% used [0x00000000d6e00000,0x00000000d6e00000,0x00000000d7300000)
 ParOldGen       total 77312K, used 76829K [0x0000000080000000, 0x0000000084b80000, 0x00000000d5580000)
  object space 77312K, 99% used [0x0000000080000000,0x0000000084b07678,0x0000000084b80000)
 Metaspace       used 72536K, committed 74048K, reserved 1114112K
  class space    used 8934K, committed 9600K, reserved 1048576K
}
Event: 10.595 GC heap before
{Heap before GC invocations=71 (full 3):
 PSYoungGen      total 20992K, used 20992K [0x00000000d5580000, 0x00000000d7300000, 0x0000000100000000)
  eden space 19968K, 100% used [0x00000000d5580000,0x00000000d6900000,0x00000000d6900000)
  from space 1024K, 100% used [0x00000000d6900000,0x00000000d6a00000,0x00000000d6a00000)
  to   space 5120K, 0% used [0x00000000d6e00000,0x00000000d6e00000,0x00000000d7300000)
 ParOldGen       total 77312K, used 76829K [0x0000000080000000, 0x0000000084b80000, 0x00000000d5580000)
  object space 77312K, 99% used [0x0000000080000000,0x0000000084b07678,0x0000000084b80000)
 Metaspace       used 72950K, committed 74496K, reserved 1114112K
  class space    used 8964K, committed 9664K, reserved 1048576K
}
Event: 10.597 GC heap after
{Heap after GC invocations=71 (full 3):
 PSYoungGen      total 21504K, used 1078K [0x00000000d5580000, 0x00000000d6f80000, 0x0000000100000000)
  eden space 19968K, 0% used [0x00000000d5580000,0x00000000d5580000,0x00000000d6900000)
  from space 1536K, 70% used [0x00000000d6e00000,0x00000000d6f0d858,0x00000000d6f80000)
  to   space 2560K, 0% used [0x00000000d6a80000,0x00000000d6a80000,0x00000000d6d00000)
 ParOldGen       total 78336K, used 77855K [0x0000000080000000, 0x0000000084c80000, 0x00000000d5580000)
  object space 78336K, 99% used [0x0000000080000000,0x0000000084c07eb8,0x0000000084c80000)
 Metaspace       used 72950K, committed 74496K, reserved 1114112K
  class space    used 8964K, committed 9664K, reserved 1048576K
}
Event: 11.765 GC heap before
{Heap before GC invocations=72 (full 3):
 PSYoungGen      total 21504K, used 21046K [0x00000000d5580000, 0x00000000d6f80000, 0x0000000100000000)
  eden space 19968K, 100% used [0x00000000d5580000,0x00000000d6900000,0x00000000d6900000)
  from space 1536K, 70% used [0x00000000d6e00000,0x00000000d6f0d858,0x00000000d6f80000)
  to   space 2560K, 0% used [0x00000000d6a80000,0x00000000d6a80000,0x00000000d6d00000)
 ParOldGen       total 78336K, used 77855K [0x0000000080000000, 0x0000000084c80000, 0x00000000d5580000)
  object space 78336K, 99% used [0x0000000080000000,0x0000000084c07eb8,0x0000000084c80000)
 Metaspace       used 73473K, committed 74944K, reserved 1114112K
  class space    used 9025K, committed 9664K, reserved 1048576K
}
Event: 11.767 GC heap after
{Heap after GC invocations=72 (full 3):
 PSYoungGen      total 22016K, used 1542K [0x00000000d5580000, 0x00000000d6e80000, 0x0000000100000000)
  eden space 19968K, 0% used [0x00000000d5580000,0x00000000d5580000,0x00000000d6900000)
  from space 2048K, 75% used [0x00000000d6a80000,0x00000000d6c01b38,0x00000000d6c80000)
  to   space 2048K, 0% used [0x00000000d6c80000,0x00000000d6c80000,0x00000000d6e80000)
 ParOldGen       total 78848K, used 78504K [0x0000000080000000, 0x0000000084d00000, 0x00000000d5580000)
  object space 78848K, 99% used [0x0000000080000000,0x0000000084caa3f0,0x0000000084d00000)
 Metaspace       used 73473K, committed 74944K, reserved 1114112K
  class space    used 9025K, committed 9664K, reserved 1048576K
}
Event: 12.000 GC heap before
{Heap before GC invocations=73 (full 3):
 PSYoungGen      total 22016K, used 21510K [0x00000000d5580000, 0x00000000d6e80000, 0x0000000100000000)
  eden space 19968K, 100% used [0x00000000d5580000,0x00000000d6900000,0x00000000d6900000)
  from space 2048K, 75% used [0x00000000d6a80000,0x00000000d6c01b38,0x00000000d6c80000)
  to   space 2048K, 0% used [0x00000000d6c80000,0x00000000d6c80000,0x00000000d6e80000)
 ParOldGen       total 78848K, used 78504K [0x0000000080000000, 0x0000000084d00000, 0x00000000d5580000)
  object space 78848K, 99% used [0x0000000080000000,0x0000000084caa3f0,0x0000000084d00000)
 Metaspace       used 73658K, committed 75072K, reserved 1114112K
  class space    used 9028K, committed 9664K, reserved 1048576K
}
Event: 12.002 GC heap after
{Heap after GC invocations=73 (full 3):
 PSYoungGen      total 22016K, used 2016K [0x00000000d5580000, 0x00000000d6f00000, 0x0000000100000000)
  eden space 19968K, 0% used [0x00000000d5580000,0x00000000d5580000,0x00000000d6900000)
  from space 2048K, 98% used [0x00000000d6c80000,0x00000000d6e78010,0x00000000d6e80000)
  to   space 3072K, 0% used [0x00000000d6900000,0x00000000d6900000,0x00000000d6c00000)
 ParOldGen       total 79360K, used 78917K [0x0000000080000000, 0x0000000084d80000, 0x00000000d5580000)
  object space 79360K, 99% used [0x0000000080000000,0x0000000084d11400,0x0000000084d80000)
 Metaspace       used 73658K, committed 75072K, reserved 1114112K
  class space    used 9028K, committed 9664K, reserved 1048576K
}
Event: 12.154 GC heap before
{Heap before GC invocations=74 (full 3):
 PSYoungGen      total 22016K, used 21984K [0x00000000d5580000, 0x00000000d6f00000, 0x0000000100000000)
  eden space 19968K, 100% used [0x00000000d5580000,0x00000000d6900000,0x00000000d6900000)
  from space 2048K, 98% used [0x00000000d6c80000,0x00000000d6e78010,0x00000000d6e80000)
  to   space 3072K, 0% used [0x00000000d6900000,0x00000000d6900000,0x00000000d6c00000)
 ParOldGen       total 79360K, used 78917K [0x0000000080000000, 0x0000000084d80000, 0x00000000d5580000)
  object space 79360K, 99% used [0x0000000080000000,0x0000000084d11400,0x0000000084d80000)
 Metaspace       used 73932K, committed 75456K, reserved 1179648K
  class space    used 9045K, committed 9728K, reserved 1048576K
}
Event: 12.156 GC heap after
{Heap after GC invocations=74 (full 3):
 PSYoungGen      total 23040K, used 2948K [0x00000000d5580000, 0x00000000d7000000, 0x0000000100000000)
  eden space 19968K, 0% used [0x00000000d5580000,0x00000000d5580000,0x00000000d6900000)
  from space 3072K, 95% used [0x00000000d6900000,0x00000000d6be1078,0x00000000d6c00000)
  to   space 3584K, 0% used [0x00000000d6c80000,0x00000000d6c80000,0x00000000d7000000)
 ParOldGen       total 80896K, used 80825K [0x0000000080000000, 0x0000000084f00000, 0x00000000d5580000)
  object space 80896K, 99% used [0x0000000080000000,0x0000000084eee540,0x0000000084f00000)
 Metaspace       used 73932K, committed 75456K, reserved 1179648K
  class space    used 9045K, committed 9728K, reserved 1048576K
}
Event: 12.257 GC heap before
{Heap before GC invocations=75 (full 3):
 PSYoungGen      total 23040K, used 22916K [0x00000000d5580000, 0x00000000d7000000, 0x0000000100000000)
  eden space 19968K, 100% used [0x00000000d5580000,0x00000000d6900000,0x00000000d6900000)
  from space 3072K, 95% used [0x00000000d6900000,0x00000000d6be1078,0x00000000d6c00000)
  to   space 3584K, 0% used [0x00000000d6c80000,0x00000000d6c80000,0x00000000d7000000)
 ParOldGen       total 80896K, used 80825K [0x0000000080000000, 0x0000000084f00000, 0x00000000d5580000)
  object space 80896K, 99% used [0x0000000080000000,0x0000000084eee540,0x0000000084f00000)
 Metaspace       used 74098K, committed 75584K, reserved 1179648K
  class space    used 9049K, committed 9728K, reserved 1048576K
}
Event: 12.260 GC heap after
{Heap after GC invocations=75 (full 3):
 PSYoungGen      total 20992K, used 928K [0x00000000d5580000, 0x00000000d6d80000, 0x0000000100000000)
  eden space 19968K, 0% used [0x00000000d5580000,0x00000000d5580000,0x00000000d6900000)
  from space 1024K, 90% used [0x00000000d6c80000,0x00000000d6d68000,0x00000000d6d80000)
  to   space 2048K, 0% used [0x00000000d6980000,0x00000000d6980000,0x00000000d6b80000)
 ParOldGen       total 83968K, used 83625K [0x0000000080000000, 0x0000000085200000, 0x00000000d5580000)
  object space 83968K, 99% used [0x0000000080000000,0x00000000851aa6c0,0x0000000085200000)
 Metaspace       used 74098K, committed 75584K, reserved 1179648K
  class space    used 9049K, committed 9728K, reserved 1048576K
}

