GC Precious Log:
 CardTable entry size: 512
 CPUs: 8 total, 8 available
 Memory: 7991M
 Large Page Support: Disabled
 NUMA Support: Disabled
 Compressed Oops: Enabled (32-bit)
 Alignments: Space 512K, Generation 512K, Heap 2M
 Heap Min Capacity: 100M
 Heap Initial Capacity: 100M
 Heap Max Capacity: 2G
 Pre-touch: Disabled
 Parallel Workers: 8
Heap:
 PSYoungGen      total 17408K, used 16476K [0x00000000d5580000, 0x00000000d6a00000, 0x0000000100000000)
  eden space 16896K, 96% used [0x00000000d5580000,0x00000000d6558f50,0x00000000d6600000)
  from space 512K, 48% used [0x00000000d6980000,0x00000000d69be470,0x00000000d6a00000)
  to   space 1024K, 68% used [0x00000000d6800000,0x00000000d68b0000,0x00000000d6900000)
 ParOldGen       total 96768K, used 96300K [0x0000000080000000, 0x0000000085e80000, 0x00000000d5580000)
  object space 96768K, 99% used [0x0000000080000000,0x0000000085e0b2f8,0x0000000085e80000)
 Metaspace       used 77465K, committed 79040K, reserved 1179648K
  class space    used 9454K, committed 10112K, reserved 1048576K
GC Heap History (20 events):
Event: 12.356 GC heap after
{Heap after GC invocations=72 (full 3):
 PSYoungGen      total 17920K, used 1008K [0x00000000d5580000, 0x00000000d6b00000, 0x0000000100000000)
  eden space 16896K, 0% used [0x00000000d5580000,0x00000000d5580000,0x00000000d6600000)
  from space 1024K, 98% used [0x00000000d6600000,0x00000000d66fc008,0x00000000d6700000)
  to   space 2560K, 0% used [0x00000000d6880000,0x00000000d6880000,0x00000000d6b00000)
 ParOldGen       total 82944K, used 82729K [0x0000000080000000, 0x0000000085100000, 0x00000000d5580000)
  object space 82944K, 99% used [0x0000000080000000,0x00000000850ca690,0x0000000085100000)
 Metaspace       used 73000K, committed 74496K, reserved 1114112K
  class space    used 8997K, committed 9664K, reserved 1048576K
}
Event: 12.795 GC heap before
{Heap before GC invocations=73 (full 3):
 PSYoungGen      total 17920K, used 17904K [0x00000000d5580000, 0x00000000d6b00000, 0x0000000100000000)
  eden space 16896K, 100% used [0x00000000d5580000,0x00000000d6600000,0x00000000d6600000)
  from space 1024K, 98% used [0x00000000d6600000,0x00000000d66fc008,0x00000000d6700000)
  to   space 2560K, 0% used [0x00000000d6880000,0x00000000d6880000,0x00000000d6b00000)
 ParOldGen       total 82944K, used 82729K [0x0000000080000000, 0x0000000085100000, 0x00000000d5580000)
  object space 82944K, 99% used [0x0000000080000000,0x00000000850ca690,0x0000000085100000)
 Metaspace       used 73568K, committed 75072K, reserved 1114112K
  class space    used 9051K, committed 9728K, reserved 1048576K
}
Event: 12.798 GC heap after
{Heap after GC invocations=73 (full 3):
 PSYoungGen      total 18944K, used 1943K [0x00000000d5580000, 0x00000000d6a80000, 0x0000000100000000)
  eden space 16896K, 0% used [0x00000000d5580000,0x00000000d5580000,0x00000000d6600000)
  from space 2048K, 94% used [0x00000000d6880000,0x00000000d6a65e78,0x00000000d6a80000)
  to   space 2048K, 0% used [0x00000000d6680000,0x00000000d6680000,0x00000000d6880000)
 ParOldGen       total 83968K, used 83705K [0x0000000080000000, 0x0000000085200000, 0x00000000d5580000)
  object space 83968K, 99% used [0x0000000080000000,0x00000000851be670,0x0000000085200000)
 Metaspace       used 73568K, committed 75072K, reserved 1114112K
  class space    used 9051K, committed 9728K, reserved 1048576K
}
Event: 13.104 GC heap before
{Heap before GC invocations=74 (full 3):
 PSYoungGen      total 18944K, used 18839K [0x00000000d5580000, 0x00000000d6a80000, 0x0000000100000000)
  eden space 16896K, 100% used [0x00000000d5580000,0x00000000d6600000,0x00000000d6600000)
  from space 2048K, 94% used [0x00000000d6880000,0x00000000d6a65e78,0x00000000d6a80000)
  to   space 2048K, 0% used [0x00000000d6680000,0x00000000d6680000,0x00000000d6880000)
 ParOldGen       total 83968K, used 83705K [0x0000000080000000, 0x0000000085200000, 0x00000000d5580000)
  object space 83968K, 99% used [0x0000000080000000,0x00000000851be670,0x0000000085200000)
 Metaspace       used 74348K, committed 75840K, reserved 1179648K
  class space    used 9137K, committed 9792K, reserved 1048576K
}
Event: 13.109 GC heap after
{Heap after GC invocations=74 (full 3):
 PSYoungGen      total 18944K, used 2018K [0x00000000d5580000, 0x00000000d7300000, 0x0000000100000000)
  eden space 16896K, 0% used [0x00000000d5580000,0x00000000d5580000,0x00000000d6600000)
  from space 2048K, 98% used [0x00000000d6680000,0x00000000d6878828,0x00000000d6880000)
  to   space 6656K, 0% used [0x00000000d6c80000,0x00000000d6c80000,0x00000000d7300000)
 ParOldGen       total 87552K, used 87271K [0x0000000080000000, 0x0000000085580000, 0x00000000d5580000)
  object space 87552K, 99% used [0x0000000080000000,0x0000000085539e30,0x0000000085580000)
 Metaspace       used 74348K, committed 75840K, reserved 1179648K
  class space    used 9137K, committed 9792K, reserved 1048576K
}
Event: 13.308 GC heap before
{Heap before GC invocations=75 (full 3):
 PSYoungGen      total 18944K, used 18914K [0x00000000d5580000, 0x00000000d7300000, 0x0000000100000000)
  eden space 16896K, 100% used [0x00000000d5580000,0x00000000d6600000,0x00000000d6600000)
  from space 2048K, 98% used [0x00000000d6680000,0x00000000d6878828,0x00000000d6880000)
  to   space 6656K, 0% used [0x00000000d6c80000,0x00000000d6c80000,0x00000000d7300000)
 ParOldGen       total 87552K, used 87271K [0x0000000080000000, 0x0000000085580000, 0x00000000d5580000)
  object space 87552K, 99% used [0x0000000080000000,0x0000000085539e30,0x0000000085580000)
 Metaspace       used 74533K, committed 76032K, reserved 1179648K
  class space    used 9145K, committed 9792K, reserved 1048576K
}
Event: 13.313 GC heap after
{Heap after GC invocations=75 (full 3):
 PSYoungGen      total 19456K, used 2496K [0x00000000d5580000, 0x00000000d6f00000, 0x0000000100000000)
  eden space 16896K, 0% used [0x00000000d5580000,0x00000000d5580000,0x00000000d6600000)
  from space 2560K, 97% used [0x00000000d6c80000,0x00000000d6ef0010,0x00000000d6f00000)
  to   space 4096K, 0% used [0x00000000d6700000,0x00000000d6700000,0x00000000d6b00000)
 ParOldGen       total 89600K, used 89315K [0x0000000080000000, 0x0000000085780000, 0x00000000d5580000)
  object space 89600K, 99% used [0x0000000080000000,0x0000000085738e18,0x0000000085780000)
 Metaspace       used 74533K, committed 76032K, reserved 1179648K
  class space    used 9145K, committed 9792K, reserved 1048576K
}
Event: 13.500 GC heap before
{Heap before GC invocations=76 (full 3):
 PSYoungGen      total 19456K, used 19392K [0x00000000d5580000, 0x00000000d6f00000, 0x0000000100000000)
  eden space 16896K, 100% used [0x00000000d5580000,0x00000000d6600000,0x00000000d6600000)
  from space 2560K, 97% used [0x00000000d6c80000,0x00000000d6ef0010,0x00000000d6f00000)
  to   space 4096K, 0% used [0x00000000d6700000,0x00000000d6700000,0x00000000d6b00000)
 ParOldGen       total 89600K, used 89315K [0x0000000080000000, 0x0000000085780000, 0x00000000d5580000)
  object space 89600K, 99% used [0x0000000080000000,0x0000000085738e18,0x0000000085780000)
 Metaspace       used 74726K, committed 76224K, reserved 1179648K
  class space    used 9152K, committed 9792K, reserved 1048576K
}
Event: 13.506 GC heap after
{Heap after GC invocations=76 (full 3):
 PSYoungGen      total 19456K, used 2292K [0x00000000d5580000, 0x00000000d6d00000, 0x0000000100000000)
  eden space 16896K, 0% used [0x00000000d5580000,0x00000000d5580000,0x00000000d6600000)
  from space 2560K, 89% used [0x00000000d6700000,0x00000000d693d260,0x00000000d6980000)
  to   space 2560K, 0% used [0x00000000d6a80000,0x00000000d6a80000,0x00000000d6d00000)
 ParOldGen       total 92160K, used 91681K [0x0000000080000000, 0x0000000085a00000, 0x00000000d5580000)
  object space 92160K, 99% used [0x0000000080000000,0x00000000859884a0,0x0000000085a00000)
 Metaspace       used 74726K, committed 76224K, reserved 1179648K
  class space    used 9152K, committed 9792K, reserved 1048576K
}
Event: 19.659 GC heap before
{Heap before GC invocations=77 (full 3):
 PSYoungGen      total 19456K, used 19188K [0x00000000d5580000, 0x00000000d6d00000, 0x0000000100000000)
  eden space 16896K, 100% used [0x00000000d5580000,0x00000000d6600000,0x00000000d6600000)
  from space 2560K, 89% used [0x00000000d6700000,0x00000000d693d260,0x00000000d6980000)
  to   space 2560K, 0% used [0x00000000d6a80000,0x00000000d6a80000,0x00000000d6d00000)
 ParOldGen       total 92160K, used 91681K [0x0000000080000000, 0x0000000085a00000, 0x00000000d5580000)
  object space 92160K, 99% used [0x0000000080000000,0x00000000859884a0,0x0000000085a00000)
 Metaspace       used 75122K, committed 76608K, reserved 1179648K
  class space    used 9172K, committed 9792K, reserved 1048576K
}
Event: 19.663 GC heap after
{Heap after GC invocations=77 (full 3):
 PSYoungGen      total 17408K, used 448K [0x00000000d5580000, 0x00000000d6b00000, 0x0000000100000000)
  eden space 16896K, 0% used [0x00000000d5580000,0x00000000d5580000,0x00000000d6600000)
  from space 512K, 87% used [0x00000000d6a80000,0x00000000d6af0000,0x00000000d6b00000)
  to   space 1536K, 0% used [0x00000000d6800000,0x00000000d6800000,0x00000000d6980000)
 ParOldGen       total 94208K, used 93907K [0x0000000080000000, 0x0000000085c00000, 0x00000000d5580000)
  object space 94208K, 99% used [0x0000000080000000,0x0000000085bb4d68,0x0000000085c00000)
 Metaspace       used 75122K, committed 76608K, reserved 1179648K
  class space    used 9172K, committed 9792K, reserved 1048576K
}
Event: 23.302 GC heap before
{Heap before GC invocations=78 (full 3):
 PSYoungGen      total 17408K, used 17344K [0x00000000d5580000, 0x00000000d6b00000, 0x0000000100000000)
  eden space 16896K, 100% used [0x00000000d5580000,0x00000000d6600000,0x00000000d6600000)
  from space 512K, 87% used [0x00000000d6a80000,0x00000000d6af0000,0x00000000d6b00000)
  to   space 1536K, 0% used [0x00000000d6800000,0x00000000d6800000,0x00000000d6980000)
 ParOldGen       total 94208K, used 93907K [0x0000000080000000, 0x0000000085c00000, 0x00000000d5580000)
  object space 94208K, 99% used [0x0000000080000000,0x0000000085bb4d68,0x0000000085c00000)
 Metaspace       used 75314K, committed 76864K, reserved 1179648K
  class space    used 9192K, committed 9856K, reserved 1048576K
}
Event: 23.303 GC heap after
{Heap after GC invocations=78 (full 3):
 PSYoungGen      total 18432K, used 256K [0x00000000d5580000, 0x00000000d6b00000, 0x0000000100000000)
  eden space 16896K, 0% used [0x00000000d5580000,0x00000000d5580000,0x00000000d6600000)
  from space 1536K, 16% used [0x00000000d6800000,0x00000000d6840000,0x00000000d6980000)
  to   space 512K, 0% used [0x00000000d6a80000,0x00000000d6a80000,0x00000000d6b00000)
 ParOldGen       total 94720K, used 94275K [0x0000000080000000, 0x0000000085c80000, 0x00000000d5580000)
  object space 94720K, 99% used [0x0000000080000000,0x0000000085c10d68,0x0000000085c80000)
 Metaspace       used 75314K, committed 76864K, reserved 1179648K
  class space    used 9192K, committed 9856K, reserved 1048576K
}
Event: 23.734 GC heap before
{Heap before GC invocations=79 (full 3):
 PSYoungGen      total 18432K, used 17152K [0x00000000d5580000, 0x00000000d6b00000, 0x0000000100000000)
  eden space 16896K, 100% used [0x00000000d5580000,0x00000000d6600000,0x00000000d6600000)
  from space 1536K, 16% used [0x00000000d6800000,0x00000000d6840000,0x00000000d6980000)
  to   space 512K, 0% used [0x00000000d6a80000,0x00000000d6a80000,0x00000000d6b00000)
 ParOldGen       total 94720K, used 94275K [0x0000000080000000, 0x0000000085c80000, 0x00000000d5580000)
  object space 94720K, 99% used [0x0000000080000000,0x0000000085c10d68,0x0000000085c80000)
 Metaspace       used 76103K, committed 77632K, reserved 1179648K
  class space    used 9305K, committed 9984K, reserved 1048576K
}
Event: 23.736 GC heap after
{Heap after GC invocations=79 (full 3):
 PSYoungGen      total 17408K, used 512K [0x00000000d5580000, 0x00000000d6b00000, 0x0000000100000000)
  eden space 16896K, 0% used [0x00000000d5580000,0x00000000d5580000,0x00000000d6600000)
  from space 512K, 100% used [0x00000000d6a80000,0x00000000d6b00000,0x00000000d6b00000)
  to   space 1536K, 0% used [0x00000000d6800000,0x00000000d6800000,0x00000000d6980000)
 ParOldGen       total 95232K, used 94911K [0x0000000080000000, 0x0000000085d00000, 0x00000000d5580000)
  object space 95232K, 99% used [0x0000000080000000,0x0000000085cafdf0,0x0000000085d00000)
 Metaspace       used 76103K, committed 77632K, reserved 1179648K
  class space    used 9305K, committed 9984K, reserved 1048576K
}
Event: 24.050 GC heap before
{Heap before GC invocations=80 (full 3):
 PSYoungGen      total 17408K, used 17216K [0x00000000d5580000, 0x00000000d6b00000, 0x0000000100000000)
  eden space 16896K, 98% used [0x00000000d5580000,0x00000000d65d03a0,0x00000000d6600000)
  from space 512K, 100% used [0x00000000d6a80000,0x00000000d6b00000,0x00000000d6b00000)
  to   space 1536K, 0% used [0x00000000d6800000,0x00000000d6800000,0x00000000d6980000)
 ParOldGen       total 95232K, used 94911K [0x0000000080000000, 0x0000000085d00000, 0x00000000d5580000)
  object space 95232K, 99% used [0x0000000080000000,0x0000000085cafdf0,0x0000000085d00000)
 Metaspace       used 77093K, committed 78720K, reserved 1179648K
  class space    used 9427K, committed 10112K, reserved 1048576K
}
Event: 24.051 GC heap after
{Heap after GC invocations=80 (full 3):
 PSYoungGen      total 18432K, used 1344K [0x00000000d5580000, 0x00000000d6b00000, 0x0000000100000000)
  eden space 16896K, 0% used [0x00000000d5580000,0x00000000d5580000,0x00000000d6600000)
  from space 1536K, 87% used [0x00000000d6800000,0x00000000d6950210,0x00000000d6980000)
  to   space 1536K, 0% used [0x00000000d6980000,0x00000000d6980000,0x00000000d6b00000)
 ParOldGen       total 95744K, used 95467K [0x0000000080000000, 0x0000000085d80000, 0x00000000d5580000)
  object space 95744K, 99% used [0x0000000080000000,0x0000000085d3ae78,0x0000000085d80000)
 Metaspace       used 77093K, committed 78720K, reserved 1179648K
  class space    used 9427K, committed 10112K, reserved 1048576K
}
Event: 24.904 GC heap before
{Heap before GC invocations=81 (full 3):
 PSYoungGen      total 18432K, used 18240K [0x00000000d5580000, 0x00000000d6b00000, 0x0000000100000000)
  eden space 16896K, 100% used [0x00000000d5580000,0x00000000d6600000,0x00000000d6600000)
  from space 1536K, 87% used [0x00000000d6800000,0x00000000d6950210,0x00000000d6980000)
  to   space 1536K, 0% used [0x00000000d6980000,0x00000000d6980000,0x00000000d6b00000)
 ParOldGen       total 95744K, used 95467K [0x0000000080000000, 0x0000000085d80000, 0x00000000d5580000)
  object space 95744K, 99% used [0x0000000080000000,0x0000000085d3ae78,0x0000000085d80000)
 Metaspace       used 77187K, committed 78784K, reserved 1179648K
  class space    used 9434K, committed 10112K, reserved 1048576K
}
Event: 24.905 GC heap after
{Heap after GC invocations=81 (full 3):
 PSYoungGen      total 17408K, used 249K [0x00000000d5580000, 0x00000000d6a00000, 0x0000000100000000)
  eden space 16896K, 0% used [0x00000000d5580000,0x00000000d5580000,0x00000000d6600000)
  from space 512K, 48% used [0x00000000d6980000,0x00000000d69be470,0x00000000d6a00000)
  to   space 1024K, 0% used [0x00000000d6800000,0x00000000d6800000,0x00000000d6900000)
 ParOldGen       total 96256K, used 96227K [0x0000000080000000, 0x0000000085e00000, 0x00000000d5580000)
  object space 96256K, 99% used [0x0000000080000000,0x0000000085df8e88,0x0000000085e00000)
 Metaspace       used 77187K, committed 78784K, reserved 1179648K
  class space    used 9434K, committed 10112K, reserved 1048576K
}
Event: 35.625 GC heap before
{Heap before GC invocations=82 (full 3):
 PSYoungGen      total 17408K, used 16476K [0x00000000d5580000, 0x00000000d6a00000, 0x0000000100000000)
  eden space 16896K, 96% used [0x00000000d5580000,0x00000000d6558f50,0x00000000d6600000)
  from space 512K, 48% used [0x00000000d6980000,0x00000000d69be470,0x00000000d6a00000)
  to   space 1024K, 0% used [0x00000000d6800000,0x00000000d6800000,0x00000000d6900000)
 ParOldGen       total 96256K, used 96227K [0x0000000080000000, 0x0000000085e00000, 0x00000000d5580000)
  object space 96256K, 99% used [0x0000000080000000,0x0000000085df8e88,0x0000000085e00000)
 Metaspace       used 77465K, committed 79040K, reserved 1179648K
  class space    used 9454K, committed 10112K, reserved 1048576K
}

