# JRE version: Java(TM) SE Runtime Environment (21.0.5+9) (build 21.0.5+9-LTS-239)
# Java VM: Java HotSpot(TM) 64-Bit Server VM (21.0.5+9-LTS-239, mixed mode, sharing, tiered, compressed oops, compressed class ptrs, g1 gc, windows-amd64)
GC Precious Log:
 CardTable entry size: 512
 Card Set container configuration: InlinePtr #cards 5 size 8 Array Of Cards #cards 12 size 40 Howl #buckets 4 coarsen threshold 1843 Howl Bitmap #cards 512 size 80 coarsen threshold 460 Card regions per heap region 1 cards per card region 2048
 CPUs: 8 total, 8 available
 Memory: 7991M
 Large Page Support: Disabled
 NUMA Support: Disabled
 Compressed Oops: Enabled (32-bit)
 Heap Region Size: 1M
 Heap Min Capacity: 256M
 Heap Initial Capacity: 256M
 Heap Max Capacity: 512M
 Pre-touch: Disabled
 Parallel Workers: 8
 Concurrent Workers: 2
 Concurrent Refinement Workers: 8
 Periodic GC: Disabled
Heap:
 garbage-first heap   total 262144K, used 135557K [0x00000000e0000000, 0x0000000100000000)
  region size 1024K, 111 young (113664K), 16 survivors (16384K)
 Metaspace       used 57062K, committed 59008K, reserved 393216K
  class space    used 8096K, committed 9088K, reserved 327680K
GC Heap History (12 events):
Event: 0.884 GC heap before
{Heap before GC invocations=0 (full 0):
 garbage-first heap   total 262144K, used 22528K [0x00000000e0000000, 0x0000000100000000)
  region size 1024K, 23 young (23552K), 0 survivors (0K)
 Metaspace       used 871K, committed 1024K, reserved 393216K
  class space    used 67K, committed 128K, reserved 327680K
}
Event: 0.890 GC heap after
{Heap after GC invocations=1 (full 0):
 garbage-first heap   total 262144K, used 1714K [0x00000000e0000000, 0x0000000100000000)
  region size 1024K, 2 young (2048K), 2 survivors (2048K)
 Metaspace       used 871K, committed 1024K, reserved 393216K
  class space    used 67K, committed 128K, reserved 327680K
}
Event: 1.951 GC heap before
{Heap before GC invocations=1 (full 0):
 garbage-first heap   total 262144K, used 39602K [0x00000000e0000000, 0x0000000100000000)
  region size 1024K, 37 young (37888K), 2 survivors (2048K)
 Metaspace       used 4356K, committed 4544K, reserved 393216K
  class space    used 541K, committed 640K, reserved 327680K
}
Event: 1.962 GC heap after
{Heap after GC invocations=2 (full 0):
 garbage-first heap   total 262144K, used 10992K [0x00000000e0000000, 0x0000000100000000)
  region size 1024K, 5 young (5120K), 5 survivors (5120K)
 Metaspace       used 4356K, committed 4544K, reserved 393216K
  class space    used 541K, committed 640K, reserved 327680K
}
Event: 5.300 GC heap before
{Heap before GC invocations=2 (full 0):
 garbage-first heap   total 262144K, used 158448K [0x00000000e0000000, 0x0000000100000000)
  region size 1024K, 148 young (151552K), 5 survivors (5120K)
 Metaspace       used 20801K, committed 21504K, reserved 393216K
  class space    used 2969K, committed 3328K, reserved 327680K
}
Event: 5.313 GC heap after
{Heap after GC invocations=3 (full 0):
 garbage-first heap   total 262144K, used 23859K [0x00000000e0000000, 0x0000000100000000)
  region size 1024K, 17 young (17408K), 17 survivors (17408K)
 Metaspace       used 20801K, committed 21504K, reserved 393216K
  class space    used 2969K, committed 3328K, reserved 327680K
}
Event: 7.599 GC heap before
{Heap before GC invocations=4 (full 0):
 garbage-first heap   total 262144K, used 131379K [0x00000000e0000000, 0x0000000100000000)
  region size 1024K, 123 young (125952K), 17 survivors (17408K)
 Metaspace       used 34800K, committed 35968K, reserved 393216K
  class space    used 4878K, committed 5440K, reserved 327680K
}
Event: 7.617 GC heap after
{Heap after GC invocations=5 (full 0):
 garbage-first heap   total 262144K, used 34264K [0x00000000e0000000, 0x0000000100000000)
  region size 1024K, 10 young (10240K), 10 survivors (10240K)
 Metaspace       used 34800K, committed 35968K, reserved 393216K
  class space    used 4878K, committed 5440K, reserved 327680K
}
Event: 7.628 GC heap before
{Heap before GC invocations=5 (full 0):
 garbage-first heap   total 262144K, used 35288K [0x00000000e0000000, 0x0000000100000000)
  region size 1024K, 12 young (12288K), 10 survivors (10240K)
 Metaspace       used 34870K, committed 35968K, reserved 393216K
  class space    used 4891K, committed 5440K, reserved 327680K
}
Event: 7.633 GC heap after
{Heap after GC invocations=6 (full 0):
 garbage-first heap   total 262144K, used 33168K [0x00000000e0000000, 0x0000000100000000)
  region size 1024K, 9 young (9216K), 9 survivors (9216K)
 Metaspace       used 34870K, committed 35968K, reserved 393216K
  class space    used 4891K, committed 5440K, reserved 327680K
}
Event: 10.918 GC heap before
{Heap before GC invocations=7 (full 0):
 garbage-first heap   total 262144K, used 186768K [0x00000000e0000000, 0x0000000100000000)
  region size 1024K, 153 young (156672K), 9 survivors (9216K)
 Metaspace       used 50919K, committed 52672K, reserved 393216K
  class space    used 7229K, committed 8128K, reserved 327680K
}
Event: 10.931 GC heap after
{Heap after GC invocations=8 (full 0):
 garbage-first heap   total 262144K, used 40325K [0x00000000e0000000, 0x0000000100000000)
  region size 1024K, 16 young (16384K), 16 survivors (16384K)
 Metaspace       used 50919K, committed 52672K, reserved 393216K
  class space    used 7229K, committed 8128K, reserved 327680K
}

