# JRE version: OpenJDK Runtime Environment Temurin-21.0.10+7 (21.0.10+7) (build 21.0.10+7-LTS)
# Java VM: OpenJDK 64-Bit Server VM Temurin-21.0.10+7 (21.0.10+7-LTS, mixed mode, sharing, tiered, compressed oops, compressed class ptrs, parallel gc, windows-amd64)
GC Precious Log:
 CardTable entry size: 512
 CPUs: 8 total, 8 available
 Memory: 7991M
 Large Page Support: Disabled
 NUMA Support: Disabled
 Compressed Oops: Enabled (32-bit)
 Alignments: Space 512K, Generation 512K, Heap 2M
 Heap Min Capacity: 100M
 Heap Initial Capacity: 100M
 Heap Max Capacity: 2G
 Pre-touch: Disabled
 Parallel Workers: 8
Heap:
 PSYoungGen      total 4096K, used 992K [0x00000000d5580000, 0x00000000d5b00000, 0x0000000100000000)
  eden space 3072K, 0% used [0x00000000d5580000,0x00000000d5580000,0x00000000d5880000)
  from space 1024K, 96% used [0x00000000d5900000,0x00000000d59f8010,0x00000000d5a00000)
  to   space 1024K, 0% used [0x00000000d5a00000,0x00000000d5a00000,0x00000000d5b00000)
 ParOldGen       total 130048K, used 129763K [0x0000000080000000, 0x0000000087f00000, 0x00000000d5580000)
  object space 130048K, 99% used [0x0000000080000000,0x0000000087eb8d90,0x0000000087f00000)
 Metaspace       used 76537K, committed 78144K, reserved 1179648K
  class space    used 9377K, committed 10048K, reserved 1048576K
GC Heap History (20 events):
Event: 11.923 GC heap after
{Heap after GC invocations=196 (full 3):
 PSYoungGen      total 5120K, used 855K [0x00000000d5580000, 0x00000000d5c00000, 0x0000000100000000)
  eden space 4096K, 0% used [0x00000000d5580000,0x00000000d5580000,0x00000000d5980000)
  from space 1024K, 83% used [0x00000000d5a80000,0x00000000d5b55e68,0x00000000d5b80000)
  to   space 512K, 0% used [0x00000000d5b80000,0x00000000d5b80000,0x00000000d5c00000)
 ParOldGen       total 121344K, used 120919K [0x0000000080000000, 0x0000000087680000, 0x00000000d5580000)
  object space 121344K, 99% used [0x0000000080000000,0x0000000087615e98,0x0000000087680000)
 Metaspace       used 76080K, committed 77632K, reserved 1179648K
  class space    used 9354K, committed 10048K, reserved 1048576K
}
Event: 11.941 GC heap before
{Heap before GC invocations=197 (full 3):
 PSYoungGen      total 5120K, used 4951K [0x00000000d5580000, 0x00000000d5c00000, 0x0000000100000000)
  eden space 4096K, 100% used [0x00000000d5580000,0x00000000d5980000,0x00000000d5980000)
  from space 1024K, 83% used [0x00000000d5a80000,0x00000000d5b55e68,0x00000000d5b80000)
  to   space 512K, 0% used [0x00000000d5b80000,0x00000000d5b80000,0x00000000d5c00000)
 ParOldGen       total 121344K, used 120919K [0x0000000080000000, 0x0000000087680000, 0x00000000d5580000)
  object space 121344K, 99% used [0x0000000080000000,0x0000000087615e98,0x0000000087680000)
 Metaspace       used 76089K, committed 77632K, reserved 1179648K
  class space    used 9354K, committed 10048K, reserved 1048576K
}
Event: 11.943 GC heap after
{Heap after GC invocations=197 (full 3):
 PSYoungGen      total 3584K, used 480K [0x00000000d5580000, 0x00000000d5f80000, 0x0000000100000000)
  eden space 3072K, 0% used [0x00000000d5580000,0x00000000d5580000,0x00000000d5880000)
  from space 512K, 93% used [0x00000000d5b80000,0x00000000d5bf8010,0x00000000d5c00000)
  to   space 3072K, 0% used [0x00000000d5880000,0x00000000d5880000,0x00000000d5b80000)
 ParOldGen       total 123392K, used 122886K [0x0000000080000000, 0x0000000087880000, 0x00000000d5580000)
  object space 123392K, 99% used [0x0000000080000000,0x00000000878018a8,0x0000000087880000)
 Metaspace       used 76089K, committed 77632K, reserved 1179648K
  class space    used 9354K, committed 10048K, reserved 1048576K
}
Event: 11.988 GC heap before
{Heap before GC invocations=198 (full 3):
 PSYoungGen      total 3584K, used 3552K [0x00000000d5580000, 0x00000000d5f80000, 0x0000000100000000)
  eden space 3072K, 100% used [0x00000000d5580000,0x00000000d5880000,0x00000000d5880000)
  from space 512K, 93% used [0x00000000d5b80000,0x00000000d5bf8010,0x00000000d5c00000)
  to   space 3072K, 0% used [0x00000000d5880000,0x00000000d5880000,0x00000000d5b80000)
 ParOldGen       total 123392K, used 122886K [0x0000000080000000, 0x0000000087880000, 0x00000000d5580000)
  object space 123392K, 99% used [0x0000000080000000,0x00000000878018a8,0x0000000087880000)
 Metaspace       used 76164K, committed 77760K, reserved 1179648K
  class space    used 9358K, committed 10048K, reserved 1048576K
}
Event: 11.989 GC heap after
{Heap after GC invocations=198 (full 3):
 PSYoungGen      total 4096K, used 598K [0x00000000d5580000, 0x00000000d5c00000, 0x0000000100000000)
  eden space 3072K, 0% used [0x00000000d5580000,0x00000000d5580000,0x00000000d5880000)
  from space 1024K, 58% used [0x00000000d5880000,0x00000000d5915b28,0x00000000d5980000)
  to   space 1536K, 0% used [0x00000000d5a80000,0x00000000d5a80000,0x00000000d5c00000)
 ParOldGen       total 123392K, used 123379K [0x0000000080000000, 0x0000000087880000, 0x00000000d5580000)
  object space 123392K, 99% used [0x0000000080000000,0x000000008787cf58,0x0000000087880000)
 Metaspace       used 76164K, committed 77760K, reserved 1179648K
  class space    used 9358K, committed 10048K, reserved 1048576K
}
Event: 12.066 GC heap before
{Heap before GC invocations=199 (full 3):
 PSYoungGen      total 4096K, used 3670K [0x00000000d5580000, 0x00000000d5c00000, 0x0000000100000000)
  eden space 3072K, 100% used [0x00000000d5580000,0x00000000d5880000,0x00000000d5880000)
  from space 1024K, 58% used [0x00000000d5880000,0x00000000d5915b28,0x00000000d5980000)
  to   space 1536K, 0% used [0x00000000d5a80000,0x00000000d5a80000,0x00000000d5c00000)
 ParOldGen       total 123392K, used 123379K [0x0000000080000000, 0x0000000087880000, 0x00000000d5580000)
  object space 123392K, 99% used [0x0000000080000000,0x000000008787cf58,0x0000000087880000)
 Metaspace       used 76303K, committed 77824K, reserved 1179648K
  class space    used 9370K, committed 10048K, reserved 1048576K
}
Event: 12.067 GC heap after
{Heap after GC invocations=199 (full 3):
 PSYoungGen      total 4096K, used 674K [0x00000000d5580000, 0x00000000d5b80000, 0x0000000100000000)
  eden space 3072K, 0% used [0x00000000d5580000,0x00000000d5580000,0x00000000d5880000)
  from space 1024K, 65% used [0x00000000d5a80000,0x00000000d5b28ad0,0x00000000d5b80000)
  to   space 1024K, 0% used [0x00000000d5880000,0x00000000d5880000,0x00000000d5980000)
 ParOldGen       total 123904K, used 123837K [0x0000000080000000, 0x0000000087900000, 0x00000000d5580000)
  object space 123904K, 99% used [0x0000000080000000,0x00000000878ef740,0x0000000087900000)
 Metaspace       used 76303K, committed 77824K, reserved 1179648K
  class space    used 9370K, committed 10048K, reserved 1048576K
}
Event: 12.115 GC heap before
{Heap before GC invocations=200 (full 3):
 PSYoungGen      total 4096K, used 3746K [0x00000000d5580000, 0x00000000d5b80000, 0x0000000100000000)
  eden space 3072K, 100% used [0x00000000d5580000,0x00000000d5880000,0x00000000d5880000)
  from space 1024K, 65% used [0x00000000d5a80000,0x00000000d5b28ad0,0x00000000d5b80000)
  to   space 1024K, 0% used [0x00000000d5880000,0x00000000d5880000,0x00000000d5980000)
 ParOldGen       total 123904K, used 123837K [0x0000000080000000, 0x0000000087900000, 0x00000000d5580000)
  object space 123904K, 99% used [0x0000000080000000,0x00000000878ef740,0x0000000087900000)
 Metaspace       used 76329K, committed 77888K, reserved 1179648K
  class space    used 9371K, committed 10048K, reserved 1048576K
}
Event: 12.116 GC heap after
{Heap after GC invocations=200 (full 3):
 PSYoungGen      total 4096K, used 1024K [0x00000000d5580000, 0x00000000d5c80000, 0x0000000100000000)
  eden space 3072K, 0% used [0x00000000d5580000,0x00000000d5580000,0x00000000d5880000)
  from space 1024K, 100% used [0x00000000d5880000,0x00000000d5980000,0x00000000d5980000)
  to   space 2048K, 0% used [0x00000000d5a80000,0x00000000d5a80000,0x00000000d5c80000)
 ParOldGen       total 124416K, used 124403K [0x0000000080000000, 0x0000000087980000, 0x00000000d5580000)
  object space 124416K, 99% used [0x0000000080000000,0x000000008797cd88,0x0000000087980000)
 Metaspace       used 76329K, committed 77888K, reserved 1179648K
  class space    used 9371K, committed 10048K, reserved 1048576K
}
Event: 12.146 GC heap before
{Heap before GC invocations=201 (full 3):
 PSYoungGen      total 4096K, used 4083K [0x00000000d5580000, 0x00000000d5c80000, 0x0000000100000000)
  eden space 3072K, 99% used [0x00000000d5580000,0x00000000d587cf48,0x00000000d5880000)
  from space 1024K, 100% used [0x00000000d5880000,0x00000000d5980000,0x00000000d5980000)
  to   space 2048K, 0% used [0x00000000d5a80000,0x00000000d5a80000,0x00000000d5c80000)
 ParOldGen       total 124416K, used 124403K [0x0000000080000000, 0x0000000087980000, 0x00000000d5580000)
  object space 124416K, 99% used [0x0000000080000000,0x000000008797cd88,0x0000000087980000)
 Metaspace       used 76365K, committed 77888K, reserved 1179648K
  class space    used 9371K, committed 10048K, reserved 1048576K
}
Event: 12.148 GC heap after
{Heap after GC invocations=201 (full 3):
 PSYoungGen      total 4608K, used 1248K [0x00000000d5580000, 0x00000000d5c00000, 0x0000000100000000)
  eden space 3072K, 0% used [0x00000000d5580000,0x00000000d5580000,0x00000000d5880000)
  from space 1536K, 81% used [0x00000000d5a80000,0x00000000d5bb8010,0x00000000d5c00000)
  to   space 1536K, 0% used [0x00000000d5900000,0x00000000d5900000,0x00000000d5a80000)
 ParOldGen       total 125440K, used 125348K [0x0000000080000000, 0x0000000087a80000, 0x00000000d5580000)
  object space 125440K, 99% used [0x0000000080000000,0x0000000087a690d8,0x0000000087a80000)
 Metaspace       used 76365K, committed 77888K, reserved 1179648K
  class space    used 9371K, committed 10048K, reserved 1048576K
}
Event: 12.207 GC heap before
{Heap before GC invocations=202 (full 3):
 PSYoungGen      total 4608K, used 4320K [0x00000000d5580000, 0x00000000d5c00000, 0x0000000100000000)
  eden space 3072K, 100% used [0x00000000d5580000,0x00000000d5880000,0x00000000d5880000)
  from space 1536K, 81% used [0x00000000d5a80000,0x00000000d5bb8010,0x00000000d5c00000)
  to   space 1536K, 0% used [0x00000000d5900000,0x00000000d5900000,0x00000000d5a80000)
 ParOldGen       total 125440K, used 125348K [0x0000000080000000, 0x0000000087a80000, 0x00000000d5580000)
  object space 125440K, 99% used [0x0000000080000000,0x0000000087a690d8,0x0000000087a80000)
 Metaspace       used 76413K, committed 77952K, reserved 1179648K
  class space    used 9375K, committed 10048K, reserved 1048576K
}
Event: 12.210 GC heap after
{Heap after GC invocations=202 (full 3):
 PSYoungGen      total 3584K, used 480K [0x00000000d5580000, 0x00000000d5b00000, 0x0000000100000000)
  eden space 3072K, 0% used [0x00000000d5580000,0x00000000d5580000,0x00000000d5880000)
  from space 512K, 93% used [0x00000000d5900000,0x00000000d5978000,0x00000000d5980000)
  to   space 1024K, 0% used [0x00000000d5a00000,0x00000000d5a00000,0x00000000d5b00000)
 ParOldGen       total 126976K, used 126524K [0x0000000080000000, 0x0000000087c00000, 0x00000000d5580000)
  object space 126976K, 99% used [0x0000000080000000,0x0000000087b8f0e8,0x0000000087c00000)
 Metaspace       used 76413K, committed 77952K, reserved 1179648K
  class space    used 9375K, committed 10048K, reserved 1048576K
}
Event: 12.235 GC heap before
{Heap before GC invocations=203 (full 3):
 PSYoungGen      total 3584K, used 3552K [0x00000000d5580000, 0x00000000d5b00000, 0x0000000100000000)
  eden space 3072K, 100% used [0x00000000d5580000,0x00000000d5880000,0x00000000d5880000)
  from space 512K, 93% used [0x00000000d5900000,0x00000000d5978000,0x00000000d5980000)
  to   space 1024K, 0% used [0x00000000d5a00000,0x00000000d5a00000,0x00000000d5b00000)
 ParOldGen       total 126976K, used 126524K [0x0000000080000000, 0x0000000087c00000, 0x00000000d5580000)
  object space 126976K, 99% used [0x0000000080000000,0x0000000087b8f0e8,0x0000000087c00000)
 Metaspace       used 76438K, committed 77952K, reserved 1179648K
  class space    used 9376K, committed 10048K, reserved 1048576K
}
Event: 12.237 GC heap after
{Heap after GC invocations=203 (full 3):
 PSYoungGen      total 4096K, used 992K [0x00000000d5580000, 0x00000000d5b80000, 0x0000000100000000)
  eden space 3072K, 0% used [0x00000000d5580000,0x00000000d5580000,0x00000000d5880000)
  from space 1024K, 96% used [0x00000000d5a00000,0x00000000d5af8000,0x00000000d5b00000)
  to   space 1536K, 0% used [0x00000000d5880000,0x00000000d5880000,0x00000000d5a00000)
 ParOldGen       total 126976K, used 126878K [0x0000000080000000, 0x0000000087c00000, 0x00000000d5580000)
  object space 126976K, 99% used [0x0000000080000000,0x0000000087be7830,0x0000000087c00000)
 Metaspace       used 76438K, committed 77952K, reserved 1179648K
  class space    used 9376K, committed 10048K, reserved 1048576K
}
Event: 12.260 GC heap before
{Heap before GC invocations=204 (full 3):
 PSYoungGen      total 4096K, used 4064K [0x00000000d5580000, 0x00000000d5b80000, 0x0000000100000000)
  eden space 3072K, 100% used [0x00000000d5580000,0x00000000d5880000,0x00000000d5880000)
  from space 1024K, 96% used [0x00000000d5a00000,0x00000000d5af8000,0x00000000d5b00000)
  to   space 1536K, 0% used [0x00000000d5880000,0x00000000d5880000,0x00000000d5a00000)
 ParOldGen       total 126976K, used 126878K [0x0000000080000000, 0x0000000087c00000, 0x00000000d5580000)
  object space 126976K, 99% used [0x0000000080000000,0x0000000087be7830,0x0000000087c00000)
 Metaspace       used 76456K, committed 78016K, reserved 1179648K
  class space    used 9377K, committed 10048K, reserved 1048576K
}
Event: 12.262 GC heap after
{Heap after GC invocations=204 (full 3):
 PSYoungGen      total 4608K, used 1312K [0x00000000d5580000, 0x00000000d5b80000, 0x0000000100000000)
  eden space 3072K, 0% used [0x00000000d5580000,0x00000000d5580000,0x00000000d5880000)
  from space 1536K, 85% used [0x00000000d5880000,0x00000000d59c8010,0x00000000d5a00000)
  to   space 1536K, 0% used [0x00000000d5a00000,0x00000000d5a00000,0x00000000d5b80000)
 ParOldGen       total 128000K, used 127731K [0x0000000080000000, 0x0000000087d00000, 0x00000000d5580000)
  object space 128000K, 99% used [0x0000000080000000,0x0000000087cbcf08,0x0000000087d00000)
 Metaspace       used 76456K, committed 78016K, reserved 1179648K
  class space    used 9377K, committed 10048K, reserved 1048576K
}
Event: 12.348 GC heap before
{Heap before GC invocations=205 (full 3):
 PSYoungGen      total 4608K, used 4384K [0x00000000d5580000, 0x00000000d5b80000, 0x0000000100000000)
  eden space 3072K, 100% used [0x00000000d5580000,0x00000000d5880000,0x00000000d5880000)
  from space 1536K, 85% used [0x00000000d5880000,0x00000000d59c8010,0x00000000d5a00000)
  to   space 1536K, 0% used [0x00000000d5a00000,0x00000000d5a00000,0x00000000d5b80000)
 ParOldGen       total 128000K, used 127731K [0x0000000080000000, 0x0000000087d00000, 0x00000000d5580000)
  object space 128000K, 99% used [0x0000000080000000,0x0000000087cbcf08,0x0000000087d00000)
 Metaspace       used 76531K, committed 78144K, reserved 1179648K
  class space    used 9377K, committed 10048K, reserved 1048576K
}
Event: 12.350 GC heap after
{Heap after GC invocations=205 (full 3):
 PSYoungGen      total 4096K, used 640K [0x00000000d5580000, 0x00000000d5b00000, 0x0000000100000000)
  eden space 3072K, 0% used [0x00000000d5580000,0x00000000d5580000,0x00000000d5880000)
  from space 1024K, 62% used [0x00000000d5a00000,0x00000000d5aa0000,0x00000000d5b00000)
  to   space 1024K, 0% used [0x00000000d5900000,0x00000000d5900000,0x00000000d5a00000)
 ParOldGen       total 129024K, used 128915K [0x0000000080000000, 0x0000000087e00000, 0x00000000d5580000)
  object space 129024K, 99% used [0x0000000080000000,0x0000000087de4f18,0x0000000087e00000)
 Metaspace       used 76531K, committed 78144K, reserved 1179648K
  class space    used 9377K, committed 10048K, reserved 1048576K
}
Event: 12.359 GC heap before
{Heap before GC invocations=206 (full 3):
 PSYoungGen      total 4096K, used 3712K [0x00000000d5580000, 0x00000000d5b00000, 0x0000000100000000)
  eden space 3072K, 100% used [0x00000000d5580000,0x00000000d5880000,0x00000000d5880000)
  from space 1024K, 62% used [0x00000000d5a00000,0x00000000d5aa0000,0x00000000d5b00000)
  to   space 1024K, 0% used [0x00000000d5900000,0x00000000d5900000,0x00000000d5a00000)
 ParOldGen       total 129024K, used 128915K [0x0000000080000000, 0x0000000087e00000, 0x00000000d5580000)
  object space 129024K, 99% used [0x0000000080000000,0x0000000087de4f18,0x0000000087e00000)
 Metaspace       used 76537K, committed 78144K, reserved 1179648K
  class space    used 9377K, committed 10048K, reserved 1048576K
}

