# JRE version: OpenJDK Runtime Environment Temurin-21.0.10+7 (21.0.10+7) (build 21.0.10+7-LTS)
# Java VM: OpenJDK 64-Bit Server VM Temurin-21.0.10+7 (21.0.10+7-LTS, mixed mode, sharing, tiered, compressed oops, compressed class ptrs, parallel gc, windows-amd64)
GC Precious Log:
 CardTable entry size: 512
 CPUs: 8 total, 8 available
 Memory: 7991M
 Large Page Support: Disabled
 NUMA Support: Disabled
 Compressed Oops: Enabled (32-bit)
 Alignments: Space 512K, Generation 512K, Heap 2M
 Heap Min Capacity: 100M
 Heap Initial Capacity: 100M
 Heap Max Capacity: 2G
 Pre-touch: Disabled
 Parallel Workers: 8
Heap:
 PSYoungGen      total 15872K, used 7289K [0x00000000d5580000, 0x00000000d6980000, 0x0000000100000000)
  eden space 14848K, 44% used [0x00000000d5580000,0x00000000d5bffad8,0x00000000d6400000)
  from space 1024K, 61% used [0x00000000d6880000,0x00000000d691ea88,0x00000000d6980000)
  to   space 1024K, 0% used [0x00000000d6780000,0x00000000d6780000,0x00000000d6880000)
 ParOldGen       total 79360K, used 79054K [0x0000000080000000, 0x0000000084d80000, 0x00000000d5580000)
  object space 79360K, 99% used [0x0000000080000000,0x0000000084d33a20,0x0000000084d80000)
 Metaspace       used 68009K, committed 69440K, reserved 1114112K
  class space    used 7722K, committed 8320K, reserved 1048576K
GC Heap History (20 events):
Event: 12.523 GC heap before
{Heap before GC invocations=46 (full 3):
 PSYoungGen      total 15872K, used 13510K [0x00000000d5580000, 0x00000000d6d80000, 0x0000000100000000)
  eden space 14848K, 87% used [0x00000000d5580000,0x00000000d6221bc0,0x00000000d6400000)
  from space 1024K, 56% used [0x00000000d6c80000,0x00000000d6d10000,0x00000000d6d80000)
  to   space 3072K, 0% used [0x00000000d6780000,0x00000000d6780000,0x00000000d6a80000)
 ParOldGen       total 71680K, used 63265K [0x0000000080000000, 0x0000000084600000, 0x00000000d5580000)
  object space 71680K, 88% used [0x0000000080000000,0x0000000083dc86b0,0x0000000084600000)
 Metaspace       used 61380K, committed 62656K, reserved 1114112K
  class space    used 6588K, committed 7104K, reserved 1048576K
}
Event: 12.525 GC heap after
{Heap after GC invocations=46 (full 3):
 PSYoungGen      total 17920K, used 3069K [0x00000000d5580000, 0x00000000d6f00000, 0x0000000100000000)
  eden space 14848K, 0% used [0x00000000d5580000,0x00000000d5580000,0x00000000d6400000)
  from space 3072K, 99% used [0x00000000d6780000,0x00000000d6a7f6b8,0x00000000d6a80000)
  to   space 4608K, 0% used [0x00000000d6a80000,0x00000000d6a80000,0x00000000d6f00000)
 ParOldGen       total 71680K, used 64845K [0x0000000080000000, 0x0000000084600000, 0x00000000d5580000)
  object space 71680K, 90% used [0x0000000080000000,0x0000000083f537c0,0x0000000084600000)
 Metaspace       used 61380K, committed 62656K, reserved 1114112K
  class space    used 6588K, committed 7104K, reserved 1048576K
}
Event: 12.680 GC heap before
{Heap before GC invocations=47 (full 3):
 PSYoungGen      total 17920K, used 17917K [0x00000000d5580000, 0x00000000d6f00000, 0x0000000100000000)
  eden space 14848K, 100% used [0x00000000d5580000,0x00000000d6400000,0x00000000d6400000)
  from space 3072K, 99% used [0x00000000d6780000,0x00000000d6a7f6b8,0x00000000d6a80000)
  to   space 4608K, 0% used [0x00000000d6a80000,0x00000000d6a80000,0x00000000d6f00000)
 ParOldGen       total 71680K, used 64845K [0x0000000080000000, 0x0000000084600000, 0x00000000d5580000)
  object space 71680K, 90% used [0x0000000080000000,0x0000000083f537c0,0x0000000084600000)
 Metaspace       used 62353K, committed 63680K, reserved 1114112K
  class space    used 6759K, committed 7296K, reserved 1048576K
}
Event: 12.683 GC heap after
{Heap after GC invocations=47 (full 3):
 PSYoungGen      total 19456K, used 4500K [0x00000000d5580000, 0x00000000d6f00000, 0x0000000100000000)
  eden space 14848K, 0% used [0x00000000d5580000,0x00000000d5580000,0x00000000d6400000)
  from space 4608K, 97% used [0x00000000d6a80000,0x00000000d6ee5260,0x00000000d6f00000)
  to   space 5120K, 0% used [0x00000000d6500000,0x00000000d6500000,0x00000000d6a00000)
 ParOldGen       total 71680K, used 68201K [0x0000000080000000, 0x0000000084600000, 0x00000000d5580000)
  object space 71680K, 95% used [0x0000000080000000,0x000000008429a4e8,0x0000000084600000)
 Metaspace       used 62353K, committed 63680K, reserved 1114112K
  class space    used 6759K, committed 7296K, reserved 1048576K
}
Event: 12.880 GC heap before
{Heap before GC invocations=48 (full 3):
 PSYoungGen      total 19456K, used 19348K [0x00000000d5580000, 0x00000000d6f00000, 0x0000000100000000)
  eden space 14848K, 100% used [0x00000000d5580000,0x00000000d6400000,0x00000000d6400000)
  from space 4608K, 97% used [0x00000000d6a80000,0x00000000d6ee5260,0x00000000d6f00000)
  to   space 5120K, 0% used [0x00000000d6500000,0x00000000d6500000,0x00000000d6a00000)
 ParOldGen       total 71680K, used 68201K [0x0000000080000000, 0x0000000084600000, 0x00000000d5580000)
  object space 71680K, 95% used [0x0000000080000000,0x000000008429a4e8,0x0000000084600000)
 Metaspace       used 63324K, committed 64640K, reserved 1114112K
  class space    used 6937K, committed 7488K, reserved 1048576K
}
Event: 12.883 GC heap after
{Heap after GC invocations=48 (full 3):
 PSYoungGen      total 15872K, used 704K [0x00000000d5580000, 0x00000000d6b00000, 0x0000000100000000)
  eden space 14848K, 0% used [0x00000000d5580000,0x00000000d5580000,0x00000000d6400000)
  from space 1024K, 68% used [0x00000000d6500000,0x00000000d65b0000,0x00000000d6600000)
  to   space 2560K, 0% used [0x00000000d6880000,0x00000000d6880000,0x00000000d6b00000)
 ParOldGen       total 74752K, used 72507K [0x0000000080000000, 0x0000000084900000, 0x00000000d5580000)
  object space 74752K, 96% used [0x0000000080000000,0x00000000846cec58,0x0000000084900000)
 Metaspace       used 63324K, committed 64640K, reserved 1114112K
  class space    used 6937K, committed 7488K, reserved 1048576K
}
Event: 13.010 GC heap before
{Heap before GC invocations=49 (full 3):
 PSYoungGen      total 15872K, used 15552K [0x00000000d5580000, 0x00000000d6b00000, 0x0000000100000000)
  eden space 14848K, 100% used [0x00000000d5580000,0x00000000d6400000,0x00000000d6400000)
  from space 1024K, 68% used [0x00000000d6500000,0x00000000d65b0000,0x00000000d6600000)
  to   space 2560K, 0% used [0x00000000d6880000,0x00000000d6880000,0x00000000d6b00000)
 ParOldGen       total 74752K, used 72507K [0x0000000080000000, 0x0000000084900000, 0x00000000d5580000)
  object space 74752K, 96% used [0x0000000080000000,0x00000000846cec58,0x0000000084900000)
 Metaspace       used 63546K, committed 64832K, reserved 1114112K
  class space    used 6962K, committed 7488K, reserved 1048576K
}
Event: 13.012 GC heap after
{Heap after GC invocations=49 (full 3):
 PSYoungGen      total 15360K, used 448K [0x00000000d5580000, 0x00000000d6900000, 0x0000000100000000)
  eden space 14848K, 0% used [0x00000000d5580000,0x00000000d5580000,0x00000000d6400000)
  from space 512K, 87% used [0x00000000d6880000,0x00000000d68f0000,0x00000000d6900000)
  to   space 1024K, 0% used [0x00000000d6700000,0x00000000d6700000,0x00000000d6800000)
 ParOldGen       total 74752K, used 73091K [0x0000000080000000, 0x0000000084900000, 0x00000000d5580000)
  object space 74752K, 97% used [0x0000000080000000,0x0000000084760c68,0x0000000084900000)
 Metaspace       used 63546K, committed 64832K, reserved 1114112K
  class space    used 6962K, committed 7488K, reserved 1048576K
}
Event: 13.236 GC heap before
{Heap before GC invocations=50 (full 3):
 PSYoungGen      total 15360K, used 15296K [0x00000000d5580000, 0x00000000d6900000, 0x0000000100000000)
  eden space 14848K, 100% used [0x00000000d5580000,0x00000000d6400000,0x00000000d6400000)
  from space 512K, 87% used [0x00000000d6880000,0x00000000d68f0000,0x00000000d6900000)
  to   space 1024K, 0% used [0x00000000d6700000,0x00000000d6700000,0x00000000d6800000)
 ParOldGen       total 74752K, used 73091K [0x0000000080000000, 0x0000000084900000, 0x00000000d5580000)
  object space 74752K, 97% used [0x0000000080000000,0x0000000084760c68,0x0000000084900000)
 Metaspace       used 63551K, committed 64832K, reserved 1114112K
  class space    used 6962K, committed 7488K, reserved 1048576K
}
Event: 13.237 GC heap after
{Heap after GC invocations=50 (full 3):
 PSYoungGen      total 15872K, used 512K [0x00000000d5580000, 0x00000000d6900000, 0x0000000100000000)
  eden space 14848K, 0% used [0x00000000d5580000,0x00000000d5580000,0x00000000d6400000)
  from space 1024K, 50% used [0x00000000d6700000,0x00000000d6780000,0x00000000d6800000)
  to   space 1024K, 0% used [0x00000000d6800000,0x00000000d6800000,0x00000000d6900000)
 ParOldGen       total 74752K, used 73437K [0x0000000080000000, 0x0000000084900000, 0x00000000d5580000)
  object space 74752K, 98% used [0x0000000080000000,0x00000000847b7628,0x0000000084900000)
 Metaspace       used 63551K, committed 64832K, reserved 1114112K
  class space    used 6962K, committed 7488K, reserved 1048576K
}
Event: 13.437 GC heap before
{Heap before GC invocations=51 (full 3):
 PSYoungGen      total 15872K, used 15360K [0x00000000d5580000, 0x00000000d6900000, 0x0000000100000000)
  eden space 14848K, 100% used [0x00000000d5580000,0x00000000d6400000,0x00000000d6400000)
  from space 1024K, 50% used [0x00000000d6700000,0x00000000d6780000,0x00000000d6800000)
  to   space 1024K, 0% used [0x00000000d6800000,0x00000000d6800000,0x00000000d6900000)
 ParOldGen       total 74752K, used 73437K [0x0000000080000000, 0x0000000084900000, 0x00000000d5580000)
  object space 74752K, 98% used [0x0000000080000000,0x00000000847b7628,0x0000000084900000)
 Metaspace       used 63552K, committed 64832K, reserved 1114112K
  class space    used 6962K, committed 7488K, reserved 1048576K
}
Event: 13.438 GC heap after
{Heap after GC invocations=51 (full 3):
 PSYoungGen      total 15872K, used 576K [0x00000000d5580000, 0x00000000d6900000, 0x0000000100000000)
  eden space 14848K, 0% used [0x00000000d5580000,0x00000000d5580000,0x00000000d6400000)
  from space 1024K, 56% used [0x00000000d6800000,0x00000000d6890000,0x00000000d6900000)
  to   space 1024K, 0% used [0x00000000d6700000,0x00000000d6700000,0x00000000d6800000)
 ParOldGen       total 74752K, used 73829K [0x0000000080000000, 0x0000000084900000, 0x00000000d5580000)
  object space 74752K, 98% used [0x0000000080000000,0x0000000084819628,0x0000000084900000)
 Metaspace       used 63552K, committed 64832K, reserved 1114112K
  class space    used 6962K, committed 7488K, reserved 1048576K
}
Event: 13.539 GC heap before
{Heap before GC invocations=52 (full 3):
 PSYoungGen      total 15872K, used 15424K [0x00000000d5580000, 0x00000000d6900000, 0x0000000100000000)
  eden space 14848K, 100% used [0x00000000d5580000,0x00000000d6400000,0x00000000d6400000)
  from space 1024K, 56% used [0x00000000d6800000,0x00000000d6890000,0x00000000d6900000)
  to   space 1024K, 0% used [0x00000000d6700000,0x00000000d6700000,0x00000000d6800000)
 ParOldGen       total 74752K, used 73829K [0x0000000080000000, 0x0000000084900000, 0x00000000d5580000)
  object space 74752K, 98% used [0x0000000080000000,0x0000000084819628,0x0000000084900000)
 Metaspace       used 63561K, committed 64896K, reserved 1114112K
  class space    used 6962K, committed 7488K, reserved 1048576K
}
Event: 13.543 GC heap after
{Heap after GC invocations=52 (full 3):
 PSYoungGen      total 15872K, used 1001K [0x00000000d5580000, 0x00000000d6e00000, 0x0000000100000000)
  eden space 14848K, 0% used [0x00000000d5580000,0x00000000d5580000,0x00000000d6400000)
  from space 1024K, 97% used [0x00000000d6700000,0x00000000d67fa428,0x00000000d6800000)
  to   space 5120K, 0% used [0x00000000d6900000,0x00000000d6900000,0x00000000d6e00000)
 ParOldGen       total 77312K, used 76910K [0x0000000080000000, 0x0000000084b80000, 0x00000000d5580000)
  object space 77312K, 99% used [0x0000000080000000,0x0000000084b1b818,0x0000000084b80000)
 Metaspace       used 63561K, committed 64896K, reserved 1114112K
  class space    used 6962K, committed 7488K, reserved 1048576K
}
Event: 13.742 GC heap before
{Heap before GC invocations=53 (full 3):
 PSYoungGen      total 15872K, used 15849K [0x00000000d5580000, 0x00000000d6e00000, 0x0000000100000000)
  eden space 14848K, 100% used [0x00000000d5580000,0x00000000d6400000,0x00000000d6400000)
  from space 1024K, 97% used [0x00000000d6700000,0x00000000d67fa428,0x00000000d6800000)
  to   space 5120K, 0% used [0x00000000d6900000,0x00000000d6900000,0x00000000d6e00000)
 ParOldGen       total 77312K, used 76910K [0x0000000080000000, 0x0000000084b80000, 0x00000000d5580000)
  object space 77312K, 99% used [0x0000000080000000,0x0000000084b1b818,0x0000000084b80000)
 Metaspace       used 64455K, committed 65792K, reserved 1114112K
  class space    used 7154K, committed 7680K, reserved 1048576K
}
Event: 13.744 GC heap after
{Heap after GC invocations=53 (full 3):
 PSYoungGen      total 15872K, used 933K [0x00000000d5580000, 0x00000000d6a00000, 0x0000000100000000)
  eden space 14848K, 0% used [0x00000000d5580000,0x00000000d5580000,0x00000000d6400000)
  from space 1024K, 91% used [0x00000000d6900000,0x00000000d69e9458,0x00000000d6a00000)
  to   space 2560K, 0% used [0x00000000d6500000,0x00000000d6500000,0x00000000d6780000)
 ParOldGen       total 78336K, used 77910K [0x0000000080000000, 0x0000000084c80000, 0x00000000d5580000)
  object space 78336K, 99% used [0x0000000080000000,0x0000000084c159f0,0x0000000084c80000)
 Metaspace       used 64455K, committed 65792K, reserved 1114112K
  class space    used 7154K, committed 7680K, reserved 1048576K
}
Event: 13.942 GC heap before
{Heap before GC invocations=54 (full 3):
 PSYoungGen      total 15872K, used 15781K [0x00000000d5580000, 0x00000000d6a00000, 0x0000000100000000)
  eden space 14848K, 100% used [0x00000000d5580000,0x00000000d6400000,0x00000000d6400000)
  from space 1024K, 91% used [0x00000000d6900000,0x00000000d69e9458,0x00000000d6a00000)
  to   space 2560K, 0% used [0x00000000d6500000,0x00000000d6500000,0x00000000d6780000)
 ParOldGen       total 78336K, used 77910K [0x0000000080000000, 0x0000000084c80000, 0x00000000d5580000)
  object space 78336K, 99% used [0x0000000080000000,0x0000000084c159f0,0x0000000084c80000)
 Metaspace       used 66278K, committed 67648K, reserved 1114112K
  class space    used 7438K, committed 8000K, reserved 1048576K
}
Event: 13.944 GC heap after
{Heap after GC invocations=54 (full 3):
 PSYoungGen      total 17408K, used 512K [0x00000000d5580000, 0x00000000d6980000, 0x0000000100000000)
  eden space 14848K, 0% used [0x00000000d5580000,0x00000000d5580000,0x00000000d6400000)
  from space 2560K, 20% used [0x00000000d6500000,0x00000000d6580000,0x00000000d6780000)
  to   space 1024K, 0% used [0x00000000d6880000,0x00000000d6880000,0x00000000d6980000)
 ParOldGen       total 78848K, used 78670K [0x0000000080000000, 0x0000000084d00000, 0x00000000d5580000)
  object space 78848K, 99% used [0x0000000080000000,0x0000000084cd3a20,0x0000000084d00000)
 Metaspace       used 66278K, committed 67648K, reserved 1114112K
  class space    used 7438K, committed 8000K, reserved 1048576K
}
Event: 14.135 GC heap before
{Heap before GC invocations=55 (full 3):
 PSYoungGen      total 17408K, used 15345K [0x00000000d5580000, 0x00000000d6980000, 0x0000000100000000)
  eden space 14848K, 99% used [0x00000000d5580000,0x00000000d63fc6a8,0x00000000d6400000)
  from space 2560K, 20% used [0x00000000d6500000,0x00000000d6580000,0x00000000d6780000)
  to   space 1024K, 0% used [0x00000000d6880000,0x00000000d6880000,0x00000000d6980000)
 ParOldGen       total 78848K, used 78670K [0x0000000080000000, 0x0000000084d00000, 0x00000000d5580000)
  object space 78848K, 99% used [0x0000000080000000,0x0000000084cd3a20,0x0000000084d00000)
 Metaspace       used 67437K, committed 68864K, reserved 1114112K
  class space    used 7649K, committed 8256K, reserved 1048576K
}
Event: 14.137 GC heap after
{Heap after GC invocations=55 (full 3):
 PSYoungGen      total 15872K, used 634K [0x00000000d5580000, 0x00000000d6980000, 0x0000000100000000)
  eden space 14848K, 0% used [0x00000000d5580000,0x00000000d5580000,0x00000000d6400000)
  from space 1024K, 61% used [0x00000000d6880000,0x00000000d691ea88,0x00000000d6980000)
  to   space 1024K, 0% used [0x00000000d6780000,0x00000000d6780000,0x00000000d6880000)
 ParOldGen       total 79360K, used 79054K [0x0000000080000000, 0x0000000084d80000, 0x00000000d5580000)
  object space 79360K, 99% used [0x0000000080000000,0x0000000084d33a20,0x0000000084d80000)
 Metaspace       used 67437K, committed 68864K, reserved 1114112K
  class space    used 7649K, committed 8256K, reserved 1048576K
}

