# JRE version: Java(TM) SE Runtime Environment (21.0.5+9) (build 21.0.5+9-LTS-239)
# Java VM: Java HotSpot(TM) 64-Bit Server VM (21.0.5+9-LTS-239, mixed mode, sharing, tiered, compressed oops, compressed class ptrs, g1 gc, windows-amd64)
GC Precious Log:
 CardTable entry size: 512
 Card Set container configuration: InlinePtr #cards 5 size 8 Array Of Cards #cards 12 size 40 Howl #buckets 4 coarsen threshold 1843 Howl Bitmap #cards 512 size 80 coarsen threshold 460 Card regions per heap region 1 cards per card region 2048
 CPUs: 8 total, 8 available
 Memory: 7991M
 Large Page Support: Disabled
 NUMA Support: Disabled
 Compressed Oops: Enabled (32-bit)
 Heap Region Size: 1M
 Heap Min Capacity: 8M
 Heap Initial Capacity: 126M
 Heap Max Capacity: 1G
 Pre-touch: Disabled
 Parallel Workers: 8
 Concurrent Workers: 2
 Concurrent Refinement Workers: 8
 Periodic GC: Disabled
Heap:
 garbage-first heap   total 109568K, used 84776K [0x00000000c0000000, 0x0000000100000000)
  region size 1024K, 28 young (28672K), 5 survivors (5120K)
 Metaspace       used 63213K, committed 65472K, reserved 1114112K
  class space    used 8927K, committed 10048K, reserved 1048576K
GC Heap History (20 events):
Event: 4.904 GC heap before
{Heap before GC invocations=8 (full 0):
 garbage-first heap   total 104448K, used 38007K [0x00000000c0000000, 0x0000000100000000)
  region size 1024K, 9 young (9216K), 4 survivors (4096K)
 Metaspace       used 35200K, committed 36288K, reserved 1114112K
  class space    used 4825K, committed 5376K, reserved 1048576K
}
Event: 4.907 GC heap after
{Heap after GC invocations=9 (full 0):
 garbage-first heap   total 104448K, used 33665K [0x00000000c0000000, 0x0000000100000000)
  region size 1024K, 4 young (4096K), 4 survivors (4096K)
 Metaspace       used 35200K, committed 36288K, reserved 1114112K
  class space    used 4825K, committed 5376K, reserved 1048576K
}
Event: 5.866 GC heap before
{Heap before GC invocations=10 (full 0):
 garbage-first heap   total 104448K, used 86913K [0x00000000c0000000, 0x0000000100000000)
  region size 1024K, 56 young (57344K), 4 survivors (4096K)
 Metaspace       used 40837K, committed 42368K, reserved 1114112K
  class space    used 5766K, committed 6528K, reserved 1048576K
}
Event: 5.872 GC heap after
{Heap after GC invocations=11 (full 0):
 garbage-first heap   total 104448K, used 37379K [0x00000000c0000000, 0x0000000100000000)
  region size 1024K, 7 young (7168K), 7 survivors (7168K)
 Metaspace       used 40837K, committed 42368K, reserved 1114112K
  class space    used 5766K, committed 6528K, reserved 1048576K
}
Event: 7.498 GC heap before
{Heap before GC invocations=11 (full 0):
 garbage-first heap   total 104448K, used 89603K [0x00000000c0000000, 0x0000000100000000)
  region size 1024K, 57 young (58368K), 7 survivors (7168K)
 Metaspace       used 47563K, committed 49216K, reserved 1114112K
  class space    used 6700K, committed 7552K, reserved 1048576K
}
Event: 7.508 GC heap after
{Heap after GC invocations=12 (full 0):
 garbage-first heap   total 104448K, used 39475K [0x00000000c0000000, 0x0000000100000000)
  region size 1024K, 7 young (7168K), 7 survivors (7168K)
 Metaspace       used 47563K, committed 49216K, reserved 1114112K
  class space    used 6700K, committed 7552K, reserved 1048576K
}
Event: 8.927 GC heap before
{Heap before GC invocations=12 (full 0):
 garbage-first heap   total 104448K, used 88627K [0x00000000c0000000, 0x0000000100000000)
  region size 1024K, 56 young (57344K), 7 survivors (7168K)
 Metaspace       used 51672K, committed 53568K, reserved 1114112K
  class space    used 7334K, committed 8256K, reserved 1048576K
}
Event: 8.935 GC heap after
{Heap after GC invocations=13 (full 0):
 garbage-first heap   total 104448K, used 42229K [0x00000000c0000000, 0x0000000100000000)
  region size 1024K, 5 young (5120K), 5 survivors (5120K)
 Metaspace       used 51672K, committed 53568K, reserved 1114112K
  class space    used 7334K, committed 8256K, reserved 1048576K
}
Event: 10.001 GC heap before
{Heap before GC invocations=13 (full 0):
 garbage-first heap   total 104448K, used 92405K [0x00000000c0000000, 0x0000000100000000)
  region size 1024K, 54 young (55296K), 5 survivors (5120K)
 Metaspace       used 54727K, committed 56640K, reserved 1114112K
  class space    used 7801K, committed 8768K, reserved 1048576K
}
Event: 10.008 GC heap after
{Heap after GC invocations=14 (full 0):
 garbage-first heap   total 104448K, used 47349K [0x00000000c0000000, 0x0000000100000000)
  region size 1024K, 7 young (7168K), 7 survivors (7168K)
 Metaspace       used 54727K, committed 56640K, reserved 1114112K
  class space    used 7801K, committed 8768K, reserved 1048576K
}
Event: 12.559 GC heap before
{Heap before GC invocations=14 (full 0):
 garbage-first heap   total 104448K, used 90357K [0x00000000c0000000, 0x0000000100000000)
  region size 1024K, 49 young (50176K), 7 survivors (7168K)
 Metaspace       used 58106K, committed 60160K, reserved 1114112K
  class space    used 8267K, committed 9280K, reserved 1048576K
}
Event: 12.569 GC heap after
{Heap after GC invocations=15 (full 0):
 garbage-first heap   total 104448K, used 51984K [0x00000000c0000000, 0x0000000100000000)
  region size 1024K, 4 young (4096K), 4 survivors (4096K)
 Metaspace       used 58106K, committed 60160K, reserved 1114112K
  class space    used 8267K, committed 9280K, reserved 1048576K
}
Event: 13.210 GC heap before
{Heap before GC invocations=15 (full 0):
 garbage-first heap   total 104448K, used 74512K [0x00000000c0000000, 0x0000000100000000)
  region size 1024K, 27 young (27648K), 4 survivors (4096K)
 Metaspace       used 58721K, committed 60736K, reserved 1114112K
  class space    used 8293K, committed 9280K, reserved 1048576K
}
Event: 13.214 GC heap after
{Heap after GC invocations=16 (full 0):
 garbage-first heap   total 104448K, used 54189K [0x00000000c0000000, 0x0000000100000000)
  region size 1024K, 3 young (3072K), 3 survivors (3072K)
 Metaspace       used 58721K, committed 60736K, reserved 1114112K
  class space    used 8293K, committed 9280K, reserved 1048576K
}
Event: 13.899 GC heap before
{Heap before GC invocations=17 (full 0):
 garbage-first heap   total 104448K, used 92077K [0x00000000c0000000, 0x0000000100000000)
  region size 1024K, 41 young (41984K), 3 survivors (3072K)
 Metaspace       used 59357K, committed 61440K, reserved 1114112K
  class space    used 8340K, committed 9408K, reserved 1048576K
}
Event: 13.904 GC heap after
{Heap after GC invocations=18 (full 0):
 garbage-first heap   total 104448K, used 57734K [0x00000000c0000000, 0x0000000100000000)
  region size 1024K, 6 young (6144K), 6 survivors (6144K)
 Metaspace       used 59357K, committed 61440K, reserved 1114112K
  class space    used 8340K, committed 9408K, reserved 1048576K
}
Event: 14.610 GC heap before
{Heap before GC invocations=18 (full 0):
 garbage-first heap   total 104448K, used 91526K [0x00000000c0000000, 0x0000000100000000)
  region size 1024K, 39 young (39936K), 6 survivors (6144K)
 Metaspace       used 59803K, committed 61952K, reserved 1114112K
  class space    used 8379K, committed 9472K, reserved 1048576K
}
Event: 14.616 GC heap after
{Heap after GC invocations=19 (full 0):
 garbage-first heap   total 104448K, used 59081K [0x00000000c0000000, 0x0000000100000000)
  region size 1024K, 3 young (3072K), 3 survivors (3072K)
 Metaspace       used 59803K, committed 61952K, reserved 1114112K
  class space    used 8379K, committed 9472K, reserved 1048576K
}
Event: 15.345 GC heap before
{Heap before GC invocations=19 (full 0):
 garbage-first heap   total 104448K, used 93897K [0x00000000c0000000, 0x0000000100000000)
  region size 1024K, 38 young (38912K), 3 survivors (3072K)
 Metaspace       used 62226K, committed 64384K, reserved 1114112K
  class space    used 8811K, committed 9920K, reserved 1048576K
}
Event: 15.351 GC heap after
{Heap after GC invocations=20 (full 0):
 garbage-first heap   total 104448K, used 62248K [0x00000000c0000000, 0x0000000100000000)
  region size 1024K, 5 young (5120K), 5 survivors (5120K)
 Metaspace       used 62226K, committed 64384K, reserved 1114112K
  class space    used 8811K, committed 9920K, reserved 1048576K
}

