# JRE version: Java(TM) SE Runtime Environment (21.0.5+9) (build 21.0.5+9-LTS-239)
# Java VM: Java HotSpot(TM) 64-Bit Server VM (21.0.5+9-LTS-239, mixed mode, sharing, tiered, compressed oops, compressed class ptrs, g1 gc, windows-amd64)
GC Precious Log:
 CardTable entry size: 512
 Card Set container configuration: InlinePtr #cards 5 size 8 Array Of Cards #cards 12 size 40 Howl #buckets 4 coarsen threshold 1843 Howl Bitmap #cards 512 size 80 coarsen threshold 460 Card regions per heap region 1 cards per card region 2048
 CPUs: 8 total, 8 available
 Memory: 7991M
 Large Page Support: Disabled
 NUMA Support: Disabled
 Compressed Oops: Enabled (32-bit)
 Heap Region Size: 1M
 Heap Min Capacity: 8M
 Heap Initial Capacity: 126M
 Heap Max Capacity: 1G
 Pre-touch: Disabled
 Parallel Workers: 8
 Concurrent Workers: 2
 Concurrent Refinement Workers: 8
 Periodic GC: Disabled
Heap:
 garbage-first heap   total 96256K, used 73339K [0x00000000c0000000, 0x0000000100000000)
  region size 1024K, 22 young (22528K), 3 survivors (3072K)
 Metaspace       used 59402K, committed 61440K, reserved 1114112K
  class space    used 8363K, committed 9408K, reserved 1048576K
GC Heap History (20 events):
Event: 7.370 GC heap before
{Heap before GC invocations=8 (full 0):
 garbage-first heap   total 86016K, used 47576K [0x00000000c0000000, 0x0000000100000000)
  region size 1024K, 19 young (19456K), 6 survivors (6144K)
 Metaspace       used 34888K, committed 35968K, reserved 1114112K
  class space    used 4783K, committed 5312K, reserved 1048576K
}
Event: 7.375 GC heap after
{Heap after GC invocations=9 (full 0):
 garbage-first heap   total 86016K, used 33392K [0x00000000c0000000, 0x0000000100000000)
  region size 1024K, 2 young (2048K), 2 survivors (2048K)
 Metaspace       used 34888K, committed 35968K, reserved 1114112K
  class space    used 4783K, committed 5312K, reserved 1048576K
}
Event: 8.252 GC heap before
{Heap before GC invocations=10 (full 0):
 garbage-first heap   total 86016K, used 73328K [0x00000000c0000000, 0x0000000100000000)
  region size 1024K, 41 young (41984K), 2 survivors (2048K)
 Metaspace       used 38940K, committed 40320K, reserved 1114112K
  class space    used 5450K, committed 6144K, reserved 1048576K
}
Event: 8.255 GC heap after
{Heap after GC invocations=11 (full 0):
 garbage-first heap   total 86016K, used 36482K [0x00000000c0000000, 0x0000000100000000)
  region size 1024K, 5 young (5120K), 5 survivors (5120K)
 Metaspace       used 38940K, committed 40320K, reserved 1114112K
  class space    used 5450K, committed 6144K, reserved 1048576K
}
Event: 8.926 GC heap before
{Heap before GC invocations=11 (full 0):
 garbage-first heap   total 86016K, used 75394K [0x00000000c0000000, 0x0000000100000000)
  region size 1024K, 42 young (43008K), 5 survivors (5120K)
 Metaspace       used 44085K, committed 45632K, reserved 1114112K
  class space    used 6156K, committed 6912K, reserved 1048576K
}
Event: 8.930 GC heap after
{Heap after GC invocations=12 (full 0):
 garbage-first heap   total 86016K, used 38014K [0x00000000c0000000, 0x0000000100000000)
  region size 1024K, 2 young (2048K), 2 survivors (2048K)
 Metaspace       used 44085K, committed 45632K, reserved 1114112K
  class space    used 6156K, committed 6912K, reserved 1048576K
}
Event: 9.534 GC heap before
{Heap before GC invocations=12 (full 0):
 garbage-first heap   total 86016K, used 74878K [0x00000000c0000000, 0x0000000100000000)
  region size 1024K, 38 young (38912K), 2 survivors (2048K)
 Metaspace       used 48209K, committed 49984K, reserved 1114112K
  class space    used 6820K, committed 7680K, reserved 1048576K
}
Event: 9.538 GC heap after
{Heap after GC invocations=13 (full 0):
 garbage-first heap   total 86016K, used 39636K [0x00000000c0000000, 0x0000000100000000)
  region size 1024K, 4 young (4096K), 4 survivors (4096K)
 Metaspace       used 48209K, committed 49984K, reserved 1114112K
  class space    used 6820K, committed 7680K, reserved 1048576K
}
Event: 10.316 GC heap before
{Heap before GC invocations=13 (full 0):
 garbage-first heap   total 86016K, used 74452K [0x00000000c0000000, 0x0000000100000000)
  region size 1024K, 39 young (39936K), 4 survivors (4096K)
 Metaspace       used 50662K, committed 52480K, reserved 1114112K
  class space    used 7170K, committed 8064K, reserved 1048576K
}
Event: 10.320 GC heap after
{Heap after GC invocations=14 (full 0):
 garbage-first heap   total 86016K, used 41699K [0x00000000c0000000, 0x0000000100000000)
  region size 1024K, 4 young (4096K), 4 survivors (4096K)
 Metaspace       used 50662K, committed 52480K, reserved 1114112K
  class space    used 7170K, committed 8064K, reserved 1048576K
}
Event: 10.969 GC heap before
{Heap before GC invocations=14 (full 0):
 garbage-first heap   total 86016K, used 76515K [0x00000000c0000000, 0x0000000100000000)
  region size 1024K, 38 young (38912K), 4 survivors (4096K)
 Metaspace       used 54208K, committed 56128K, reserved 1114112K
  class space    used 7746K, committed 8704K, reserved 1048576K
}
Event: 10.973 GC heap after
{Heap after GC invocations=15 (full 0):
 garbage-first heap   total 86016K, used 45014K [0x00000000c0000000, 0x0000000100000000)
  region size 1024K, 5 young (5120K), 5 survivors (5120K)
 Metaspace       used 54208K, committed 56128K, reserved 1114112K
  class space    used 7746K, committed 8704K, reserved 1048576K
}
Event: 11.253 GC heap before
{Heap before GC invocations=15 (full 0):
 garbage-first heap   total 86016K, used 75734K [0x00000000c0000000, 0x0000000100000000)
  region size 1024K, 35 young (35840K), 5 survivors (5120K)
 Metaspace       used 54791K, committed 56704K, reserved 1114112K
  class space    used 7831K, committed 8768K, reserved 1048576K
}
Event: 11.258 GC heap after
{Heap after GC invocations=16 (full 0):
 garbage-first heap   total 86016K, used 48675K [0x00000000c0000000, 0x0000000100000000)
  region size 1024K, 4 young (4096K), 4 survivors (4096K)
 Metaspace       used 54791K, committed 56704K, reserved 1114112K
  class space    used 7831K, committed 8768K, reserved 1048576K
}
Event: 12.378 GC heap before
{Heap before GC invocations=17 (full 0):
 garbage-first heap   total 86016K, used 76323K [0x00000000c0000000, 0x0000000100000000)
  region size 1024K, 31 young (31744K), 4 survivors (4096K)
 Metaspace       used 57355K, committed 59456K, reserved 1114112K
  class space    used 8233K, committed 9280K, reserved 1048576K
}
Event: 12.382 GC heap after
{Heap after GC invocations=18 (full 0):
 garbage-first heap   total 86016K, used 51024K [0x00000000c0000000, 0x0000000100000000)
  region size 1024K, 3 young (3072K), 3 survivors (3072K)
 Metaspace       used 57355K, committed 59456K, reserved 1114112K
  class space    used 8233K, committed 9280K, reserved 1048576K
}
Event: 12.969 GC heap before
{Heap before GC invocations=18 (full 0):
 garbage-first heap   total 86016K, used 76624K [0x00000000c0000000, 0x0000000100000000)
  region size 1024K, 28 young (28672K), 3 survivors (3072K)
 Metaspace       used 58504K, committed 60608K, reserved 1114112K
  class space    used 8309K, committed 9344K, reserved 1048576K
}
Event: 12.974 GC heap after
{Heap after GC invocations=19 (full 0):
 garbage-first heap   total 86016K, used 52911K [0x00000000c0000000, 0x0000000100000000)
  region size 1024K, 4 young (4096K), 4 survivors (4096K)
 Metaspace       used 58504K, committed 60608K, reserved 1114112K
  class space    used 8309K, committed 9344K, reserved 1048576K
}
Event: 13.472 GC heap before
{Heap before GC invocations=19 (full 0):
 garbage-first heap   total 86016K, used 75439K [0x00000000c0000000, 0x0000000100000000)
  region size 1024K, 27 young (27648K), 4 survivors (4096K)
 Metaspace       used 59091K, committed 61184K, reserved 1114112K
  class space    used 8353K, committed 9408K, reserved 1048576K
}
Event: 13.478 GC heap after
{Heap after GC invocations=20 (full 0):
 garbage-first heap   total 86016K, used 54907K [0x00000000c0000000, 0x0000000100000000)
  region size 1024K, 3 young (3072K), 3 survivors (3072K)
 Metaspace       used 59091K, committed 61184K, reserved 1114112K
  class space    used 8353K, committed 9408K, reserved 1048576K
}

