# JRE version: OpenJDK Runtime Environment Temurin-21.0.10+7 (21.0.10+7) (build 21.0.10+7-LTS)
# Java VM: OpenJDK 64-Bit Server VM Temurin-21.0.10+7 (21.0.10+7-LTS, mixed mode, sharing, tiered, compressed oops, compressed class ptrs, parallel gc, windows-amd64)
GC Precious Log:
 CardTable entry size: 512
 CPUs: 8 total, 8 available
 Memory: 7991M
 Large Page Support: Disabled
 NUMA Support: Disabled
 Compressed Oops: Enabled (32-bit)
 Alignments: Space 512K, Generation 512K, Heap 2M
 Heap Min Capacity: 100M
 Heap Initial Capacity: 100M
 Heap Max Capacity: 2G
 Pre-touch: Disabled
 Parallel Workers: 8
Heap:
 PSYoungGen      total 12800K, used 8514K [0x00000000d5580000, 0x00000000d6500000, 0x0000000100000000)
  eden space 11776K, 63% used [0x00000000d5580000,0x00000000d5cd0ac8,0x00000000d6100000)
  from space 1024K, 100% used [0x00000000d6100000,0x00000000d6200000,0x00000000d6200000)
  to   space 2048K, 0% used [0x00000000d6300000,0x00000000d6300000,0x00000000d6500000)
 ParOldGen       total 80384K, used 80369K [0x0000000080000000, 0x0000000084e80000, 0x00000000d5580000)
  object space 80384K, 99% used [0x0000000080000000,0x0000000084e7c510,0x0000000084e80000)
 Metaspace       used 75132K, committed 76608K, reserved 1179648K
  class space    used 9283K, committed 9920K, reserved 1048576K
GC Heap History (20 events):
Event: 10.249 GC heap before
{Heap before GC invocations=83 (full 3):
 PSYoungGen      total 12800K, used 12308K [0x00000000d5580000, 0x00000000d6300000, 0x0000000100000000)
  eden space 11776K, 100% used [0x00000000d5580000,0x00000000d6100000,0x00000000d6100000)
  from space 1024K, 52% used [0x00000000d6100000,0x00000000d6185318,0x00000000d6200000)
  to   space 1024K, 0% used [0x00000000d6200000,0x00000000d6200000,0x00000000d6300000)
 ParOldGen       total 74240K, used 74209K [0x0000000080000000, 0x0000000084880000, 0x00000000d5580000)
  object space 74240K, 99% used [0x0000000080000000,0x0000000084878780,0x0000000084880000)
 Metaspace       used 73014K, committed 74624K, reserved 1114112K
  class space    used 9071K, committed 9792K, reserved 1048576K
}
Event: 10.251 GC heap after
{Heap after GC invocations=83 (full 3):
 PSYoungGen      total 12800K, used 632K [0x00000000d5580000, 0x00000000d6300000, 0x0000000100000000)
  eden space 11776K, 0% used [0x00000000d5580000,0x00000000d5580000,0x00000000d6100000)
  from space 1024K, 61% used [0x00000000d6200000,0x00000000d629e260,0x00000000d6300000)
  to   space 1024K, 0% used [0x00000000d6100000,0x00000000d6100000,0x00000000d6200000)
 ParOldGen       total 74752K, used 74592K [0x0000000080000000, 0x0000000084900000, 0x00000000d5580000)
  object space 74752K, 99% used [0x0000000080000000,0x00000000848d8030,0x0000000084900000)
 Metaspace       used 73014K, committed 74624K, reserved 1114112K
  class space    used 9071K, committed 9792K, reserved 1048576K
}
Event: 10.278 GC heap before
{Heap before GC invocations=84 (full 3):
 PSYoungGen      total 12800K, used 12408K [0x00000000d5580000, 0x00000000d6300000, 0x0000000100000000)
  eden space 11776K, 100% used [0x00000000d5580000,0x00000000d6100000,0x00000000d6100000)
  from space 1024K, 61% used [0x00000000d6200000,0x00000000d629e260,0x00000000d6300000)
  to   space 1024K, 0% used [0x00000000d6100000,0x00000000d6100000,0x00000000d6200000)
 ParOldGen       total 74752K, used 74592K [0x0000000080000000, 0x0000000084900000, 0x00000000d5580000)
  object space 74752K, 99% used [0x0000000080000000,0x00000000848d8030,0x0000000084900000)
 Metaspace       used 73014K, committed 74624K, reserved 1114112K
  class space    used 9071K, committed 9792K, reserved 1048576K
}
Event: 10.279 GC heap after
{Heap after GC invocations=84 (full 3):
 PSYoungGen      total 12800K, used 1000K [0x00000000d5580000, 0x00000000d6500000, 0x0000000100000000)
  eden space 11776K, 0% used [0x00000000d5580000,0x00000000d5580000,0x00000000d6100000)
  from space 1024K, 97% used [0x00000000d6100000,0x00000000d61fa108,0x00000000d6200000)
  to   space 2048K, 0% used [0x00000000d6300000,0x00000000d6300000,0x00000000d6500000)
 ParOldGen       total 75776K, used 75386K [0x0000000080000000, 0x0000000084a00000, 0x00000000d5580000)
  object space 75776K, 99% used [0x0000000080000000,0x000000008499e8f8,0x0000000084a00000)
 Metaspace       used 73014K, committed 74624K, reserved 1114112K
  class space    used 9071K, committed 9792K, reserved 1048576K
}
Event: 10.297 GC heap before
{Heap before GC invocations=85 (full 3):
 PSYoungGen      total 12800K, used 12776K [0x00000000d5580000, 0x00000000d6500000, 0x0000000100000000)
  eden space 11776K, 100% used [0x00000000d5580000,0x00000000d6100000,0x00000000d6100000)
  from space 1024K, 97% used [0x00000000d6100000,0x00000000d61fa108,0x00000000d6200000)
  to   space 2048K, 0% used [0x00000000d6300000,0x00000000d6300000,0x00000000d6500000)
 ParOldGen       total 75776K, used 75386K [0x0000000080000000, 0x0000000084a00000, 0x00000000d5580000)
  object space 75776K, 99% used [0x0000000080000000,0x000000008499e8f8,0x0000000084a00000)
 Metaspace       used 73017K, committed 74624K, reserved 1114112K
  class space    used 9071K, committed 9792K, reserved 1048576K
}
Event: 10.298 GC heap after
{Heap after GC invocations=85 (full 3):
 PSYoungGen      total 12800K, used 688K [0x00000000d5580000, 0x00000000d6400000, 0x0000000100000000)
  eden space 11776K, 0% used [0x00000000d5580000,0x00000000d5580000,0x00000000d6100000)
  from space 1024K, 67% used [0x00000000d6300000,0x00000000d63ac010,0x00000000d6400000)
  to   space 1536K, 0% used [0x00000000d6100000,0x00000000d6100000,0x00000000d6280000)
 ParOldGen       total 76800K, used 76400K [0x0000000080000000, 0x0000000084b00000, 0x00000000d5580000)
  object space 76800K, 99% used [0x0000000080000000,0x0000000084a9c190,0x0000000084b00000)
 Metaspace       used 73017K, committed 74624K, reserved 1114112K
  class space    used 9071K, committed 9792K, reserved 1048576K
}
Event: 10.322 GC heap before
{Heap before GC invocations=86 (full 3):
 PSYoungGen      total 12800K, used 12464K [0x00000000d5580000, 0x00000000d6400000, 0x0000000100000000)
  eden space 11776K, 100% used [0x00000000d5580000,0x00000000d6100000,0x00000000d6100000)
  from space 1024K, 67% used [0x00000000d6300000,0x00000000d63ac010,0x00000000d6400000)
  to   space 1536K, 0% used [0x00000000d6100000,0x00000000d6100000,0x00000000d6280000)
 ParOldGen       total 76800K, used 76400K [0x0000000080000000, 0x0000000084b00000, 0x00000000d5580000)
  object space 76800K, 99% used [0x0000000080000000,0x0000000084a9c190,0x0000000084b00000)
 Metaspace       used 73017K, committed 74624K, reserved 1114112K
  class space    used 9071K, committed 9792K, reserved 1048576K
}
Event: 10.323 GC heap after
{Heap after GC invocations=86 (full 3):
 PSYoungGen      total 13312K, used 352K [0x00000000d5580000, 0x00000000d6380000, 0x0000000100000000)
  eden space 11776K, 0% used [0x00000000d5580000,0x00000000d5580000,0x00000000d6100000)
  from space 1536K, 22% used [0x00000000d6100000,0x00000000d6158000,0x00000000d6280000)
  to   space 1024K, 0% used [0x00000000d6280000,0x00000000d6280000,0x00000000d6380000)
 ParOldGen       total 77312K, used 76976K [0x0000000080000000, 0x0000000084b80000, 0x00000000d5580000)
  object space 77312K, 99% used [0x0000000080000000,0x0000000084b2c1a0,0x0000000084b80000)
 Metaspace       used 73017K, committed 74624K, reserved 1114112K
  class space    used 9071K, committed 9792K, reserved 1048576K
}
Event: 10.376 GC heap before
{Heap before GC invocations=87 (full 3):
 PSYoungGen      total 13312K, used 12128K [0x00000000d5580000, 0x00000000d6380000, 0x0000000100000000)
  eden space 11776K, 100% used [0x00000000d5580000,0x00000000d6100000,0x00000000d6100000)
  from space 1536K, 22% used [0x00000000d6100000,0x00000000d6158000,0x00000000d6280000)
  to   space 1024K, 0% used [0x00000000d6280000,0x00000000d6280000,0x00000000d6380000)
 ParOldGen       total 77312K, used 76976K [0x0000000080000000, 0x0000000084b80000, 0x00000000d5580000)
  object space 77312K, 99% used [0x0000000080000000,0x0000000084b2c1a0,0x0000000084b80000)
 Metaspace       used 73022K, committed 74624K, reserved 1114112K
  class space    used 9071K, committed 9792K, reserved 1048576K
}
Event: 10.378 GC heap after
{Heap after GC invocations=87 (full 3):
 PSYoungGen      total 12288K, used 492K [0x00000000d5580000, 0x00000000d6300000, 0x0000000100000000)
  eden space 11776K, 0% used [0x00000000d5580000,0x00000000d5580000,0x00000000d6100000)
  from space 512K, 96% used [0x00000000d6280000,0x00000000d62fb138,0x00000000d6300000)
  to   space 1024K, 0% used [0x00000000d6100000,0x00000000d6100000,0x00000000d6200000)
 ParOldGen       total 78336K, used 77981K [0x0000000080000000, 0x0000000084c80000, 0x00000000d5580000)
  object space 78336K, 99% used [0x0000000080000000,0x0000000084c274f8,0x0000000084c80000)
 Metaspace       used 73022K, committed 74624K, reserved 1114112K
  class space    used 9071K, committed 9792K, reserved 1048576K
}
Event: 10.408 GC heap before
{Heap before GC invocations=88 (full 3):
 PSYoungGen      total 12288K, used 12268K [0x00000000d5580000, 0x00000000d6300000, 0x0000000100000000)
  eden space 11776K, 100% used [0x00000000d5580000,0x00000000d6100000,0x00000000d6100000)
  from space 512K, 96% used [0x00000000d6280000,0x00000000d62fb138,0x00000000d6300000)
  to   space 1024K, 0% used [0x00000000d6100000,0x00000000d6100000,0x00000000d6200000)
 ParOldGen       total 78336K, used 77981K [0x0000000080000000, 0x0000000084c80000, 0x00000000d5580000)
  object space 78336K, 99% used [0x0000000080000000,0x0000000084c274f8,0x0000000084c80000)
 Metaspace       used 73027K, committed 74624K, reserved 1114112K
  class space    used 9072K, committed 9792K, reserved 1048576K
}
Event: 10.410 GC heap after
{Heap after GC invocations=88 (full 3):
 PSYoungGen      total 12800K, used 578K [0x00000000d5580000, 0x00000000d6300000, 0x0000000100000000)
  eden space 11776K, 0% used [0x00000000d5580000,0x00000000d5580000,0x00000000d6100000)
  from space 1024K, 56% used [0x00000000d6100000,0x00000000d61909a8,0x00000000d6200000)
  to   space 1024K, 0% used [0x00000000d6200000,0x00000000d6200000,0x00000000d6300000)
 ParOldGen       total 78848K, used 78369K [0x0000000080000000, 0x0000000084d00000, 0x00000000d5580000)
  object space 78848K, 99% used [0x0000000080000000,0x0000000084c886c0,0x0000000084d00000)
 Metaspace       used 73027K, committed 74624K, reserved 1114112K
  class space    used 9072K, committed 9792K, reserved 1048576K
}
Event: 10.441 GC heap before
{Heap before GC invocations=89 (full 3):
 PSYoungGen      total 12800K, used 12354K [0x00000000d5580000, 0x00000000d6300000, 0x0000000100000000)
  eden space 11776K, 100% used [0x00000000d5580000,0x00000000d6100000,0x00000000d6100000)
  from space 1024K, 56% used [0x00000000d6100000,0x00000000d61909a8,0x00000000d6200000)
  to   space 1024K, 0% used [0x00000000d6200000,0x00000000d6200000,0x00000000d6300000)
 ParOldGen       total 78848K, used 78369K [0x0000000080000000, 0x0000000084d00000, 0x00000000d5580000)
  object space 78848K, 99% used [0x0000000080000000,0x0000000084c886c0,0x0000000084d00000)
 Metaspace       used 73035K, committed 74624K, reserved 1114112K
  class space    used 9072K, committed 9792K, reserved 1048576K
}
Event: 10.442 GC heap after
{Heap after GC invocations=89 (full 3):
 PSYoungGen      total 12800K, used 569K [0x00000000d5580000, 0x00000000d6300000, 0x0000000100000000)
  eden space 11776K, 0% used [0x00000000d5580000,0x00000000d5580000,0x00000000d6100000)
  from space 1024K, 55% used [0x00000000d6200000,0x00000000d628e698,0x00000000d6300000)
  to   space 1024K, 0% used [0x00000000d6100000,0x00000000d6100000,0x00000000d6200000)
 ParOldGen       total 78848K, used 78790K [0x0000000080000000, 0x0000000084d00000, 0x00000000d5580000)
  object space 78848K, 99% used [0x0000000080000000,0x0000000084cf1ab8,0x0000000084d00000)
 Metaspace       used 73035K, committed 74624K, reserved 1114112K
  class space    used 9072K, committed 9792K, reserved 1048576K
}
Event: 10.484 GC heap before
{Heap before GC invocations=90 (full 3):
 PSYoungGen      total 12800K, used 12345K [0x00000000d5580000, 0x00000000d6300000, 0x0000000100000000)
  eden space 11776K, 100% used [0x00000000d5580000,0x00000000d6100000,0x00000000d6100000)
  from space 1024K, 55% used [0x00000000d6200000,0x00000000d628e698,0x00000000d6300000)
  to   space 1024K, 0% used [0x00000000d6100000,0x00000000d6100000,0x00000000d6200000)
 ParOldGen       total 78848K, used 78790K [0x0000000080000000, 0x0000000084d00000, 0x00000000d5580000)
  object space 78848K, 99% used [0x0000000080000000,0x0000000084cf1ab8,0x0000000084d00000)
 Metaspace       used 73036K, committed 74624K, reserved 1114112K
  class space    used 9072K, committed 9792K, reserved 1048576K
}
Event: 10.485 GC heap after
{Heap after GC invocations=90 (full 3):
 PSYoungGen      total 12800K, used 672K [0x00000000d5580000, 0x00000000d6300000, 0x0000000100000000)
  eden space 11776K, 0% used [0x00000000d5580000,0x00000000d5580000,0x00000000d6100000)
  from space 1024K, 65% used [0x00000000d6100000,0x00000000d61a81b0,0x00000000d6200000)
  to   space 1024K, 0% used [0x00000000d6200000,0x00000000d6200000,0x00000000d6300000)
 ParOldGen       total 79360K, used 79262K [0x0000000080000000, 0x0000000084d80000, 0x00000000d5580000)
  object space 79360K, 99% used [0x0000000080000000,0x0000000084d67a00,0x0000000084d80000)
 Metaspace       used 73036K, committed 74624K, reserved 1114112K
  class space    used 9072K, committed 9792K, reserved 1048576K
}
Event: 10.524 GC heap before
{Heap before GC invocations=91 (full 3):
 PSYoungGen      total 12800K, used 12448K [0x00000000d5580000, 0x00000000d6300000, 0x0000000100000000)
  eden space 11776K, 100% used [0x00000000d5580000,0x00000000d6100000,0x00000000d6100000)
  from space 1024K, 65% used [0x00000000d6100000,0x00000000d61a81b0,0x00000000d6200000)
  to   space 1024K, 0% used [0x00000000d6200000,0x00000000d6200000,0x00000000d6300000)
 ParOldGen       total 79360K, used 79262K [0x0000000080000000, 0x0000000084d80000, 0x00000000d5580000)
  object space 79360K, 99% used [0x0000000080000000,0x0000000084d67a00,0x0000000084d80000)
 Metaspace       used 73366K, committed 74944K, reserved 1114112K
  class space    used 9094K, committed 9792K, reserved 1048576K
}
Event: 10.526 GC heap after
{Heap after GC invocations=91 (full 3):
 PSYoungGen      total 12800K, used 639K [0x00000000d5580000, 0x00000000d6300000, 0x0000000100000000)
  eden space 11776K, 0% used [0x00000000d5580000,0x00000000d5580000,0x00000000d6100000)
  from space 1024K, 62% used [0x00000000d6200000,0x00000000d629ff28,0x00000000d6300000)
  to   space 1024K, 0% used [0x00000000d6100000,0x00000000d6100000,0x00000000d6200000)
 ParOldGen       total 79872K, used 79744K [0x0000000080000000, 0x0000000084e00000, 0x00000000d5580000)
  object space 79872K, 99% used [0x0000000080000000,0x0000000084de0180,0x0000000084e00000)
 Metaspace       used 73366K, committed 74944K, reserved 1114112K
  class space    used 9094K, committed 9792K, reserved 1048576K
}
Event: 10.634 GC heap before
{Heap before GC invocations=92 (full 3):
 PSYoungGen      total 12800K, used 12415K [0x00000000d5580000, 0x00000000d6300000, 0x0000000100000000)
  eden space 11776K, 100% used [0x00000000d5580000,0x00000000d6100000,0x00000000d6100000)
  from space 1024K, 62% used [0x00000000d6200000,0x00000000d629ff28,0x00000000d6300000)
  to   space 1024K, 0% used [0x00000000d6100000,0x00000000d6100000,0x00000000d6200000)
 ParOldGen       total 79872K, used 79744K [0x0000000080000000, 0x0000000084e00000, 0x00000000d5580000)
  object space 79872K, 99% used [0x0000000080000000,0x0000000084de0180,0x0000000084e00000)
 Metaspace       used 74404K, committed 75904K, reserved 1179648K
  class space    used 9199K, committed 9856K, reserved 1048576K
}
Event: 10.636 GC heap after
{Heap after GC invocations=92 (full 3):
 PSYoungGen      total 12800K, used 1024K [0x00000000d5580000, 0x00000000d6500000, 0x0000000100000000)
  eden space 11776K, 0% used [0x00000000d5580000,0x00000000d5580000,0x00000000d6100000)
  from space 1024K, 100% used [0x00000000d6100000,0x00000000d6200000,0x00000000d6200000)
  to   space 2048K, 0% used [0x00000000d6300000,0x00000000d6300000,0x00000000d6500000)
 ParOldGen       total 80384K, used 80369K [0x0000000080000000, 0x0000000084e80000, 0x00000000d5580000)
  object space 80384K, 99% used [0x0000000080000000,0x0000000084e7c510,0x0000000084e80000)
 Metaspace       used 74404K, committed 75904K, reserved 1179648K
  class space    used 9199K, committed 9856K, reserved 1048576K
}

