# JRE version: OpenJDK Runtime Environment Temurin-21.0.10+7 (21.0.10+7) (build 21.0.10+7-LTS)
# Java VM: OpenJDK 64-Bit Server VM Temurin-21.0.10+7 (21.0.10+7-LTS, mixed mode, sharing, tiered, compressed oops, compressed class ptrs, parallel gc, windows-amd64)
GC Precious Log:
 CardTable entry size: 512
 CPUs: 8 total, 8 available
 Memory: 7991M
 Large Page Support: Disabled
 NUMA Support: Disabled
 Compressed Oops: Enabled (32-bit)
 Alignments: Space 512K, Generation 512K, Heap 2M
 Heap Min Capacity: 100M
 Heap Initial Capacity: 100M
 Heap Max Capacity: 2G
 Pre-touch: Disabled
 Parallel Workers: 8
Heap:
 PSYoungGen      total 20480K, used 17059K [0x00000000d5580000, 0x00000000d6c00000, 0x0000000100000000)
  eden space 19456K, 87% used [0x00000000d5580000,0x00000000d6628ca0,0x00000000d6880000)
  from space 1024K, 0% used [0x00000000d6a00000,0x00000000d6a00000,0x00000000d6b00000)
  to   space 1024K, 0% used [0x00000000d6b00000,0x00000000d6b00000,0x00000000d6c00000)
 ParOldGen       total 68608K, used 28052K [0x0000000080000000, 0x0000000084300000, 0x00000000d5580000)
  object space 68608K, 40% used [0x0000000080000000,0x0000000081b653a8,0x0000000084300000)
 Metaspace       used 60213K, committed 61440K, reserved 1114112K
  class space    used 6502K, committed 7040K, reserved 1048576K
GC Heap History (20 events):
Event: 148.648 GC heap before
{Heap before GC invocations=49 (full 2):
 PSYoungGen      total 19968K, used 19584K [0x00000000d5580000, 0x00000000d6d00000, 0x0000000100000000)
  eden space 19456K, 100% used [0x00000000d5580000,0x00000000d6880000,0x00000000d6880000)
  from space 512K, 25% used [0x00000000d6c80000,0x00000000d6ca0000,0x00000000d6d00000)
  to   space 512K, 0% used [0x00000000d6c00000,0x00000000d6c00000,0x00000000d6c80000)
 ParOldGen       total 68608K, used 37348K [0x0000000080000000, 0x0000000084300000, 0x00000000d5580000)
  object space 68608K, 54% used [0x0000000080000000,0x00000000824792d0,0x0000000084300000)
 Metaspace       used 51032K, committed 52224K, reserved 1114112K
  class space    used 5574K, committed 6080K, reserved 1048576K
}
Event: 148.648 GC heap after
{Heap after GC invocations=49 (full 2):
 PSYoungGen      total 19968K, used 192K [0x00000000d5580000, 0x00000000d6d00000, 0x0000000100000000)
  eden space 19456K, 0% used [0x00000000d5580000,0x00000000d5580000,0x00000000d6880000)
  from space 512K, 37% used [0x00000000d6c00000,0x00000000d6c30000,0x00000000d6c80000)
  to   space 512K, 0% used [0x00000000d6c80000,0x00000000d6c80000,0x00000000d6d00000)
 ParOldGen       total 68608K, used 37380K [0x0000000080000000, 0x0000000084300000, 0x00000000d5580000)
  object space 68608K, 54% used [0x0000000080000000,0x00000000824812d0,0x0000000084300000)
 Metaspace       used 51032K, committed 52224K, reserved 1114112K
  class space    used 5574K, committed 6080K, reserved 1048576K
}
Event: 154.758 GC heap before
{Heap before GC invocations=50 (full 2):
 PSYoungGen      total 19968K, used 19648K [0x00000000d5580000, 0x00000000d6d00000, 0x0000000100000000)
  eden space 19456K, 100% used [0x00000000d5580000,0x00000000d6880000,0x00000000d6880000)
  from space 512K, 37% used [0x00000000d6c00000,0x00000000d6c30000,0x00000000d6c80000)
  to   space 512K, 0% used [0x00000000d6c80000,0x00000000d6c80000,0x00000000d6d00000)
 ParOldGen       total 68608K, used 37380K [0x0000000080000000, 0x0000000084300000, 0x00000000d5580000)
  object space 68608K, 54% used [0x0000000080000000,0x00000000824812d0,0x0000000084300000)
 Metaspace       used 51032K, committed 52224K, reserved 1114112K
  class space    used 5574K, committed 6080K, reserved 1048576K
}
Event: 154.759 GC heap after
{Heap after GC invocations=50 (full 2):
 PSYoungGen      total 19968K, used 96K [0x00000000d5580000, 0x00000000d6d00000, 0x0000000100000000)
  eden space 19456K, 0% used [0x00000000d5580000,0x00000000d5580000,0x00000000d6880000)
  from space 512K, 18% used [0x00000000d6c80000,0x00000000d6c98000,0x00000000d6d00000)
  to   space 512K, 0% used [0x00000000d6c00000,0x00000000d6c00000,0x00000000d6c80000)
 ParOldGen       total 68608K, used 37412K [0x0000000080000000, 0x0000000084300000, 0x00000000d5580000)
  object space 68608K, 54% used [0x0000000080000000,0x00000000824892d0,0x0000000084300000)
 Metaspace       used 51032K, committed 52224K, reserved 1114112K
  class space    used 5574K, committed 6080K, reserved 1048576K
}
Event: 160.753 GC heap before
{Heap before GC invocations=51 (full 2):
 PSYoungGen      total 19968K, used 19552K [0x00000000d5580000, 0x00000000d6d00000, 0x0000000100000000)
  eden space 19456K, 100% used [0x00000000d5580000,0x00000000d6880000,0x00000000d6880000)
  from space 512K, 18% used [0x00000000d6c80000,0x00000000d6c98000,0x00000000d6d00000)
  to   space 512K, 0% used [0x00000000d6c00000,0x00000000d6c00000,0x00000000d6c80000)
 ParOldGen       total 68608K, used 37412K [0x0000000080000000, 0x0000000084300000, 0x00000000d5580000)
  object space 68608K, 54% used [0x0000000080000000,0x00000000824892d0,0x0000000084300000)
 Metaspace       used 51331K, committed 52480K, reserved 1114112K
  class space    used 5616K, committed 6144K, reserved 1048576K
}
Event: 160.756 GC heap after
{Heap after GC invocations=51 (full 2):
 PSYoungGen      total 19968K, used 494K [0x00000000d5580000, 0x00000000d6d00000, 0x0000000100000000)
  eden space 19456K, 0% used [0x00000000d5580000,0x00000000d5580000,0x00000000d6880000)
  from space 512K, 96% used [0x00000000d6c00000,0x00000000d6c7b840,0x00000000d6c80000)
  to   space 512K, 0% used [0x00000000d6c80000,0x00000000d6c80000,0x00000000d6d00000)
 ParOldGen       total 68608K, used 37444K [0x0000000080000000, 0x0000000084300000, 0x00000000d5580000)
  object space 68608K, 54% used [0x0000000080000000,0x00000000824912d0,0x0000000084300000)
 Metaspace       used 51331K, committed 52480K, reserved 1114112K
  class space    used 5616K, committed 6144K, reserved 1048576K
}
Event: 162.348 GC heap before
{Heap before GC invocations=52 (full 2):
 PSYoungGen      total 19968K, used 19946K [0x00000000d5580000, 0x00000000d6d00000, 0x0000000100000000)
  eden space 19456K, 99% used [0x00000000d5580000,0x00000000d687f1a8,0x00000000d6880000)
  from space 512K, 96% used [0x00000000d6c00000,0x00000000d6c7b840,0x00000000d6c80000)
  to   space 512K, 0% used [0x00000000d6c80000,0x00000000d6c80000,0x00000000d6d00000)
 ParOldGen       total 68608K, used 37444K [0x0000000080000000, 0x0000000084300000, 0x00000000d5580000)
  object space 68608K, 54% used [0x0000000080000000,0x00000000824912d0,0x0000000084300000)
 Metaspace       used 52902K, committed 54080K, reserved 1114112K
  class space    used 5758K, committed 6272K, reserved 1048576K
}
Event: 162.351 GC heap after
{Heap after GC invocations=52 (full 2):
 PSYoungGen      total 19968K, used 480K [0x00000000d5580000, 0x00000000d6d80000, 0x0000000100000000)
  eden space 19456K, 0% used [0x00000000d5580000,0x00000000d5580000,0x00000000d6880000)
  from space 512K, 93% used [0x00000000d6c80000,0x00000000d6cf8020,0x00000000d6d00000)
  to   space 2560K, 0% used [0x00000000d6880000,0x00000000d6880000,0x00000000d6b00000)
 ParOldGen       total 68608K, used 39026K [0x0000000080000000, 0x0000000084300000, 0x00000000d5580000)
  object space 68608K, 56% used [0x0000000080000000,0x000000008261cac0,0x0000000084300000)
 Metaspace       used 52902K, committed 54080K, reserved 1114112K
  class space    used 5758K, committed 6272K, reserved 1048576K
}
Event: 162.781 GC heap before
{Heap before GC invocations=53 (full 2):
 PSYoungGen      total 19968K, used 19884K [0x00000000d5580000, 0x00000000d6d80000, 0x0000000100000000)
  eden space 19456K, 99% used [0x00000000d5580000,0x00000000d6873288,0x00000000d6880000)
  from space 512K, 93% used [0x00000000d6c80000,0x00000000d6cf8020,0x00000000d6d00000)
  to   space 2560K, 0% used [0x00000000d6880000,0x00000000d6880000,0x00000000d6b00000)
 ParOldGen       total 68608K, used 39026K [0x0000000080000000, 0x0000000084300000, 0x00000000d5580000)
  object space 68608K, 56% used [0x0000000080000000,0x000000008261cac0,0x0000000084300000)
 Metaspace       used 54826K, committed 56064K, reserved 1114112K
  class space    used 6021K, committed 6528K, reserved 1048576K
}
Event: 162.782 GC heap after
{Heap after GC invocations=53 (full 2):
 PSYoungGen      total 22016K, used 888K [0x00000000d5580000, 0x00000000d6d00000, 0x0000000100000000)
  eden space 19456K, 0% used [0x00000000d5580000,0x00000000d5580000,0x00000000d6880000)
  from space 2560K, 34% used [0x00000000d6880000,0x00000000d695e308,0x00000000d6b00000)
  to   space 1536K, 0% used [0x00000000d6b80000,0x00000000d6b80000,0x00000000d6d00000)
 ParOldGen       total 68608K, used 39514K [0x0000000080000000, 0x0000000084300000, 0x00000000d5580000)
  object space 68608K, 57% used [0x0000000080000000,0x0000000082696ae0,0x0000000084300000)
 Metaspace       used 54826K, committed 56064K, reserved 1114112K
  class space    used 6021K, committed 6528K, reserved 1048576K
}
Event: 163.112 GC heap before
{Heap before GC invocations=54 (full 2):
 PSYoungGen      total 22016K, used 20344K [0x00000000d5580000, 0x00000000d6d00000, 0x0000000100000000)
  eden space 19456K, 100% used [0x00000000d5580000,0x00000000d6880000,0x00000000d6880000)
  from space 2560K, 34% used [0x00000000d6880000,0x00000000d695e308,0x00000000d6b00000)
  to   space 1536K, 0% used [0x00000000d6b80000,0x00000000d6b80000,0x00000000d6d00000)
 ParOldGen       total 68608K, used 39514K [0x0000000080000000, 0x0000000084300000, 0x00000000d5580000)
  object space 68608K, 57% used [0x0000000080000000,0x0000000082696ae0,0x0000000084300000)
 Metaspace       used 55784K, committed 57024K, reserved 1114112K
  class space    used 6122K, committed 6656K, reserved 1048576K
}
Event: 163.114 GC heap after
{Heap after GC invocations=54 (full 2):
 PSYoungGen      total 20480K, used 624K [0x00000000d5580000, 0x00000000d6c80000, 0x0000000100000000)
  eden space 19456K, 0% used [0x00000000d5580000,0x00000000d5580000,0x00000000d6880000)
  from space 1024K, 61% used [0x00000000d6b80000,0x00000000d6c1c298,0x00000000d6c80000)
  to   space 1024K, 0% used [0x00000000d6a80000,0x00000000d6a80000,0x00000000d6b80000)
 ParOldGen       total 68608K, used 40237K [0x0000000080000000, 0x0000000084300000, 0x00000000d5580000)
  object space 68608K, 58% used [0x0000000080000000,0x000000008274b570,0x0000000084300000)
 Metaspace       used 55784K, committed 57024K, reserved 1114112K
  class space    used 6122K, committed 6656K, reserved 1048576K
}
Event: 163.297 GC heap before
{Heap before GC invocations=55 (full 2):
 PSYoungGen      total 20480K, used 20080K [0x00000000d5580000, 0x00000000d6c80000, 0x0000000100000000)
  eden space 19456K, 100% used [0x00000000d5580000,0x00000000d6880000,0x00000000d6880000)
  from space 1024K, 61% used [0x00000000d6b80000,0x00000000d6c1c298,0x00000000d6c80000)
  to   space 1024K, 0% used [0x00000000d6a80000,0x00000000d6a80000,0x00000000d6b80000)
 ParOldGen       total 68608K, used 40237K [0x0000000080000000, 0x0000000084300000, 0x00000000d5580000)
  object space 68608K, 58% used [0x0000000080000000,0x000000008274b570,0x0000000084300000)
 Metaspace       used 56643K, committed 57792K, reserved 1114112K
  class space    used 6165K, committed 6656K, reserved 1048576K
}
Event: 163.300 GC heap after
{Heap after GC invocations=55 (full 2):
 PSYoungGen      total 20480K, used 1000K [0x00000000d5580000, 0x00000000d6d80000, 0x0000000100000000)
  eden space 19456K, 0% used [0x00000000d5580000,0x00000000d5580000,0x00000000d6880000)
  from space 1024K, 97% used [0x00000000d6a80000,0x00000000d6b7a1e0,0x00000000d6b80000)
  to   space 2048K, 0% used [0x00000000d6b80000,0x00000000d6b80000,0x00000000d6d80000)
 ParOldGen       total 68608K, used 41138K [0x0000000080000000, 0x0000000084300000, 0x00000000d5580000)
  object space 68608K, 59% used [0x0000000080000000,0x000000008282cbd0,0x0000000084300000)
 Metaspace       used 56643K, committed 57792K, reserved 1114112K
  class space    used 6165K, committed 6656K, reserved 1048576K
}
Event: 163.363 GC heap before
{Heap before GC invocations=56 (full 2):
 PSYoungGen      total 20480K, used 20456K [0x00000000d5580000, 0x00000000d6d80000, 0x0000000100000000)
  eden space 19456K, 100% used [0x00000000d5580000,0x00000000d6880000,0x00000000d6880000)
  from space 1024K, 97% used [0x00000000d6a80000,0x00000000d6b7a1e0,0x00000000d6b80000)
  to   space 2048K, 0% used [0x00000000d6b80000,0x00000000d6b80000,0x00000000d6d80000)
 ParOldGen       total 68608K, used 41138K [0x0000000080000000, 0x0000000084300000, 0x00000000d5580000)
  object space 68608K, 59% used [0x0000000080000000,0x000000008282cbd0,0x0000000084300000)
 Metaspace       used 56882K, committed 58112K, reserved 1114112K
  class space    used 6175K, committed 6720K, reserved 1048576K
}
Event: 163.364 GC heap after
{Heap after GC invocations=56 (full 2):
 PSYoungGen      total 19968K, used 192K [0x00000000d5580000, 0x00000000d6c00000, 0x0000000100000000)
  eden space 19456K, 0% used [0x00000000d5580000,0x00000000d5580000,0x00000000d6880000)
  from space 512K, 37% used [0x00000000d6b80000,0x00000000d6bb0000,0x00000000d6c00000)
  to   space 1024K, 0% used [0x00000000d6a00000,0x00000000d6a00000,0x00000000d6b00000)
 ParOldGen       total 68608K, used 41385K [0x0000000080000000, 0x0000000084300000, 0x00000000d5580000)
  object space 68608K, 60% used [0x0000000080000000,0x000000008286a420,0x0000000084300000)
 Metaspace       used 56882K, committed 58112K, reserved 1114112K
  class space    used 6175K, committed 6720K, reserved 1048576K
}
Event: 164.052 GC heap before
{Heap before GC invocations=57 (full 2):
 PSYoungGen      total 19968K, used 13255K [0x00000000d5580000, 0x00000000d6c00000, 0x0000000100000000)
  eden space 19456K, 67% used [0x00000000d5580000,0x00000000d6241f70,0x00000000d6880000)
  from space 512K, 37% used [0x00000000d6b80000,0x00000000d6bb0000,0x00000000d6c00000)
  to   space 1024K, 0% used [0x00000000d6a00000,0x00000000d6a00000,0x00000000d6b00000)
 ParOldGen       total 68608K, used 41385K [0x0000000080000000, 0x0000000084300000, 0x00000000d5580000)
  object space 68608K, 60% used [0x0000000080000000,0x000000008286a420,0x0000000084300000)
 Metaspace       used 58573K, committed 59776K, reserved 1114112K
  class space    used 6339K, committed 6848K, reserved 1048576K
}
Event: 164.054 GC heap after
{Heap after GC invocations=57 (full 2):
 PSYoungGen      total 20480K, used 498K [0x00000000d5580000, 0x00000000d6c00000, 0x0000000100000000)
  eden space 19456K, 0% used [0x00000000d5580000,0x00000000d5580000,0x00000000d6880000)
  from space 1024K, 48% used [0x00000000d6a00000,0x00000000d6a7c8f0,0x00000000d6b00000)
  to   space 1024K, 0% used [0x00000000d6b00000,0x00000000d6b00000,0x00000000d6c00000)
 ParOldGen       total 68608K, used 41425K [0x0000000080000000, 0x0000000084300000, 0x00000000d5580000)
  object space 68608K, 60% used [0x0000000080000000,0x0000000082874420,0x0000000084300000)
 Metaspace       used 58573K, committed 59776K, reserved 1114112K
  class space    used 6339K, committed 6848K, reserved 1048576K
}
Event: 164.054 GC heap before
{Heap before GC invocations=58 (full 3):
 PSYoungGen      total 20480K, used 498K [0x00000000d5580000, 0x00000000d6c00000, 0x0000000100000000)
  eden space 19456K, 0% used [0x00000000d5580000,0x00000000d5580000,0x00000000d6880000)
  from space 1024K, 48% used [0x00000000d6a00000,0x00000000d6a7c8f0,0x00000000d6b00000)
  to   space 1024K, 0% used [0x00000000d6b00000,0x00000000d6b00000,0x00000000d6c00000)
 ParOldGen       total 68608K, used 41425K [0x0000000080000000, 0x0000000084300000, 0x00000000d5580000)
  object space 68608K, 60% used [0x0000000080000000,0x0000000082874420,0x0000000084300000)
 Metaspace       used 58573K, committed 59776K, reserved 1114112K
  class space    used 6339K, committed 6848K, reserved 1048576K
}
Event: 164.175 GC heap after
{Heap after GC invocations=58 (full 3):
 PSYoungGen      total 20480K, used 0K [0x00000000d5580000, 0x00000000d6c00000, 0x0000000100000000)
  eden space 19456K, 0% used [0x00000000d5580000,0x00000000d5580000,0x00000000d6880000)
  from space 1024K, 0% used [0x00000000d6a00000,0x00000000d6a00000,0x00000000d6b00000)
  to   space 1024K, 0% used [0x00000000d6b00000,0x00000000d6b00000,0x00000000d6c00000)
 ParOldGen       total 68608K, used 28052K [0x0000000080000000, 0x0000000084300000, 0x00000000d5580000)
  object space 68608K, 40% used [0x0000000080000000,0x0000000081b653a8,0x0000000084300000)
 Metaspace       used 58573K, committed 59776K, reserved 1114112K
  class space    used 6339K, committed 6848K, reserved 1048576K
}

