# JRE version: Java(TM) SE Runtime Environment (21.0.5+9) (build 21.0.5+9-LTS-239)
# Java VM: Java HotSpot(TM) 64-Bit Server VM (21.0.5+9-LTS-239, mixed mode, emulated-client, sharing, tiered, compressed oops, compressed class ptrs, g1 gc, windows-amd64)
GC Precious Log:
 CardTable entry size: 512
 Card Set container configuration: InlinePtr #cards 5 size 8 Array Of Cards #cards 12 size 40 Howl #buckets 4 coarsen threshold 1843 Howl Bitmap #cards 512 size 80 coarsen threshold 460 Card regions per heap region 1 cards per card region 2048
 CPUs: 8 total, 8 available
 Memory: 7991M
 Large Page Support: Disabled
 NUMA Support: Disabled
 Compressed Oops: Enabled (32-bit)
 Heap Region Size: 1M
 Heap Min Capacity: 8M
 Heap Initial Capacity: 126M
 Heap Max Capacity: 1998M
 Pre-touch: Disabled
 Parallel Workers: 8
 Concurrent Workers: 2
 Concurrent Refinement Workers: 8
 Periodic GC: Disabled
Heap:
 garbage-first heap   total 132096K, used 79345K [0x0000000083200000, 0x0000000100000000)
  region size 1024K, 4 young (4096K), 4 survivors (4096K)
 Metaspace       used 76092K, committed 76928K, reserved 1179648K
  class space    used 11066K, committed 11456K, reserved 1048576K
GC Heap History (20 events):
Event: 21.591 GC heap after
{Heap after GC invocations=20 (full 0):
 garbage-first heap   total 66560K, used 36666K [0x0000000083200000, 0x0000000100000000)
  region size 1024K, 3 young (3072K), 3 survivors (3072K)
 Metaspace       used 70360K, committed 71104K, reserved 1114112K
  class space    used 10105K, committed 10432K, reserved 1048576K
}
Event: 21.683 GC heap before
{Heap before GC invocations=20 (full 0):
 garbage-first heap   total 66560K, used 59194K [0x0000000083200000, 0x0000000100000000)
  region size 1024K, 25 young (25600K), 3 survivors (3072K)
 Metaspace       used 70361K, committed 71104K, reserved 1114112K
  class space    used 10105K, committed 10432K, reserved 1048576K
}
Event: 21.693 GC heap after
{Heap after GC invocations=21 (full 0):
 garbage-first heap   total 66560K, used 38141K [0x0000000083200000, 0x0000000100000000)
  region size 1024K, 3 young (3072K), 3 survivors (3072K)
 Metaspace       used 70361K, committed 71104K, reserved 1114112K
  class space    used 10105K, committed 10432K, reserved 1048576K
}
Event: 21.945 GC heap before
{Heap before GC invocations=21 (full 0):
 garbage-first heap   total 66560K, used 57597K [0x0000000083200000, 0x0000000100000000)
  region size 1024K, 23 young (23552K), 3 survivors (3072K)
 Metaspace       used 72022K, committed 72768K, reserved 1114112K
  class space    used 10471K, committed 10816K, reserved 1048576K
}
Event: 21.950 GC heap after
{Heap after GC invocations=22 (full 0):
 garbage-first heap   total 79872K, used 38250K [0x0000000083200000, 0x0000000100000000)
  region size 1024K, 2 young (2048K), 2 survivors (2048K)
 Metaspace       used 72022K, committed 72768K, reserved 1114112K
  class space    used 10471K, committed 10816K, reserved 1048576K
}
Event: 22.569 GC heap before
{Heap before GC invocations=23 (full 0):
 garbage-first heap   total 81920K, used 68970K [0x0000000083200000, 0x0000000100000000)
  region size 1024K, 33 young (33792K), 2 survivors (2048K)
 Metaspace       used 74991K, committed 75776K, reserved 1114112K
  class space    used 10903K, committed 11264K, reserved 1048576K
}
Event: 22.577 GC heap after
{Heap after GC invocations=24 (full 0):
 garbage-first heap   total 81920K, used 39678K [0x0000000083200000, 0x0000000100000000)
  region size 1024K, 3 young (3072K), 3 survivors (3072K)
 Metaspace       used 74991K, committed 75776K, reserved 1114112K
  class space    used 10903K, committed 11264K, reserved 1048576K
}
Event: 23.362 GC heap before
{Heap before GC invocations=24 (full 0):
 garbage-first heap   total 81920K, used 72446K [0x0000000083200000, 0x0000000100000000)
  region size 1024K, 35 young (35840K), 3 survivors (3072K)
 Metaspace       used 76067K, committed 76800K, reserved 1179648K
  class space    used 11057K, committed 11392K, reserved 1048576K
}
Event: 23.368 GC heap after
{Heap after GC invocations=25 (full 0):
 garbage-first heap   total 81920K, used 42793K [0x0000000083200000, 0x0000000100000000)
  region size 1024K, 5 young (5120K), 5 survivors (5120K)
 Metaspace       used 76067K, committed 76800K, reserved 1179648K
  class space    used 11057K, committed 11392K, reserved 1048576K
}
Event: 23.588 GC heap before
{Heap before GC invocations=25 (full 0):
 garbage-first heap   total 81920K, used 72489K [0x0000000083200000, 0x0000000100000000)
  region size 1024K, 34 young (34816K), 5 survivors (5120K)
 Metaspace       used 76092K, committed 76928K, reserved 1179648K
  class space    used 11066K, committed 11456K, reserved 1048576K
}
Event: 23.597 GC heap after
{Heap after GC invocations=26 (full 0):
 garbage-first heap   total 84992K, used 50132K [0x0000000083200000, 0x0000000100000000)
  region size 1024K, 5 young (5120K), 5 survivors (5120K)
 Metaspace       used 76092K, committed 76928K, reserved 1179648K
  class space    used 11066K, committed 11456K, reserved 1048576K
}
Event: 23.747 GC heap before
{Heap before GC invocations=27 (full 0):
 garbage-first heap   total 94208K, used 73684K [0x0000000083200000, 0x0000000100000000)
  region size 1024K, 28 young (28672K), 5 survivors (5120K)
 Metaspace       used 76092K, committed 76928K, reserved 1179648K
  class space    used 11066K, committed 11456K, reserved 1048576K
}
Event: 23.758 GC heap after
{Heap after GC invocations=28 (full 0):
 garbage-first heap   total 94208K, used 59032K [0x0000000083200000, 0x0000000100000000)
  region size 1024K, 4 young (4096K), 4 survivors (4096K)
 Metaspace       used 76092K, committed 76928K, reserved 1179648K
  class space    used 11066K, committed 11456K, reserved 1048576K
}
Event: 23.912 GC heap before
{Heap before GC invocations=28 (full 0):
 garbage-first heap   total 94208K, used 80536K [0x0000000083200000, 0x0000000100000000)
  region size 1024K, 25 young (25600K), 4 survivors (4096K)
 Metaspace       used 76092K, committed 76928K, reserved 1179648K
  class space    used 11066K, committed 11456K, reserved 1048576K
}
Event: 23.924 GC heap after
{Heap after GC invocations=29 (full 0):
 garbage-first heap   total 94208K, used 66167K [0x0000000083200000, 0x0000000100000000)
  region size 1024K, 4 young (4096K), 4 survivors (4096K)
 Metaspace       used 76092K, committed 76928K, reserved 1179648K
  class space    used 11066K, committed 11456K, reserved 1048576K
}
Event: 23.947 GC heap before
{Heap before GC invocations=29 (full 0):
 garbage-first heap   total 94208K, used 68215K [0x0000000083200000, 0x0000000100000000)
  region size 1024K, 7 young (7168K), 4 survivors (4096K)
 Metaspace       used 76092K, committed 76928K, reserved 1179648K
  class space    used 11066K, committed 11456K, reserved 1048576K
}
Event: 23.953 GC heap after
{Heap after GC invocations=30 (full 0):
 garbage-first heap   total 94208K, used 67987K [0x0000000083200000, 0x0000000100000000)
  region size 1024K, 2 young (2048K), 2 survivors (2048K)
 Metaspace       used 76092K, committed 76928K, reserved 1179648K
  class space    used 11066K, committed 11456K, reserved 1048576K
}
Event: 24.189 GC heap before
{Heap before GC invocations=31 (full 0):
 garbage-first heap   total 132096K, used 82323K [0x0000000083200000, 0x0000000100000000)
  region size 1024K, 15 young (15360K), 2 survivors (2048K)
 Metaspace       used 76092K, committed 76928K, reserved 1179648K
  class space    used 11066K, committed 11456K, reserved 1048576K
}
Event: 24.308 GC heap after
{Heap after GC invocations=32 (full 0):
 garbage-first heap   total 132096K, used 73704K [0x0000000083200000, 0x0000000100000000)
  region size 1024K, 2 young (2048K), 2 survivors (2048K)
 Metaspace       used 76092K, committed 76928K, reserved 1179648K
  class space    used 11066K, committed 11456K, reserved 1048576K
}
Event: 24.624 GC heap before
{Heap before GC invocations=32 (full 0):
 garbage-first heap   total 132096K, used 104424K [0x0000000083200000, 0x0000000100000000)
  region size 1024K, 32 young (32768K), 2 survivors (2048K)
 Metaspace       used 76092K, committed 76928K, reserved 1179648K
  class space    used 11066K, committed 11456K, reserved 1048576K
}

