# JRE version: Java(TM) SE Runtime Environment (21.0.5+9) (build 21.0.5+9-LTS-239)
# Java VM: Java HotSpot(TM) 64-Bit Server VM (21.0.5+9-LTS-239, mixed mode, sharing, tiered, compressed oops, compressed class ptrs, g1 gc, windows-amd64)
GC Precious Log:
 CardTable entry size: 512
 Card Set container configuration: InlinePtr #cards 5 size 8 Array Of Cards #cards 12 size 40 Howl #buckets 4 coarsen threshold 1843 Howl Bitmap #cards 512 size 80 coarsen threshold 460 Card regions per heap region 1 cards per card region 2048
 CPUs: 8 total, 8 available
 Memory: 7991M
 Large Page Support: Disabled
 NUMA Support: Disabled
 Compressed Oops: Enabled (32-bit)
 Heap Region Size: 1M
 Heap Min Capacity: 8M
 Heap Initial Capacity: 126M
 Heap Max Capacity: 1G
 Pre-touch: Disabled
 Parallel Workers: 8
 Concurrent Workers: 2
 Concurrent Refinement Workers: 8
 Periodic GC: Disabled
Heap:
 garbage-first heap   total 168960K, used 125232K [0x00000000c0000000, 0x0000000100000000)
  region size 1024K, 44 young (45056K), 7 survivors (7168K)
 Metaspace       used 76245K, committed 78528K, reserved 1179648K
  class space    used 10210K, committed 11328K, reserved 1048576K
GC Heap History (20 events):
Event: 28.616 GC heap before
{Heap before GC invocations=23 (full 0):
 garbage-first heap   total 96256K, used 85792K [0x00000000c0000000, 0x0000000100000000)
  region size 1024K, 27 young (27648K), 4 survivors (4096K)
 Metaspace       used 68328K, committed 70400K, reserved 1114112K
  class space    used 9437K, committed 10496K, reserved 1048576K
}
Event: 28.629 GC heap after
{Heap after GC invocations=24 (full 0):
 garbage-first heap   total 98304K, used 69930K [0x00000000c0000000, 0x0000000100000000)
  region size 1024K, 4 young (4096K), 4 survivors (4096K)
 Metaspace       used 68328K, committed 70400K, reserved 1114112K
  class space    used 9437K, committed 10496K, reserved 1048576K
}
Event: 29.364 GC heap before
{Heap before GC invocations=25 (full 0):
 garbage-first heap   total 121856K, used 86314K [0x00000000c0000000, 0x0000000100000000)
  region size 1024K, 20 young (20480K), 4 survivors (4096K)
 Metaspace       used 68766K, committed 70912K, reserved 1114112K
  class space    used 9473K, committed 10560K, reserved 1048576K
}
Event: 29.374 GC heap after
{Heap after GC invocations=26 (full 0):
 garbage-first heap   total 121856K, used 73866K [0x00000000c0000000, 0x0000000100000000)
  region size 1024K, 3 young (3072K), 3 survivors (3072K)
 Metaspace       used 68766K, committed 70912K, reserved 1114112K
  class space    used 9473K, committed 10560K, reserved 1048576K
}
Event: 31.155 GC heap before
{Heap before GC invocations=26 (full 0):
 garbage-first heap   total 121856K, used 104586K [0x00000000c0000000, 0x0000000100000000)
  region size 1024K, 34 young (34816K), 3 survivors (3072K)
 Metaspace       used 69875K, committed 72000K, reserved 1114112K
  class space    used 9565K, committed 10624K, reserved 1048576K
}
Event: 31.173 GC heap after
{Heap after GC invocations=27 (full 0):
 garbage-first heap   total 121856K, used 78008K [0x00000000c0000000, 0x0000000100000000)
  region size 1024K, 5 young (5120K), 5 survivors (5120K)
 Metaspace       used 69875K, committed 72000K, reserved 1114112K
  class space    used 9565K, committed 10624K, reserved 1048576K
}
Event: 32.364 GC heap before
{Heap before GC invocations=27 (full 0):
 garbage-first heap   total 121856K, used 106680K [0x00000000c0000000, 0x0000000100000000)
  region size 1024K, 33 young (33792K), 5 survivors (5120K)
 Metaspace       used 71067K, committed 73280K, reserved 1114112K
  class space    used 9701K, committed 10816K, reserved 1048576K
}
Event: 32.374 GC heap after
{Heap after GC invocations=28 (full 0):
 garbage-first heap   total 121856K, used 79145K [0x00000000c0000000, 0x0000000100000000)
  region size 1024K, 2 young (2048K), 2 survivors (2048K)
 Metaspace       used 71067K, committed 73280K, reserved 1114112K
  class space    used 9701K, committed 10816K, reserved 1048576K
}
Event: 33.451 GC heap before
{Heap before GC invocations=29 (full 0):
 garbage-first heap   total 138240K, used 108841K [0x00000000c0000000, 0x0000000100000000)
  region size 1024K, 31 young (31744K), 2 survivors (2048K)
 Metaspace       used 71542K, committed 73792K, reserved 1114112K
  class space    used 9768K, committed 10880K, reserved 1048576K
}
Event: 33.456 GC heap after
{Heap after GC invocations=30 (full 0):
 garbage-first heap   total 138240K, used 79049K [0x00000000c0000000, 0x0000000100000000)
  region size 1024K, 1 young (1024K), 1 survivors (1024K)
 Metaspace       used 71542K, committed 73792K, reserved 1114112K
  class space    used 9768K, committed 10880K, reserved 1048576K
}
Event: 34.421 GC heap before
{Heap before GC invocations=30 (full 0):
 garbage-first heap   total 138240K, used 125129K [0x00000000c0000000, 0x0000000100000000)
  region size 1024K, 46 young (47104K), 1 survivors (1024K)
 Metaspace       used 71817K, committed 74112K, reserved 1114112K
  class space    used 9789K, committed 10944K, reserved 1048576K
}
Event: 34.432 GC heap after
{Heap after GC invocations=31 (full 0):
 garbage-first heap   total 138240K, used 79260K [0x00000000c0000000, 0x0000000100000000)
  region size 1024K, 2 young (2048K), 2 survivors (2048K)
 Metaspace       used 71817K, committed 74112K, reserved 1114112K
  class space    used 9789K, committed 10944K, reserved 1048576K
}
Event: 35.266 GC heap before
{Heap before GC invocations=31 (full 0):
 garbage-first heap   total 138240K, used 127388K [0x00000000c0000000, 0x0000000100000000)
  region size 1024K, 49 young (50176K), 2 survivors (2048K)
 Metaspace       used 71970K, committed 74240K, reserved 1114112K
  class space    used 9793K, committed 10944K, reserved 1048576K
}
Event: 35.274 GC heap after
{Heap after GC invocations=32 (full 0):
 garbage-first heap   total 138240K, used 80211K [0x00000000c0000000, 0x0000000100000000)
  region size 1024K, 3 young (3072K), 3 survivors (3072K)
 Metaspace       used 71970K, committed 74240K, reserved 1114112K
  class space    used 9793K, committed 10944K, reserved 1048576K
}
Event: 36.972 GC heap before
{Heap before GC invocations=33 (full 0):
 garbage-first heap   total 148480K, used 126291K [0x00000000c0000000, 0x0000000100000000)
  region size 1024K, 48 young (49152K), 3 survivors (3072K)
 Metaspace       used 73659K, committed 75904K, reserved 1114112K
  class space    used 10022K, committed 11136K, reserved 1048576K
}
Event: 36.984 GC heap after
{Heap after GC invocations=34 (full 0):
 garbage-first heap   total 148480K, used 81539K [0x00000000c0000000, 0x0000000100000000)
  region size 1024K, 5 young (5120K), 5 survivors (5120K)
 Metaspace       used 73659K, committed 75904K, reserved 1114112K
  class space    used 10022K, committed 11136K, reserved 1048576K
}
Event: 40.668 GC heap before
{Heap before GC invocations=34 (full 0):
 garbage-first heap   total 148480K, used 133763K [0x00000000c0000000, 0x0000000100000000)
  region size 1024K, 56 young (57344K), 5 survivors (5120K)
 Metaspace       used 74859K, committed 77184K, reserved 1179648K
  class space    used 10083K, committed 11200K, reserved 1048576K
}
Event: 40.688 GC heap after
{Heap after GC invocations=35 (full 0):
 garbage-first heap   total 148480K, used 83419K [0x00000000c0000000, 0x0000000100000000)
  region size 1024K, 7 young (7168K), 7 survivors (7168K)
 Metaspace       used 74859K, committed 77184K, reserved 1179648K
  class space    used 10083K, committed 11200K, reserved 1048576K
}
Event: 42.464 GC heap before
{Heap before GC invocations=35 (full 0):
 garbage-first heap   total 148480K, used 131547K [0x00000000c0000000, 0x0000000100000000)
  region size 1024K, 55 young (56320K), 7 survivors (7168K)
 Metaspace       used 76242K, committed 78528K, reserved 1179648K
  class space    used 10210K, committed 11328K, reserved 1048576K
}
Event: 42.484 GC heap after
{Heap after GC invocations=36 (full 0):
 garbage-first heap   total 148480K, used 89392K [0x00000000c0000000, 0x0000000100000000)
  region size 1024K, 7 young (7168K), 7 survivors (7168K)
 Metaspace       used 76242K, committed 78528K, reserved 1179648K
  class space    used 10210K, committed 11328K, reserved 1048576K
}

