# JRE version: OpenJDK Runtime Environment Temurin-21.0.10+7 (21.0.10+7) (build 21.0.10+7-LTS)
# Java VM: OpenJDK 64-Bit Server VM Temurin-21.0.10+7 (21.0.10+7-LTS, mixed mode, sharing, tiered, compressed oops, compressed class ptrs, parallel gc, windows-amd64)
GC Precious Log:
 CardTable entry size: 512
 CPUs: 8 total, 8 available
 Memory: 7991M
 Large Page Support: Disabled
 NUMA Support: Disabled
 Compressed Oops: Enabled (32-bit)
 Alignments: Space 512K, Generation 512K, Heap 2M
 Heap Min Capacity: 100M
 Heap Initial Capacity: 100M
 Heap Max Capacity: 2G
 Pre-touch: Disabled
 Parallel Workers: 8
Heap:
 PSYoungGen      total 5632K, used 2570K [0x00000000d5580000, 0x00000000d5c00000, 0x0000000100000000)
  eden space 3584K, 61% used [0x00000000d5580000,0x00000000d57a2a70,0x00000000d5900000)
  from space 2048K, 18% used [0x00000000d5900000,0x00000000d5960000,0x00000000d5b00000)
  to   space 1024K, 0% used [0x00000000d5b00000,0x00000000d5b00000,0x00000000d5c00000)
 ParOldGen       total 73216K, used 72911K [0x0000000080000000, 0x0000000084780000, 0x00000000d5580000)
  object space 73216K, 99% used [0x0000000080000000,0x0000000084733cc8,0x0000000084780000)
 Metaspace       used 56883K, committed 58240K, reserved 1114112K
  class space    used 6641K, committed 7232K, reserved 1048576K
GC Heap History (20 events):
Event: 12.735 GC heap before
{Heap before GC invocations=72 (full 2):
 PSYoungGen      total 4096K, used 3902K [0x00000000d5580000, 0x00000000d5c00000, 0x0000000100000000)
  eden space 3584K, 99% used [0x00000000d5580000,0x00000000d58ffb88,0x00000000d5900000)
  from space 512K, 62% used [0x00000000d5b00000,0x00000000d5b50020,0x00000000d5b80000)
  to   space 512K, 0% used [0x00000000d5b80000,0x00000000d5b80000,0x00000000d5c00000)
 ParOldGen       total 70144K, used 69948K [0x0000000080000000, 0x0000000084480000, 0x00000000d5580000)
  object space 70144K, 99% used [0x0000000080000000,0x000000008444f320,0x0000000084480000)
 Metaspace       used 52932K, committed 54144K, reserved 1114112K
  class space    used 6071K, committed 6592K, reserved 1048576K
}
Event: 12.736 GC heap after
{Heap after GC invocations=72 (full 2):
 PSYoungGen      total 4096K, used 328K [0x00000000d5580000, 0x00000000d5c00000, 0x0000000100000000)
  eden space 3584K, 0% used [0x00000000d5580000,0x00000000d5580000,0x00000000d5900000)
  from space 512K, 64% used [0x00000000d5b80000,0x00000000d5bd22a0,0x00000000d5c00000)
  to   space 512K, 0% used [0x00000000d5b00000,0x00000000d5b00000,0x00000000d5b80000)
 ParOldGen       total 70656K, used 70188K [0x0000000080000000, 0x0000000084500000, 0x00000000d5580000)
  object space 70656K, 99% used [0x0000000080000000,0x000000008448b340,0x0000000084500000)
 Metaspace       used 52932K, committed 54144K, reserved 1114112K
  class space    used 6071K, committed 6592K, reserved 1048576K
}
Event: 12.776 GC heap before
{Heap before GC invocations=73 (full 2):
 PSYoungGen      total 4096K, used 3912K [0x00000000d5580000, 0x00000000d5c00000, 0x0000000100000000)
  eden space 3584K, 100% used [0x00000000d5580000,0x00000000d5900000,0x00000000d5900000)
  from space 512K, 64% used [0x00000000d5b80000,0x00000000d5bd22a0,0x00000000d5c00000)
  to   space 512K, 0% used [0x00000000d5b00000,0x00000000d5b00000,0x00000000d5b80000)
 ParOldGen       total 70656K, used 70188K [0x0000000080000000, 0x0000000084500000, 0x00000000d5580000)
  object space 70656K, 99% used [0x0000000080000000,0x000000008448b340,0x0000000084500000)
 Metaspace       used 53357K, committed 54592K, reserved 1114112K
  class space    used 6142K, committed 6656K, reserved 1048576K
}
Event: 12.777 GC heap after
{Heap after GC invocations=73 (full 2):
 PSYoungGen      total 4096K, used 224K [0x00000000d5580000, 0x00000000d5c00000, 0x0000000100000000)
  eden space 3584K, 0% used [0x00000000d5580000,0x00000000d5580000,0x00000000d5900000)
  from space 512K, 43% used [0x00000000d5b00000,0x00000000d5b38000,0x00000000d5b80000)
  to   space 512K, 0% used [0x00000000d5b80000,0x00000000d5b80000,0x00000000d5c00000)
 ParOldGen       total 70656K, used 70332K [0x0000000080000000, 0x0000000084500000, 0x00000000d5580000)
  object space 70656K, 99% used [0x0000000080000000,0x00000000844af340,0x0000000084500000)
 Metaspace       used 53357K, committed 54592K, reserved 1114112K
  class space    used 6142K, committed 6656K, reserved 1048576K
}
Event: 12.819 GC heap before
{Heap before GC invocations=74 (full 2):
 PSYoungGen      total 4096K, used 3808K [0x00000000d5580000, 0x00000000d5c00000, 0x0000000100000000)
  eden space 3584K, 100% used [0x00000000d5580000,0x00000000d5900000,0x00000000d5900000)
  from space 512K, 43% used [0x00000000d5b00000,0x00000000d5b38000,0x00000000d5b80000)
  to   space 512K, 0% used [0x00000000d5b80000,0x00000000d5b80000,0x00000000d5c00000)
 ParOldGen       total 70656K, used 70332K [0x0000000080000000, 0x0000000084500000, 0x00000000d5580000)
  object space 70656K, 99% used [0x0000000080000000,0x00000000844af340,0x0000000084500000)
 Metaspace       used 53885K, committed 55104K, reserved 1114112K
  class space    used 6204K, committed 6720K, reserved 1048576K
}
Event: 12.820 GC heap after
{Heap after GC invocations=74 (full 2):
 PSYoungGen      total 4096K, used 256K [0x00000000d5580000, 0x00000000d5c00000, 0x0000000100000000)
  eden space 3584K, 0% used [0x00000000d5580000,0x00000000d5580000,0x00000000d5900000)
  from space 512K, 50% used [0x00000000d5b80000,0x00000000d5bc0000,0x00000000d5c00000)
  to   space 512K, 0% used [0x00000000d5b00000,0x00000000d5b00000,0x00000000d5b80000)
 ParOldGen       total 70656K, used 70460K [0x0000000080000000, 0x0000000084500000, 0x00000000d5580000)
  object space 70656K, 99% used [0x0000000080000000,0x00000000844cf340,0x0000000084500000)
 Metaspace       used 53885K, committed 55104K, reserved 1114112K
  class space    used 6204K, committed 6720K, reserved 1048576K
}
Event: 12.848 GC heap before
{Heap before GC invocations=75 (full 2):
 PSYoungGen      total 4096K, used 3840K [0x00000000d5580000, 0x00000000d5c00000, 0x0000000100000000)
  eden space 3584K, 100% used [0x00000000d5580000,0x00000000d5900000,0x00000000d5900000)
  from space 512K, 50% used [0x00000000d5b80000,0x00000000d5bc0000,0x00000000d5c00000)
  to   space 512K, 0% used [0x00000000d5b00000,0x00000000d5b00000,0x00000000d5b80000)
 ParOldGen       total 70656K, used 70460K [0x0000000080000000, 0x0000000084500000, 0x00000000d5580000)
  object space 70656K, 99% used [0x0000000080000000,0x00000000844cf340,0x0000000084500000)
 Metaspace       used 54306K, committed 55488K, reserved 1114112K
  class space    used 6278K, committed 6784K, reserved 1048576K
}
Event: 12.848 GC heap after
{Heap after GC invocations=75 (full 2):
 PSYoungGen      total 4096K, used 256K [0x00000000d5580000, 0x00000000d5c00000, 0x0000000100000000)
  eden space 3584K, 0% used [0x00000000d5580000,0x00000000d5580000,0x00000000d5900000)
  from space 512K, 50% used [0x00000000d5b00000,0x00000000d5b40000,0x00000000d5b80000)
  to   space 512K, 0% used [0x00000000d5b80000,0x00000000d5b80000,0x00000000d5c00000)
 ParOldGen       total 70656K, used 70564K [0x0000000080000000, 0x0000000084500000, 0x00000000d5580000)
  object space 70656K, 99% used [0x0000000080000000,0x00000000844e9340,0x0000000084500000)
 Metaspace       used 54306K, committed 55488K, reserved 1114112K
  class space    used 6278K, committed 6784K, reserved 1048576K
}
Event: 12.880 GC heap before
{Heap before GC invocations=76 (full 2):
 PSYoungGen      total 4096K, used 3840K [0x00000000d5580000, 0x00000000d5c00000, 0x0000000100000000)
  eden space 3584K, 100% used [0x00000000d5580000,0x00000000d5900000,0x00000000d5900000)
  from space 512K, 50% used [0x00000000d5b00000,0x00000000d5b40000,0x00000000d5b80000)
  to   space 512K, 0% used [0x00000000d5b80000,0x00000000d5b80000,0x00000000d5c00000)
 ParOldGen       total 70656K, used 70564K [0x0000000080000000, 0x0000000084500000, 0x00000000d5580000)
  object space 70656K, 99% used [0x0000000080000000,0x00000000844e9340,0x0000000084500000)
 Metaspace       used 54662K, committed 56000K, reserved 1114112K
  class space    used 6343K, committed 6912K, reserved 1048576K
}
Event: 12.881 GC heap after
{Heap after GC invocations=76 (full 2):
 PSYoungGen      total 4096K, used 256K [0x00000000d5580000, 0x00000000d5c00000, 0x0000000100000000)
  eden space 3584K, 0% used [0x00000000d5580000,0x00000000d5580000,0x00000000d5900000)
  from space 512K, 50% used [0x00000000d5b80000,0x00000000d5bc0000,0x00000000d5c00000)
  to   space 512K, 0% used [0x00000000d5b00000,0x00000000d5b00000,0x00000000d5b80000)
 ParOldGen       total 70656K, used 70652K [0x0000000080000000, 0x0000000084500000, 0x00000000d5580000)
  object space 70656K, 99% used [0x0000000080000000,0x00000000844ff340,0x0000000084500000)
 Metaspace       used 54662K, committed 56000K, reserved 1114112K
  class space    used 6343K, committed 6912K, reserved 1048576K
}
Event: 12.915 GC heap before
{Heap before GC invocations=77 (full 2):
 PSYoungGen      total 4096K, used 3840K [0x00000000d5580000, 0x00000000d5c00000, 0x0000000100000000)
  eden space 3584K, 100% used [0x00000000d5580000,0x00000000d5900000,0x00000000d5900000)
  from space 512K, 50% used [0x00000000d5b80000,0x00000000d5bc0000,0x00000000d5c00000)
  to   space 512K, 0% used [0x00000000d5b00000,0x00000000d5b00000,0x00000000d5b80000)
 ParOldGen       total 70656K, used 70652K [0x0000000080000000, 0x0000000084500000, 0x00000000d5580000)
  object space 70656K, 99% used [0x0000000080000000,0x00000000844ff340,0x0000000084500000)
 Metaspace       used 55022K, committed 56320K, reserved 1114112K
  class space    used 6407K, committed 6976K, reserved 1048576K
}
Event: 12.916 GC heap after
{Heap after GC invocations=77 (full 2):
 PSYoungGen      total 4096K, used 288K [0x00000000d5580000, 0x00000000d5c00000, 0x0000000100000000)
  eden space 3584K, 0% used [0x00000000d5580000,0x00000000d5580000,0x00000000d5900000)
  from space 512K, 56% used [0x00000000d5b00000,0x00000000d5b48000,0x00000000d5b80000)
  to   space 512K, 0% used [0x00000000d5b80000,0x00000000d5b80000,0x00000000d5c00000)
 ParOldGen       total 71168K, used 70772K [0x0000000080000000, 0x0000000084580000, 0x00000000d5580000)
  object space 71168K, 99% used [0x0000000080000000,0x000000008451d340,0x0000000084580000)
 Metaspace       used 55022K, committed 56320K, reserved 1114112K
  class space    used 6407K, committed 6976K, reserved 1048576K
}
Event: 12.950 GC heap before
{Heap before GC invocations=78 (full 2):
 PSYoungGen      total 4096K, used 3872K [0x00000000d5580000, 0x00000000d5c00000, 0x0000000100000000)
  eden space 3584K, 100% used [0x00000000d5580000,0x00000000d5900000,0x00000000d5900000)
  from space 512K, 56% used [0x00000000d5b00000,0x00000000d5b48000,0x00000000d5b80000)
  to   space 512K, 0% used [0x00000000d5b80000,0x00000000d5b80000,0x00000000d5c00000)
 ParOldGen       total 71168K, used 70772K [0x0000000080000000, 0x0000000084580000, 0x00000000d5580000)
  object space 71168K, 99% used [0x0000000080000000,0x000000008451d340,0x0000000084580000)
 Metaspace       used 55315K, committed 56640K, reserved 1114112K
  class space    used 6478K, committed 7040K, reserved 1048576K
}
Event: 12.951 GC heap after
{Heap after GC invocations=78 (full 2):
 PSYoungGen      total 4096K, used 288K [0x00000000d5580000, 0x00000000d5c00000, 0x0000000100000000)
  eden space 3584K, 0% used [0x00000000d5580000,0x00000000d5580000,0x00000000d5900000)
  from space 512K, 56% used [0x00000000d5b80000,0x00000000d5bc8010,0x00000000d5c00000)
  to   space 512K, 0% used [0x00000000d5b00000,0x00000000d5b00000,0x00000000d5b80000)
 ParOldGen       total 71168K, used 70916K [0x0000000080000000, 0x0000000084580000, 0x00000000d5580000)
  object space 71168K, 99% used [0x0000000080000000,0x0000000084541050,0x0000000084580000)
 Metaspace       used 55315K, committed 56640K, reserved 1114112K
  class space    used 6478K, committed 7040K, reserved 1048576K
}
Event: 13.015 GC heap before
{Heap before GC invocations=79 (full 2):
 PSYoungGen      total 4096K, used 3872K [0x00000000d5580000, 0x00000000d5c00000, 0x0000000100000000)
  eden space 3584K, 100% used [0x00000000d5580000,0x00000000d5900000,0x00000000d5900000)
  from space 512K, 56% used [0x00000000d5b80000,0x00000000d5bc8010,0x00000000d5c00000)
  to   space 512K, 0% used [0x00000000d5b00000,0x00000000d5b00000,0x00000000d5b80000)
 ParOldGen       total 71168K, used 70916K [0x0000000080000000, 0x0000000084580000, 0x00000000d5580000)
  object space 71168K, 99% used [0x0000000080000000,0x00000000845413f0,0x0000000084580000)
 Metaspace       used 55694K, committed 56896K, reserved 1114112K
  class space    used 6522K, committed 7040K, reserved 1048576K
}
Event: 13.016 GC heap after
{Heap after GC invocations=79 (full 2):
 PSYoungGen      total 4096K, used 490K [0x00000000d5580000, 0x00000000d5c00000, 0x0000000100000000)
  eden space 3584K, 0% used [0x00000000d5580000,0x00000000d5580000,0x00000000d5900000)
  from space 512K, 95% used [0x00000000d5b00000,0x00000000d5b7a850,0x00000000d5b80000)
  to   space 512K, 0% used [0x00000000d5b80000,0x00000000d5b80000,0x00000000d5c00000)
 ParOldGen       total 71168K, used 71085K [0x0000000080000000, 0x0000000084580000, 0x00000000d5580000)
  object space 71168K, 99% used [0x0000000080000000,0x000000008456b400,0x0000000084580000)
 Metaspace       used 55694K, committed 56896K, reserved 1114112K
  class space    used 6522K, committed 7040K, reserved 1048576K
}
Event: 13.044 GC heap before
{Heap before GC invocations=80 (full 2):
 PSYoungGen      total 4096K, used 4074K [0x00000000d5580000, 0x00000000d5c00000, 0x0000000100000000)
  eden space 3584K, 99% used [0x00000000d5580000,0x00000000d58ffff8,0x00000000d5900000)
  from space 512K, 95% used [0x00000000d5b00000,0x00000000d5b7a850,0x00000000d5b80000)
  to   space 512K, 0% used [0x00000000d5b80000,0x00000000d5b80000,0x00000000d5c00000)
 ParOldGen       total 71168K, used 71087K [0x0000000080000000, 0x0000000084580000, 0x00000000d5580000)
  object space 71168K, 99% used [0x0000000080000000,0x000000008456bdf0,0x0000000084580000)
 Metaspace       used 55851K, committed 57088K, reserved 1114112K
  class space    used 6539K, committed 7104K, reserved 1048576K
}
Event: 13.046 GC heap after
{Heap after GC invocations=80 (full 2):
 PSYoungGen      total 4096K, used 512K [0x00000000d5580000, 0x00000000d5d00000, 0x0000000100000000)
  eden space 3584K, 0% used [0x00000000d5580000,0x00000000d5580000,0x00000000d5900000)
  from space 512K, 100% used [0x00000000d5b80000,0x00000000d5c00000,0x00000000d5c00000)
  to   space 2048K, 0% used [0x00000000d5900000,0x00000000d5900000,0x00000000d5b00000)
 ParOldGen       total 72704K, used 72374K [0x0000000080000000, 0x0000000084700000, 0x00000000d5580000)
  object space 72704K, 99% used [0x0000000080000000,0x00000000846adb20,0x0000000084700000)
 Metaspace       used 55851K, committed 57088K, reserved 1114112K
  class space    used 6539K, committed 7104K, reserved 1048576K
}
Event: 13.096 GC heap before
{Heap before GC invocations=81 (full 2):
 PSYoungGen      total 4096K, used 4094K [0x00000000d5580000, 0x00000000d5d00000, 0x0000000100000000)
  eden space 3584K, 99% used [0x00000000d5580000,0x00000000d58ffa88,0x00000000d5900000)
  from space 512K, 100% used [0x00000000d5b80000,0x00000000d5c00000,0x00000000d5c00000)
  to   space 2048K, 0% used [0x00000000d5900000,0x00000000d5900000,0x00000000d5b00000)
 ParOldGen       total 72704K, used 72374K [0x0000000080000000, 0x0000000084700000, 0x00000000d5580000)
  object space 72704K, 99% used [0x0000000080000000,0x00000000846adb20,0x0000000084700000)
 Metaspace       used 56391K, committed 57664K, reserved 1114112K
  class space    used 6591K, committed 7104K, reserved 1048576K
}
Event: 13.098 GC heap after
{Heap after GC invocations=81 (full 2):
 PSYoungGen      total 5632K, used 384K [0x00000000d5580000, 0x00000000d5c00000, 0x0000000100000000)
  eden space 3584K, 0% used [0x00000000d5580000,0x00000000d5580000,0x00000000d5900000)
  from space 2048K, 18% used [0x00000000d5900000,0x00000000d5960000,0x00000000d5b00000)
  to   space 1024K, 0% used [0x00000000d5b00000,0x00000000d5b00000,0x00000000d5c00000)
 ParOldGen       total 73216K, used 72911K [0x0000000080000000, 0x0000000084780000, 0x00000000d5580000)
  object space 73216K, 99% used [0x0000000080000000,0x0000000084733cc8,0x0000000084780000)
 Metaspace       used 56391K, committed 57664K, reserved 1114112K
  class space    used 6591K, committed 7104K, reserved 1048576K
}

