# JRE version: Java(TM) SE Runtime Environment (21.0.5+9) (build 21.0.5+9-LTS-239)
# Java VM: Java HotSpot(TM) 64-Bit Server VM (21.0.5+9-LTS-239, mixed mode, sharing, tiered, compressed oops, compressed class ptrs, g1 gc, windows-amd64)
GC Precious Log:
 CardTable entry size: 512
 Card Set container configuration: InlinePtr #cards 5 size 8 Array Of Cards #cards 12 size 40 Howl #buckets 4 coarsen threshold 1843 Howl Bitmap #cards 512 size 80 coarsen threshold 460 Card regions per heap region 1 cards per card region 2048
 CPUs: 8 total, 8 available
 Memory: 7991M
 Large Page Support: Disabled
 NUMA Support: Disabled
 Compressed Oops: Enabled (32-bit)
 Heap Region Size: 1M
 Heap Min Capacity: 256M
 Heap Initial Capacity: 256M
 Heap Max Capacity: 512M
 Pre-touch: Disabled
 Parallel Workers: 8
 Concurrent Workers: 2
 Concurrent Refinement Workers: 8
 Periodic GC: Disabled
Heap:
 garbage-first heap   total 262144K, used 131825K [0x00000000e0000000, 0x0000000100000000)
  region size 1024K, 106 young (108544K), 16 survivors (16384K)
 Metaspace       used 57507K, committed 59392K, reserved 393216K
  class space    used 8193K, committed 9152K, reserved 327680K
GC Heap History (16 events):
Event: 0.375 GC heap before
{Heap before GC invocations=0 (full 0):
 garbage-first heap   total 262144K, used 22528K [0x00000000e0000000, 0x0000000100000000)
  region size 1024K, 23 young (23552K), 0 survivors (0K)
 Metaspace       used 911K, committed 1024K, reserved 393216K
  class space    used 69K, committed 128K, reserved 327680K
}
Event: 0.377 GC heap after
{Heap after GC invocations=1 (full 0):
 garbage-first heap   total 262144K, used 1706K [0x00000000e0000000, 0x0000000100000000)
  region size 1024K, 2 young (2048K), 2 survivors (2048K)
 Metaspace       used 911K, committed 1024K, reserved 393216K
  class space    used 69K, committed 128K, reserved 327680K
}
Event: 0.968 GC heap before
{Heap before GC invocations=1 (full 0):
 garbage-first heap   total 262144K, used 40618K [0x00000000e0000000, 0x0000000100000000)
  region size 1024K, 38 young (38912K), 2 survivors (2048K)
 Metaspace       used 4381K, committed 4544K, reserved 393216K
  class space    used 541K, committed 640K, reserved 327680K
}
Event: 0.972 GC heap after
{Heap after GC invocations=2 (full 0):
 garbage-first heap   total 262144K, used 11441K [0x00000000e0000000, 0x0000000100000000)
  region size 1024K, 5 young (5120K), 5 survivors (5120K)
 Metaspace       used 4381K, committed 4544K, reserved 393216K
  class space    used 541K, committed 640K, reserved 327680K
}
Event: 1.442 GC heap before
{Heap before GC invocations=2 (full 0):
 garbage-first heap   total 262144K, used 64689K [0x00000000e0000000, 0x0000000100000000)
  region size 1024K, 55 young (56320K), 5 survivors (5120K)
 Metaspace       used 5487K, committed 5696K, reserved 393216K
  class space    used 721K, committed 832K, reserved 327680K
}
Event: 1.446 GC heap after
{Heap after GC invocations=3 (full 0):
 garbage-first heap   total 262144K, used 17401K [0x00000000e0000000, 0x0000000100000000)
  region size 1024K, 5 young (5120K), 5 survivors (5120K)
 Metaspace       used 5487K, committed 5696K, reserved 393216K
  class space    used 721K, committed 832K, reserved 327680K
}
Event: 2.803 GC heap before
{Heap before GC invocations=3 (full 0):
 garbage-first heap   total 262144K, used 106489K [0x00000000e0000000, 0x0000000100000000)
  region size 1024K, 93 young (95232K), 5 survivors (5120K)
 Metaspace       used 20825K, committed 21504K, reserved 393216K
  class space    used 2969K, committed 3328K, reserved 327680K
}
Event: 2.811 GC heap after
{Heap after GC invocations=4 (full 0):
 garbage-first heap   total 262144K, used 24444K [0x00000000e0000000, 0x0000000100000000)
  region size 1024K, 12 young (12288K), 12 survivors (12288K)
 Metaspace       used 20825K, committed 21504K, reserved 393216K
  class space    used 2969K, committed 3328K, reserved 327680K
}
Event: 4.625 GC heap before
{Heap before GC invocations=5 (full 0):
 garbage-first heap   total 262144K, used 131964K [0x00000000e0000000, 0x0000000100000000)
  region size 1024K, 119 young (121856K), 12 survivors (12288K)
 Metaspace       used 34878K, committed 35968K, reserved 393216K
  class space    used 4894K, committed 5440K, reserved 327680K
}
Event: 4.638 GC heap after
{Heap after GC invocations=6 (full 0):
 garbage-first heap   total 262144K, used 34305K [0x00000000e0000000, 0x0000000100000000)
  region size 1024K, 17 young (17408K), 17 survivors (17408K)
 Metaspace       used 34878K, committed 35968K, reserved 393216K
  class space    used 4894K, committed 5440K, reserved 327680K
}
Event: 4.670 GC heap before
{Heap before GC invocations=6 (full 0):
 garbage-first heap   total 262144K, used 36353K [0x00000000e0000000, 0x0000000100000000)
  region size 1024K, 20 young (20480K), 17 survivors (17408K)
 Metaspace       used 35173K, committed 36288K, reserved 393216K
  class space    used 4932K, committed 5504K, reserved 327680K
}
Event: 4.678 GC heap after
{Heap after GC invocations=7 (full 0):
 garbage-first heap   total 262144K, used 33148K [0x00000000e0000000, 0x0000000100000000)
  region size 1024K, 9 young (9216K), 9 survivors (9216K)
 Metaspace       used 35173K, committed 36288K, reserved 393216K
  class space    used 4932K, committed 5504K, reserved 327680K
}
Event: 4.717 GC heap before
{Heap before GC invocations=7 (full 0):
 garbage-first heap   total 262144K, used 36220K [0x00000000e0000000, 0x0000000100000000)
  region size 1024K, 13 young (13312K), 9 survivors (9216K)
 Metaspace       used 35502K, committed 36608K, reserved 393216K
  class space    used 4997K, committed 5568K, reserved 327680K
}
Event: 4.722 GC heap after
{Heap after GC invocations=8 (full 0):
 garbage-first heap   total 262144K, used 33193K [0x00000000e0000000, 0x0000000100000000)
  region size 1024K, 9 young (9216K), 9 survivors (9216K)
 Metaspace       used 35502K, committed 36608K, reserved 393216K
  class space    used 4997K, committed 5568K, reserved 327680K
}
Event: 6.881 GC heap before
{Heap before GC invocations=9 (full 0):
 garbage-first heap   total 262144K, used 186793K [0x00000000e0000000, 0x0000000100000000)
  region size 1024K, 153 young (156672K), 9 survivors (9216K)
 Metaspace       used 51240K, committed 53056K, reserved 393216K
  class space    used 7289K, committed 8192K, reserved 327680K
}
Event: 6.893 GC heap after
{Heap after GC invocations=10 (full 0):
 garbage-first heap   total 262144K, used 40689K [0x00000000e0000000, 0x0000000100000000)
  region size 1024K, 16 young (16384K), 16 survivors (16384K)
 Metaspace       used 51240K, committed 53056K, reserved 393216K
  class space    used 7289K, committed 8192K, reserved 327680K
}

