# JRE version: Java(TM) SE Runtime Environment (21.0.5+9) (build 21.0.5+9-LTS-239)
# Java VM: Java HotSpot(TM) 64-Bit Server VM (21.0.5+9-LTS-239, mixed mode, sharing, tiered, compressed oops, compressed class ptrs, g1 gc, windows-amd64)
GC Precious Log:
 CardTable entry size: 512
 Card Set container configuration: InlinePtr #cards 5 size 8 Array Of Cards #cards 12 size 40 Howl #buckets 4 coarsen threshold 1843 Howl Bitmap #cards 512 size 80 coarsen threshold 460 Card regions per heap region 1 cards per card region 2048
 CPUs: 8 total, 8 available
 Memory: 7991M
 Large Page Support: Disabled
 NUMA Support: Disabled
 Compressed Oops: Enabled (32-bit)
 Heap Region Size: 1M
 Heap Min Capacity: 256M
 Heap Initial Capacity: 256M
 Heap Max Capacity: 512M
 Pre-touch: Disabled
 Parallel Workers: 8
 Concurrent Workers: 2
 Concurrent Refinement Workers: 8
 Periodic GC: Disabled
Heap:
 garbage-first heap   total 262144K, used 67640K [0x00000000e0000000, 0x0000000100000000)
  region size 1024K, 44 young (45056K), 17 survivors (17408K)
 Metaspace       used 53734K, committed 55616K, reserved 393216K
  class space    used 7676K, committed 8640K, reserved 327680K
GC Heap History (16 events):
Event: 0.366 GC heap before
{Heap before GC invocations=0 (full 0):
 garbage-first heap   total 262144K, used 23552K [0x00000000e0000000, 0x0000000100000000)
  region size 1024K, 23 young (23552K), 0 survivors (0K)
 Metaspace       used 900K, committed 1024K, reserved 393216K
  class space    used 69K, committed 128K, reserved 327680K
}
Event: 0.368 GC heap after
{Heap after GC invocations=1 (full 0):
 garbage-first heap   total 262144K, used 1586K [0x00000000e0000000, 0x0000000100000000)
  region size 1024K, 2 young (2048K), 2 survivors (2048K)
 Metaspace       used 900K, committed 1024K, reserved 393216K
  class space    used 69K, committed 128K, reserved 327680K
}
Event: 0.986 GC heap before
{Heap before GC invocations=1 (full 0):
 garbage-first heap   total 262144K, used 40498K [0x00000000e0000000, 0x0000000100000000)
  region size 1024K, 38 young (38912K), 2 survivors (2048K)
 Metaspace       used 4393K, committed 4608K, reserved 393216K
  class space    used 540K, committed 640K, reserved 327680K
}
Event: 0.991 GC heap after
{Heap after GC invocations=2 (full 0):
 garbage-first heap   total 262144K, used 10842K [0x00000000e0000000, 0x0000000100000000)
  region size 1024K, 5 young (5120K), 5 survivors (5120K)
 Metaspace       used 4393K, committed 4608K, reserved 393216K
  class space    used 540K, committed 640K, reserved 327680K
}
Event: 1.833 GC heap before
{Heap before GC invocations=2 (full 0):
 garbage-first heap   total 262144K, used 75354K [0x00000000e0000000, 0x0000000100000000)
  region size 1024K, 66 young (67584K), 5 survivors (5120K)
 Metaspace       used 8501K, committed 8832K, reserved 393216K
  class space    used 1120K, committed 1280K, reserved 327680K
}
Event: 1.842 GC heap after
{Heap after GC invocations=3 (full 0):
 garbage-first heap   total 262144K, used 18571K [0x00000000e0000000, 0x0000000100000000)
  region size 1024K, 9 young (9216K), 9 survivors (9216K)
 Metaspace       used 8501K, committed 8832K, reserved 393216K
  class space    used 1120K, committed 1280K, reserved 327680K
}
Event: 3.304 GC heap before
{Heap before GC invocations=3 (full 0):
 garbage-first heap   total 262144K, used 97419K [0x00000000e0000000, 0x0000000100000000)
  region size 1024K, 87 young (89088K), 9 survivors (9216K)
 Metaspace       used 20808K, committed 21504K, reserved 393216K
  class space    used 2987K, committed 3328K, reserved 327680K
}
Event: 3.317 GC heap after
{Heap after GC invocations=4 (full 0):
 garbage-first heap   total 262144K, used 24690K [0x00000000e0000000, 0x0000000100000000)
  region size 1024K, 15 young (15360K), 15 survivors (15360K)
 Metaspace       used 20808K, committed 21504K, reserved 393216K
  class space    used 2987K, committed 3328K, reserved 327680K
}
Event: 5.198 GC heap before
{Heap before GC invocations=5 (full 0):
 garbage-first heap   total 262144K, used 132210K [0x00000000e0000000, 0x0000000100000000)
  region size 1024K, 122 young (124928K), 15 survivors (15360K)
 Metaspace       used 34881K, committed 35968K, reserved 393216K
  class space    used 4891K, committed 5440K, reserved 327680K
}
Event: 5.227 GC heap after
{Heap after GC invocations=6 (full 0):
 garbage-first heap   total 262144K, used 33648K [0x00000000e0000000, 0x0000000100000000)
  region size 1024K, 20 young (20480K), 20 survivors (20480K)
 Metaspace       used 34881K, committed 35968K, reserved 393216K
  class space    used 4891K, committed 5440K, reserved 327680K
}
Event: 5.329 GC heap before
{Heap before GC invocations=6 (full 0):
 garbage-first heap   total 262144K, used 35696K [0x00000000e0000000, 0x0000000100000000)
  region size 1024K, 23 young (23552K), 20 survivors (20480K)
 Metaspace       used 35190K, committed 36288K, reserved 393216K
  class space    used 4931K, committed 5504K, reserved 327680K
}
Event: 5.357 GC heap after
{Heap after GC invocations=7 (full 0):
 garbage-first heap   total 262144K, used 33425K [0x00000000e0000000, 0x0000000100000000)
  region size 1024K, 9 young (9216K), 9 survivors (9216K)
 Metaspace       used 35190K, committed 36288K, reserved 393216K
  class space    used 4931K, committed 5504K, reserved 327680K
}
Event: 5.484 GC heap before
{Heap before GC invocations=7 (full 0):
 garbage-first heap   total 262144K, used 36497K [0x00000000e0000000, 0x0000000100000000)
  region size 1024K, 13 young (13312K), 9 survivors (9216K)
 Metaspace       used 35505K, committed 36608K, reserved 393216K
  class space    used 4996K, committed 5568K, reserved 327680K
}
Event: 5.499 GC heap after
{Heap after GC invocations=8 (full 0):
 garbage-first heap   total 262144K, used 33425K [0x00000000e0000000, 0x0000000100000000)
  region size 1024K, 9 young (9216K), 9 survivors (9216K)
 Metaspace       used 35505K, committed 36608K, reserved 393216K
  class space    used 4996K, committed 5568K, reserved 327680K
}
Event: 13.063 GC heap before
{Heap before GC invocations=9 (full 0):
 garbage-first heap   total 262144K, used 187025K [0x00000000e0000000, 0x0000000100000000)
  region size 1024K, 153 young (156672K), 9 survivors (9216K)
 Metaspace       used 51217K, committed 53056K, reserved 393216K
  class space    used 7294K, committed 8256K, reserved 327680K
}
Event: 13.099 GC heap after
{Heap after GC invocations=10 (full 0):
 garbage-first heap   total 262144K, used 41016K [0x00000000e0000000, 0x0000000100000000)
  region size 1024K, 17 young (17408K), 17 survivors (17408K)
 Metaspace       used 51217K, committed 53056K, reserved 393216K
  class space    used 7294K, committed 8256K, reserved 327680K
}

