# JRE version: Java(TM) SE Runtime Environment (21.0.5+9) (build 21.0.5+9-LTS-239)
# Java VM: Java HotSpot(TM) 64-Bit Server VM (21.0.5+9-LTS-239, mixed mode, emulated-client, sharing, tiered, compressed oops, compressed class ptrs, g1 gc, windows-amd64)
GC Precious Log:
 CardTable entry size: 512
 Card Set container configuration: InlinePtr #cards 5 size 8 Array Of Cards #cards 12 size 40 Howl #buckets 4 coarsen threshold 1843 Howl Bitmap #cards 512 size 80 coarsen threshold 460 Card regions per heap region 1 cards per card region 2048
 CPUs: 8 total, 8 available
 Memory: 7991M
 Large Page Support: Disabled
 NUMA Support: Disabled
 Compressed Oops: Enabled (32-bit)
 Heap Region Size: 1M
 Heap Min Capacity: 8M
 Heap Initial Capacity: 126M
 Heap Max Capacity: 1998M
 Pre-touch: Disabled
 Parallel Workers: 8
 Concurrent Workers: 2
 Concurrent Refinement Workers: 8
 Periodic GC: Disabled
Heap:
 garbage-first heap   total 153600K, used 89925K [0x0000000083200000, 0x0000000100000000)
  region size 1024K, 3 young (3072K), 3 survivors (3072K)
 Metaspace       used 78827K, committed 79744K, reserved 1179648K
  class space    used 11416K, committed 11840K, reserved 1048576K
GC Heap History (20 events):
Event: 25.182 GC heap after
{Heap after GC invocations=22 (full 0):
 garbage-first heap   total 66560K, used 35915K [0x0000000083200000, 0x0000000100000000)
  region size 1024K, 1 young (1024K), 1 survivors (1024K)
 Metaspace       used 69960K, committed 70720K, reserved 1114112K
  class space    used 10032K, committed 10368K, reserved 1048576K
}
Event: 25.284 GC heap before
{Heap before GC invocations=23 (full 0):
 garbage-first heap   total 76800K, used 58443K [0x0000000083200000, 0x0000000100000000)
  region size 1024K, 24 young (24576K), 1 survivors (1024K)
 Metaspace       used 69961K, committed 70720K, reserved 1114112K
  class space    used 10032K, committed 10368K, reserved 1048576K
}
Event: 25.290 GC heap after
{Heap after GC invocations=24 (full 0):
 garbage-first heap   total 76800K, used 38908K [0x0000000083200000, 0x0000000100000000)
  region size 1024K, 3 young (3072K), 3 survivors (3072K)
 Metaspace       used 69961K, committed 70720K, reserved 1114112K
  class space    used 10032K, committed 10368K, reserved 1048576K
}
Event: 25.674 GC heap before
{Heap before GC invocations=24 (full 0):
 garbage-first heap   total 76800K, used 67580K [0x0000000083200000, 0x0000000100000000)
  region size 1024K, 32 young (32768K), 3 survivors (3072K)
 Metaspace       used 73242K, committed 73984K, reserved 1114112K
  class space    used 10631K, committed 10944K, reserved 1048576K
}
Event: 25.685 GC heap after
{Heap after GC invocations=25 (full 0):
 garbage-first heap   total 76800K, used 40836K [0x0000000083200000, 0x0000000100000000)
  region size 1024K, 2 young (2048K), 2 survivors (2048K)
 Metaspace       used 73242K, committed 73984K, reserved 1114112K
  class space    used 10631K, committed 10944K, reserved 1048576K
}
Event: 26.352 GC heap before
{Heap before GC invocations=25 (full 0):
 garbage-first heap   total 76800K, used 69508K [0x0000000083200000, 0x0000000100000000)
  region size 1024K, 30 young (30720K), 2 survivors (2048K)
 Metaspace       used 75464K, committed 76224K, reserved 1179648K
  class space    used 10963K, committed 11328K, reserved 1048576K
}
Event: 26.357 GC heap after
{Heap after GC invocations=26 (full 0):
 garbage-first heap   total 76800K, used 42583K [0x0000000083200000, 0x0000000100000000)
  region size 1024K, 4 young (4096K), 4 survivors (4096K)
 Metaspace       used 75464K, committed 76224K, reserved 1179648K
  class space    used 10963K, committed 11328K, reserved 1048576K
}
Event: 26.543 GC heap before
{Heap before GC invocations=27 (full 0):
 garbage-first heap   total 78848K, used 66135K [0x0000000083200000, 0x0000000100000000)
  region size 1024K, 28 young (28672K), 4 survivors (4096K)
 Metaspace       used 75576K, committed 76352K, reserved 1179648K
  class space    used 10987K, committed 11328K, reserved 1048576K
}
Event: 26.549 GC heap after
{Heap after GC invocations=28 (full 0):
 garbage-first heap   total 78848K, used 45755K [0x0000000083200000, 0x0000000100000000)
  region size 1024K, 4 young (4096K), 4 survivors (4096K)
 Metaspace       used 75576K, committed 76352K, reserved 1179648K
  class space    used 10987K, committed 11328K, reserved 1048576K
}
Event: 26.629 GC heap before
{Heap before GC invocations=28 (full 0):
 garbage-first heap   total 78848K, used 69307K [0x0000000083200000, 0x0000000100000000)
  region size 1024K, 27 young (27648K), 4 survivors (4096K)
 Metaspace       used 75593K, committed 76352K, reserved 1179648K
  class space    used 10993K, committed 11328K, reserved 1048576K
}
Event: 26.635 GC heap after
{Heap after GC invocations=29 (full 0):
 garbage-first heap   total 129024K, used 49442K [0x0000000083200000, 0x0000000100000000)
  region size 1024K, 4 young (4096K), 4 survivors (4096K)
 Metaspace       used 75593K, committed 76352K, reserved 1179648K
  class space    used 10993K, committed 11328K, reserved 1048576K
}
Event: 26.863 GC heap before
{Heap before GC invocations=29 (full 0):
 garbage-first heap   total 129024K, used 109858K [0x0000000083200000, 0x0000000100000000)
  region size 1024K, 63 young (64512K), 4 survivors (4096K)
 Metaspace       used 75593K, committed 76352K, reserved 1179648K
  class space    used 10993K, committed 11328K, reserved 1048576K
}
Event: 26.881 GC heap after
{Heap after GC invocations=30 (full 0):
 garbage-first heap   total 135168K, used 70656K [0x0000000083200000, 0x0000000100000000)
  region size 1024K, 8 young (8192K), 8 survivors (8192K)
 Metaspace       used 75593K, committed 76352K, reserved 1179648K
  class space    used 10993K, committed 11328K, reserved 1048576K
}
Event: 27.000 GC heap before
{Heap before GC invocations=30 (full 0):
 garbage-first heap   total 135168K, used 110592K [0x0000000083200000, 0x0000000100000000)
  region size 1024K, 47 young (48128K), 8 survivors (8192K)
 Metaspace       used 75593K, committed 76352K, reserved 1179648K
  class space    used 10993K, committed 11328K, reserved 1048576K
}
Event: 27.016 GC heap after
{Heap after GC invocations=31 (full 0):
 garbage-first heap   total 135168K, used 83968K [0x0000000083200000, 0x0000000100000000)
  region size 1024K, 6 young (6144K), 6 survivors (6144K)
 Metaspace       used 75593K, committed 76352K, reserved 1179648K
  class space    used 10993K, committed 11328K, reserved 1048576K
}
Event: 27.418 GC heap before
{Heap before GC invocations=31 (full 0):
 garbage-first heap   total 135168K, used 114688K [0x0000000083200000, 0x0000000100000000)
  region size 1024K, 36 young (36864K), 6 survivors (6144K)
 Metaspace       used 76653K, committed 77440K, reserved 1179648K
  class space    used 11116K, committed 11456K, reserved 1048576K
}
Event: 27.427 GC heap after
{Heap after GC invocations=32 (full 0):
 garbage-first heap   total 135168K, used 91607K [0x0000000083200000, 0x0000000100000000)
  region size 1024K, 5 young (5120K), 5 survivors (5120K)
 Metaspace       used 76653K, committed 77440K, reserved 1179648K
  class space    used 11116K, committed 11456K, reserved 1048576K
}
Event: 27.755 GC heap before
{Heap before GC invocations=33 (full 0):
 garbage-first heap   total 153600K, used 115159K [0x0000000083200000, 0x0000000100000000)
  region size 1024K, 31 young (31744K), 5 survivors (5120K)
 Metaspace       used 76990K, committed 77760K, reserved 1179648K
  class space    used 11160K, committed 11520K, reserved 1048576K
}
Event: 27.760 GC heap after
{Heap after GC invocations=34 (full 0):
 garbage-first heap   total 153600K, used 90326K [0x0000000083200000, 0x0000000100000000)
  region size 1024K, 2 young (2048K), 2 survivors (2048K)
 Metaspace       used 76990K, committed 77760K, reserved 1179648K
  class space    used 11160K, committed 11520K, reserved 1048576K
}
Event: 28.555 GC heap before
{Heap before GC invocations=34 (full 0):
 garbage-first heap   total 153600K, used 131286K [0x0000000083200000, 0x0000000100000000)
  region size 1024K, 42 young (43008K), 2 survivors (2048K)
 Metaspace       used 78827K, committed 79744K, reserved 1179648K
  class space    used 11416K, committed 11840K, reserved 1048576K
}

