# JRE version: OpenJDK Runtime Environment Temurin-21.0.10+7 (21.0.10+7) (build 21.0.10+7-LTS)
# Java VM: OpenJDK 64-Bit Server VM Temurin-21.0.10+7 (21.0.10+7-LTS, mixed mode, sharing, tiered, compressed oops, compressed class ptrs, parallel gc, windows-amd64)
GC Precious Log:
 CardTable entry size: 512
 CPUs: 8 total, 8 available
 Memory: 7991M
 Large Page Support: Disabled
 NUMA Support: Disabled
 Compressed Oops: Enabled (32-bit)
 Alignments: Space 512K, Generation 512K, Heap 2M
 Heap Min Capacity: 100M
 Heap Initial Capacity: 100M
 Heap Max Capacity: 2G
 Pre-touch: Disabled
 Parallel Workers: 8
Heap:
 PSYoungGen      total 20992K, used 10320K [0x00000000d5580000, 0x00000000d6c00000, 0x0000000100000000)
  eden space 19456K, 45% used [0x00000000d5580000,0x00000000d5e19bb0,0x00000000d6880000)
  from space 1536K, 98% used [0x00000000d6a80000,0x00000000d6bfa720,0x00000000d6c00000)
  to   space 512K, 0% used [0x00000000d6880000,0x00000000d6880000,0x00000000d6900000)
 ParOldGen       total 82432K, used 82013K [0x0000000080000000, 0x0000000085080000, 0x00000000d5580000)
  object space 82432K, 99% used [0x0000000080000000,0x0000000085017670,0x0000000085080000)
 Metaspace       used 75739K, committed 77120K, reserved 1179648K
  class space    used 9393K, committed 9984K, reserved 1048576K
GC Heap History (20 events):
Event: 30.442 GC heap before
{Heap before GC invocations=60 (full 3):
 PSYoungGen      total 23040K, used 23032K [0x00000000d5580000, 0x00000000d6f00000, 0x0000000100000000)
  eden space 22016K, 100% used [0x00000000d5580000,0x00000000d6b00000,0x00000000d6b00000)
  from space 1024K, 99% used [0x00000000d6d00000,0x00000000d6dfe200,0x00000000d6e00000)
  to   space 2048K, 0% used [0x00000000d6b00000,0x00000000d6b00000,0x00000000d6d00000)
 ParOldGen       total 71680K, used 71197K [0x0000000080000000, 0x0000000084600000, 0x00000000d5580000)
  object space 71680K, 99% used [0x0000000080000000,0x0000000084587600,0x0000000084600000)
 Metaspace       used 75291K, committed 76672K, reserved 1179648K
  class space    used 9337K, committed 9984K, reserved 1048576K
}
Event: 30.444 GC heap after
{Heap after GC invocations=60 (full 3):
 PSYoungGen      total 23552K, used 1163K [0x00000000d5580000, 0x00000000d6e00000, 0x0000000100000000)
  eden space 22016K, 0% used [0x00000000d5580000,0x00000000d5580000,0x00000000d6b00000)
  from space 1536K, 75% used [0x00000000d6b00000,0x00000000d6c22f88,0x00000000d6c80000)
  to   space 1536K, 0% used [0x00000000d6c80000,0x00000000d6c80000,0x00000000d6e00000)
 ParOldGen       total 72704K, used 72198K [0x0000000080000000, 0x0000000084700000, 0x00000000d5580000)
  object space 72704K, 99% used [0x0000000080000000,0x0000000084681a68,0x0000000084700000)
 Metaspace       used 75291K, committed 76672K, reserved 1179648K
  class space    used 9337K, committed 9984K, reserved 1048576K
}
Event: 30.506 GC heap before
{Heap before GC invocations=61 (full 3):
 PSYoungGen      total 23552K, used 23179K [0x00000000d5580000, 0x00000000d6e00000, 0x0000000100000000)
  eden space 22016K, 100% used [0x00000000d5580000,0x00000000d6b00000,0x00000000d6b00000)
  from space 1536K, 75% used [0x00000000d6b00000,0x00000000d6c22f88,0x00000000d6c80000)
  to   space 1536K, 0% used [0x00000000d6c80000,0x00000000d6c80000,0x00000000d6e00000)
 ParOldGen       total 72704K, used 72198K [0x0000000080000000, 0x0000000084700000, 0x00000000d5580000)
  object space 72704K, 99% used [0x0000000080000000,0x0000000084681a68,0x0000000084700000)
 Metaspace       used 75294K, committed 76672K, reserved 1179648K
  class space    used 9337K, committed 9984K, reserved 1048576K
}
Event: 30.508 GC heap after
{Heap after GC invocations=61 (full 3):
 PSYoungGen      total 23040K, used 1522K [0x00000000d5580000, 0x00000000d6f00000, 0x0000000100000000)
  eden space 21504K, 0% used [0x00000000d5580000,0x00000000d5580000,0x00000000d6a80000)
  from space 1536K, 99% used [0x00000000d6c80000,0x00000000d6dfcb10,0x00000000d6e00000)
  to   space 2048K, 0% used [0x00000000d6a80000,0x00000000d6a80000,0x00000000d6c80000)
 ParOldGen       total 73728K, used 73279K [0x0000000080000000, 0x0000000084800000, 0x00000000d5580000)
  object space 73728K, 99% used [0x0000000080000000,0x000000008478ff28,0x0000000084800000)
 Metaspace       used 75294K, committed 76672K, reserved 1179648K
  class space    used 9337K, committed 9984K, reserved 1048576K
}
Event: 30.748 GC heap before
{Heap before GC invocations=62 (full 3):
 PSYoungGen      total 23040K, used 23026K [0x00000000d5580000, 0x00000000d6f00000, 0x0000000100000000)
  eden space 21504K, 100% used [0x00000000d5580000,0x00000000d6a80000,0x00000000d6a80000)
  from space 1536K, 99% used [0x00000000d6c80000,0x00000000d6dfcb10,0x00000000d6e00000)
  to   space 2048K, 0% used [0x00000000d6a80000,0x00000000d6a80000,0x00000000d6c80000)
 ParOldGen       total 73728K, used 73279K [0x0000000080000000, 0x0000000084800000, 0x00000000d5580000)
  object space 73728K, 99% used [0x0000000080000000,0x000000008478ff28,0x0000000084800000)
 Metaspace       used 75296K, committed 76672K, reserved 1179648K
  class space    used 9337K, committed 9984K, reserved 1048576K
}
Event: 30.749 GC heap after
{Heap after GC invocations=62 (full 3):
 PSYoungGen      total 22528K, used 942K [0x00000000d5580000, 0x00000000d6d80000, 0x0000000100000000)
  eden space 21504K, 0% used [0x00000000d5580000,0x00000000d5580000,0x00000000d6a80000)
  from space 1024K, 92% used [0x00000000d6a80000,0x00000000d6b6bb20,0x00000000d6b80000)
  to   space 1536K, 0% used [0x00000000d6c00000,0x00000000d6c00000,0x00000000d6d80000)
 ParOldGen       total 74752K, used 74682K [0x0000000080000000, 0x0000000084900000, 0x00000000d5580000)
  object space 74752K, 99% used [0x0000000080000000,0x00000000848ee9c8,0x0000000084900000)
 Metaspace       used 75296K, committed 76672K, reserved 1179648K
  class space    used 9337K, committed 9984K, reserved 1048576K
}
Event: 30.847 GC heap before
{Heap before GC invocations=63 (full 3):
 PSYoungGen      total 22528K, used 22446K [0x00000000d5580000, 0x00000000d6d80000, 0x0000000100000000)
  eden space 21504K, 100% used [0x00000000d5580000,0x00000000d6a80000,0x00000000d6a80000)
  from space 1024K, 92% used [0x00000000d6a80000,0x00000000d6b6bb20,0x00000000d6b80000)
  to   space 1536K, 0% used [0x00000000d6c00000,0x00000000d6c00000,0x00000000d6d80000)
 ParOldGen       total 74752K, used 74682K [0x0000000080000000, 0x0000000084900000, 0x00000000d5580000)
  object space 74752K, 99% used [0x0000000080000000,0x00000000848ee9c8,0x0000000084900000)
 Metaspace       used 75298K, committed 76672K, reserved 1179648K
  class space    used 9337K, committed 9984K, reserved 1048576K
}
Event: 30.848 GC heap after
{Heap after GC invocations=63 (full 3):
 PSYoungGen      total 22528K, used 865K [0x00000000d5580000, 0x00000000d6d00000, 0x0000000100000000)
  eden space 21504K, 0% used [0x00000000d5580000,0x00000000d5580000,0x00000000d6a80000)
  from space 1024K, 84% used [0x00000000d6c00000,0x00000000d6cd8470,0x00000000d6d00000)
  to   space 1024K, 0% used [0x00000000d6a80000,0x00000000d6a80000,0x00000000d6b80000)
 ParOldGen       total 75776K, used 75514K [0x0000000080000000, 0x0000000084a00000, 0x00000000d5580000)
  object space 75776K, 99% used [0x0000000080000000,0x00000000849be968,0x0000000084a00000)
 Metaspace       used 75298K, committed 76672K, reserved 1179648K
  class space    used 9337K, committed 9984K, reserved 1048576K
}
Event: 31.297 GC heap before
{Heap before GC invocations=64 (full 3):
 PSYoungGen      total 22528K, used 22369K [0x00000000d5580000, 0x00000000d6d00000, 0x0000000100000000)
  eden space 21504K, 100% used [0x00000000d5580000,0x00000000d6a80000,0x00000000d6a80000)
  from space 1024K, 84% used [0x00000000d6c00000,0x00000000d6cd8470,0x00000000d6d00000)
  to   space 1024K, 0% used [0x00000000d6a80000,0x00000000d6a80000,0x00000000d6b80000)
 ParOldGen       total 75776K, used 75514K [0x0000000080000000, 0x0000000084a00000, 0x00000000d5580000)
  object space 75776K, 99% used [0x0000000080000000,0x00000000849be968,0x0000000084a00000)
 Metaspace       used 75521K, committed 76864K, reserved 1179648K
  class space    used 9368K, committed 9984K, reserved 1048576K
}
Event: 31.298 GC heap after
{Heap after GC invocations=64 (full 3):
 PSYoungGen      total 22528K, used 888K [0x00000000d5580000, 0x00000000d6c80000, 0x0000000100000000)
  eden space 21504K, 0% used [0x00000000d5580000,0x00000000d5580000,0x00000000d6a80000)
  from space 1024K, 86% used [0x00000000d6a80000,0x00000000d6b5e200,0x00000000d6b80000)
  to   space 1024K, 0% used [0x00000000d6b80000,0x00000000d6b80000,0x00000000d6c80000)
 ParOldGen       total 76800K, used 76303K [0x0000000080000000, 0x0000000084b00000, 0x00000000d5580000)
  object space 76800K, 99% used [0x0000000080000000,0x0000000084a83d58,0x0000000084b00000)
 Metaspace       used 75521K, committed 76864K, reserved 1179648K
  class space    used 9368K, committed 9984K, reserved 1048576K
}
Event: 31.608 GC heap before
{Heap before GC invocations=65 (full 3):
 PSYoungGen      total 22528K, used 22392K [0x00000000d5580000, 0x00000000d6c80000, 0x0000000100000000)
  eden space 21504K, 100% used [0x00000000d5580000,0x00000000d6a80000,0x00000000d6a80000)
  from space 1024K, 86% used [0x00000000d6a80000,0x00000000d6b5e200,0x00000000d6b80000)
  to   space 1024K, 0% used [0x00000000d6b80000,0x00000000d6b80000,0x00000000d6c80000)
 ParOldGen       total 76800K, used 76303K [0x0000000080000000, 0x0000000084b00000, 0x00000000d5580000)
  object space 76800K, 99% used [0x0000000080000000,0x0000000084a83d58,0x0000000084b00000)
 Metaspace       used 75552K, committed 76928K, reserved 1179648K
  class space    used 9371K, committed 9984K, reserved 1048576K
}
Event: 31.610 GC heap after
{Heap after GC invocations=65 (full 3):
 PSYoungGen      total 22528K, used 952K [0x00000000d5580000, 0x00000000d6c80000, 0x0000000100000000)
  eden space 21504K, 0% used [0x00000000d5580000,0x00000000d5580000,0x00000000d6a80000)
  from space 1024K, 92% used [0x00000000d6b80000,0x00000000d6c6e0c8,0x00000000d6c80000)
  to   space 1024K, 0% used [0x00000000d6a80000,0x00000000d6a80000,0x00000000d6b80000)
 ParOldGen       total 77312K, used 77075K [0x0000000080000000, 0x0000000084b80000, 0x00000000d5580000)
  object space 77312K, 99% used [0x0000000080000000,0x0000000084b44e58,0x0000000084b80000)
 Metaspace       used 75552K, committed 76928K, reserved 1179648K
  class space    used 9371K, committed 9984K, reserved 1048576K
}
Event: 32.103 GC heap before
{Heap before GC invocations=66 (full 3):
 PSYoungGen      total 22528K, used 22456K [0x00000000d5580000, 0x00000000d6c80000, 0x0000000100000000)
  eden space 21504K, 100% used [0x00000000d5580000,0x00000000d6a80000,0x00000000d6a80000)
  from space 1024K, 92% used [0x00000000d6b80000,0x00000000d6c6e0c8,0x00000000d6c80000)
  to   space 1024K, 0% used [0x00000000d6a80000,0x00000000d6a80000,0x00000000d6b80000)
 ParOldGen       total 77312K, used 77075K [0x0000000080000000, 0x0000000084b80000, 0x00000000d5580000)
  object space 77312K, 99% used [0x0000000080000000,0x0000000084b44e58,0x0000000084b80000)
 Metaspace       used 75569K, committed 76928K, reserved 1179648K
  class space    used 9371K, committed 9984K, reserved 1048576K
}
Event: 32.104 GC heap after
{Heap after GC invocations=66 (full 3):
 PSYoungGen      total 22528K, used 909K [0x00000000d5580000, 0x00000000d6c80000, 0x0000000100000000)
  eden space 21504K, 0% used [0x00000000d5580000,0x00000000d5580000,0x00000000d6a80000)
  from space 1024K, 88% used [0x00000000d6a80000,0x00000000d6b63578,0x00000000d6b80000)
  to   space 1024K, 0% used [0x00000000d6b80000,0x00000000d6b80000,0x00000000d6c80000)
 ParOldGen       total 78336K, used 77888K [0x0000000080000000, 0x0000000084c80000, 0x00000000d5580000)
  object space 78336K, 99% used [0x0000000080000000,0x0000000084c10310,0x0000000084c80000)
 Metaspace       used 75569K, committed 76928K, reserved 1179648K
  class space    used 9371K, committed 9984K, reserved 1048576K
}
Event: 32.160 GC heap before
{Heap before GC invocations=67 (full 3):
 PSYoungGen      total 22528K, used 22413K [0x00000000d5580000, 0x00000000d6c80000, 0x0000000100000000)
  eden space 21504K, 100% used [0x00000000d5580000,0x00000000d6a80000,0x00000000d6a80000)
  from space 1024K, 88% used [0x00000000d6a80000,0x00000000d6b63578,0x00000000d6b80000)
  to   space 1024K, 0% used [0x00000000d6b80000,0x00000000d6b80000,0x00000000d6c80000)
 ParOldGen       total 78336K, used 77888K [0x0000000080000000, 0x0000000084c80000, 0x00000000d5580000)
  object space 78336K, 99% used [0x0000000080000000,0x0000000084c10310,0x0000000084c80000)
 Metaspace       used 75570K, committed 76928K, reserved 1179648K
  class space    used 9371K, committed 9984K, reserved 1048576K
}
Event: 32.161 GC heap after
{Heap after GC invocations=67 (full 3):
 PSYoungGen      total 20480K, used 1000K [0x00000000d5580000, 0x00000000d7080000, 0x0000000100000000)
  eden space 19456K, 0% used [0x00000000d5580000,0x00000000d5580000,0x00000000d6880000)
  from space 1024K, 97% used [0x00000000d6b80000,0x00000000d6c7a108,0x00000000d6c80000)
  to   space 3072K, 0% used [0x00000000d6880000,0x00000000d6880000,0x00000000d6b80000)
 ParOldGen       total 79872K, used 79459K [0x0000000080000000, 0x0000000084e00000, 0x00000000d5580000)
  object space 79872K, 99% used [0x0000000080000000,0x0000000084d98c00,0x0000000084e00000)
 Metaspace       used 75570K, committed 76928K, reserved 1179648K
  class space    used 9371K, committed 9984K, reserved 1048576K
}
Event: 32.178 GC heap before
{Heap before GC invocations=68 (full 3):
 PSYoungGen      total 20480K, used 20456K [0x00000000d5580000, 0x00000000d7080000, 0x0000000100000000)
  eden space 19456K, 100% used [0x00000000d5580000,0x00000000d6880000,0x00000000d6880000)
  from space 1024K, 97% used [0x00000000d6b80000,0x00000000d6c7a108,0x00000000d6c80000)
  to   space 3072K, 0% used [0x00000000d6880000,0x00000000d6880000,0x00000000d6b80000)
 ParOldGen       total 79872K, used 79459K [0x0000000080000000, 0x0000000084e00000, 0x00000000d5580000)
  object space 79872K, 99% used [0x0000000080000000,0x0000000084d98c00,0x0000000084e00000)
 Metaspace       used 75570K, committed 76928K, reserved 1179648K
  class space    used 9371K, committed 9984K, reserved 1048576K
}
Event: 32.179 GC heap after
{Heap after GC invocations=68 (full 3):
 PSYoungGen      total 19968K, used 512K [0x00000000d5580000, 0x00000000d6c00000, 0x0000000100000000)
  eden space 19456K, 0% used [0x00000000d5580000,0x00000000d5580000,0x00000000d6880000)
  from space 512K, 100% used [0x00000000d6880000,0x00000000d6900000,0x00000000d6900000)
  to   space 1536K, 0% used [0x00000000d6a80000,0x00000000d6a80000,0x00000000d6c00000)
 ParOldGen       total 80896K, used 80480K [0x0000000080000000, 0x0000000084f00000, 0x00000000d5580000)
  object space 80896K, 99% used [0x0000000080000000,0x0000000084e98318,0x0000000084f00000)
 Metaspace       used 75570K, committed 76928K, reserved 1179648K
  class space    used 9371K, committed 9984K, reserved 1048576K
}
Event: 32.703 GC heap before
{Heap before GC invocations=69 (full 3):
 PSYoungGen      total 19968K, used 19968K [0x00000000d5580000, 0x00000000d6c00000, 0x0000000100000000)
  eden space 19456K, 100% used [0x00000000d5580000,0x00000000d6880000,0x00000000d6880000)
  from space 512K, 100% used [0x00000000d6880000,0x00000000d6900000,0x00000000d6900000)
  to   space 1536K, 0% used [0x00000000d6a80000,0x00000000d6a80000,0x00000000d6c00000)
 ParOldGen       total 80896K, used 80480K [0x0000000080000000, 0x0000000084f00000, 0x00000000d5580000)
  object space 80896K, 99% used [0x0000000080000000,0x0000000084e98318,0x0000000084f00000)
 Metaspace       used 75701K, committed 76992K, reserved 1179648K
  class space    used 9390K, committed 9984K, reserved 1048576K
}
Event: 34.706 GC heap after
{Heap after GC invocations=69 (full 3):
 PSYoungGen      total 20992K, used 1513K [0x00000000d5580000, 0x00000000d6c00000, 0x0000000100000000)
  eden space 19456K, 0% used [0x00000000d5580000,0x00000000d5580000,0x00000000d6880000)
  from space 1536K, 98% used [0x00000000d6a80000,0x00000000d6bfa720,0x00000000d6c00000)
  to   space 512K, 0% used [0x00000000d6880000,0x00000000d6880000,0x00000000d6900000)
 ParOldGen       total 82432K, used 82013K [0x0000000080000000, 0x0000000085080000, 0x00000000d5580000)
  object space 82432K, 99% used [0x0000000080000000,0x0000000085017670,0x0000000085080000)
 Metaspace       used 75701K, committed 76992K, reserved 1179648K
  class space    used 9390K, committed 9984K, reserved 1048576K
}

