# JRE version: OpenJDK Runtime Environment Temurin-21.0.10+7 (21.0.10+7) (build 21.0.10+7-LTS)
# Java VM: OpenJDK 64-Bit Server VM Temurin-21.0.10+7 (21.0.10+7-LTS, mixed mode, sharing, tiered, compressed oops, compressed class ptrs, parallel gc, windows-amd64)
GC Precious Log:
 CardTable entry size: 512
 CPUs: 8 total, 8 available
 Memory: 7991M
 Large Page Support: Disabled
 NUMA Support: Disabled
 Compressed Oops: Enabled (32-bit)
 Alignments: Space 512K, Generation 512K, Heap 2M
 Heap Min Capacity: 100M
 Heap Initial Capacity: 100M
 Heap Max Capacity: 2G
 Pre-touch: Disabled
 Parallel Workers: 8
Heap:
 PSYoungGen      total 17920K, used 1318K [0x00000000d5580000, 0x00000000d6900000, 0x0000000100000000)
  eden space 16896K, 1% used [0x00000000d5580000,0x00000000d55cc938,0x00000000d6600000)
  from space 1024K, 98% used [0x00000000d6800000,0x00000000d68fd200,0x00000000d6900000)
  to   space 1536K, 0% used [0x00000000d6600000,0x00000000d6600000,0x00000000d6780000)
 ParOldGen       total 114176K, used 113959K [0x0000000080000000, 0x0000000086f80000, 0x00000000d5580000)
  object space 114176K, 99% used [0x0000000080000000,0x0000000086f49f30,0x0000000086f80000)
 Metaspace       used 75138K, committed 76800K, reserved 1179648K
  class space    used 8451K, committed 9216K, reserved 1048576K
GC Heap History (20 events):
Event: 41.492 GC heap before
{Heap before GC invocations=135 (full 3):
 PSYoungGen      total 18432K, used 18272K [0x00000000d5580000, 0x00000000d6880000, 0x0000000100000000)
  eden space 17920K, 100% used [0x00000000d5580000,0x00000000d6700000,0x00000000d6700000)
  from space 512K, 68% used [0x00000000d6780000,0x00000000d67d8000,0x00000000d6800000)
  to   space 512K, 0% used [0x00000000d6800000,0x00000000d6800000,0x00000000d6880000)
 ParOldGen       total 105984K, used 105810K [0x0000000080000000, 0x0000000086780000, 0x00000000d5580000)
  object space 105984K, 99% used [0x0000000080000000,0x0000000086754be0,0x0000000086780000)
 Metaspace       used 72509K, committed 73984K, reserved 1114112K
  class space    used 8163K, committed 8832K, reserved 1048576K
}
Event: 41.494 GC heap after
{Heap after GC invocations=135 (full 3):
 PSYoungGen      total 17408K, used 512K [0x00000000d5580000, 0x00000000d6b00000, 0x0000000100000000)
  eden space 16896K, 0% used [0x00000000d5580000,0x00000000d5580000,0x00000000d6600000)
  from space 512K, 100% used [0x00000000d6800000,0x00000000d6880000,0x00000000d6880000)
  to   space 2048K, 0% used [0x00000000d6600000,0x00000000d6600000,0x00000000d6800000)
 ParOldGen       total 107008K, used 106674K [0x0000000080000000, 0x0000000086880000, 0x00000000d5580000)
  object space 107008K, 99% used [0x0000000080000000,0x000000008682cbf0,0x0000000086880000)
 Metaspace       used 72509K, committed 73984K, reserved 1114112K
  class space    used 8163K, committed 8832K, reserved 1048576K
}
Event: 41.591 GC heap before
{Heap before GC invocations=136 (full 3):
 PSYoungGen      total 17408K, used 17408K [0x00000000d5580000, 0x00000000d6b00000, 0x0000000100000000)
  eden space 16896K, 100% used [0x00000000d5580000,0x00000000d6600000,0x00000000d6600000)
  from space 512K, 100% used [0x00000000d6800000,0x00000000d6880000,0x00000000d6880000)
  to   space 2048K, 0% used [0x00000000d6600000,0x00000000d6600000,0x00000000d6800000)
 ParOldGen       total 107008K, used 106674K [0x0000000080000000, 0x0000000086880000, 0x00000000d5580000)
  object space 107008K, 99% used [0x0000000080000000,0x000000008682cbf0,0x0000000086880000)
 Metaspace       used 72774K, committed 74304K, reserved 1114112K
  class space    used 8186K, committed 8896K, reserved 1048576K
}
Event: 41.594 GC heap after
{Heap after GC invocations=136 (full 3):
 PSYoungGen      total 18944K, used 1738K [0x00000000d5580000, 0x00000000d6a00000, 0x0000000100000000)
  eden space 16896K, 0% used [0x00000000d5580000,0x00000000d5580000,0x00000000d6600000)
  from space 2048K, 84% used [0x00000000d6600000,0x00000000d67b2910,0x00000000d6800000)
  to   space 2048K, 0% used [0x00000000d6800000,0x00000000d6800000,0x00000000d6a00000)
 ParOldGen       total 107520K, used 107176K [0x0000000080000000, 0x0000000086900000, 0x00000000d5580000)
  object space 107520K, 99% used [0x0000000080000000,0x00000000868aa2a0,0x0000000086900000)
 Metaspace       used 72774K, committed 74304K, reserved 1114112K
  class space    used 8186K, committed 8896K, reserved 1048576K
}
Event: 41.677 GC heap before
{Heap before GC invocations=137 (full 3):
 PSYoungGen      total 18944K, used 18634K [0x00000000d5580000, 0x00000000d6a00000, 0x0000000100000000)
  eden space 16896K, 100% used [0x00000000d5580000,0x00000000d6600000,0x00000000d6600000)
  from space 2048K, 84% used [0x00000000d6600000,0x00000000d67b2910,0x00000000d6800000)
  to   space 2048K, 0% used [0x00000000d6800000,0x00000000d6800000,0x00000000d6a00000)
 ParOldGen       total 107520K, used 107176K [0x0000000080000000, 0x0000000086900000, 0x00000000d5580000)
  object space 107520K, 99% used [0x0000000080000000,0x00000000868aa2a0,0x0000000086900000)
 Metaspace       used 73330K, committed 74816K, reserved 1179648K
  class space    used 8250K, committed 8896K, reserved 1048576K
}
Event: 41.679 GC heap after
{Heap after GC invocations=137 (full 3):
 PSYoungGen      total 18944K, used 1428K [0x00000000d5580000, 0x00000000d6a00000, 0x0000000100000000)
  eden space 16896K, 0% used [0x00000000d5580000,0x00000000d5580000,0x00000000d6600000)
  from space 2048K, 69% used [0x00000000d6800000,0x00000000d6965200,0x00000000d6a00000)
  to   space 2048K, 0% used [0x00000000d6600000,0x00000000d6600000,0x00000000d6800000)
 ParOldGen       total 108544K, used 108310K [0x0000000080000000, 0x0000000086a00000, 0x00000000d5580000)
  object space 108544K, 99% used [0x0000000080000000,0x00000000869c5be0,0x0000000086a00000)
 Metaspace       used 73330K, committed 74816K, reserved 1179648K
  class space    used 8250K, committed 8896K, reserved 1048576K
}
Event: 41.762 GC heap before
{Heap before GC invocations=138 (full 3):
 PSYoungGen      total 18944K, used 18324K [0x00000000d5580000, 0x00000000d6a00000, 0x0000000100000000)
  eden space 16896K, 100% used [0x00000000d5580000,0x00000000d6600000,0x00000000d6600000)
  from space 2048K, 69% used [0x00000000d6800000,0x00000000d6965200,0x00000000d6a00000)
  to   space 2048K, 0% used [0x00000000d6600000,0x00000000d6600000,0x00000000d6800000)
 ParOldGen       total 108544K, used 108310K [0x0000000080000000, 0x0000000086a00000, 0x00000000d5580000)
  object space 108544K, 99% used [0x0000000080000000,0x00000000869c5be0,0x0000000086a00000)
 Metaspace       used 73957K, committed 75520K, reserved 1179648K
  class space    used 8330K, committed 9024K, reserved 1048576K
}
Event: 41.764 GC heap after
{Heap after GC invocations=138 (full 3):
 PSYoungGen      total 17920K, used 964K [0x00000000d5580000, 0x00000000d6900000, 0x0000000100000000)
  eden space 16896K, 0% used [0x00000000d5580000,0x00000000d5580000,0x00000000d6600000)
  from space 1024K, 94% used [0x00000000d6600000,0x00000000d66f1210,0x00000000d6700000)
  to   space 1536K, 0% used [0x00000000d6780000,0x00000000d6780000,0x00000000d6900000)
 ParOldGen       total 109568K, used 109230K [0x0000000080000000, 0x0000000086b00000, 0x00000000d5580000)
  object space 109568K, 99% used [0x0000000080000000,0x0000000086aab808,0x0000000086b00000)
 Metaspace       used 73957K, committed 75520K, reserved 1179648K
  class space    used 8330K, committed 9024K, reserved 1048576K
}
Event: 41.850 GC heap before
{Heap before GC invocations=139 (full 3):
 PSYoungGen      total 17920K, used 17860K [0x00000000d5580000, 0x00000000d6900000, 0x0000000100000000)
  eden space 16896K, 100% used [0x00000000d5580000,0x00000000d6600000,0x00000000d6600000)
  from space 1024K, 94% used [0x00000000d6600000,0x00000000d66f1210,0x00000000d6700000)
  to   space 1536K, 0% used [0x00000000d6780000,0x00000000d6780000,0x00000000d6900000)
 ParOldGen       total 109568K, used 109230K [0x0000000080000000, 0x0000000086b00000, 0x00000000d5580000)
  object space 109568K, 99% used [0x0000000080000000,0x0000000086aab808,0x0000000086b00000)
 Metaspace       used 74229K, committed 75840K, reserved 1179648K
  class space    used 8373K, committed 9088K, reserved 1048576K
}
Event: 41.852 GC heap after
{Heap after GC invocations=139 (full 3):
 PSYoungGen      total 18432K, used 1059K [0x00000000d5580000, 0x00000000d6900000, 0x0000000100000000)
  eden space 16896K, 0% used [0x00000000d5580000,0x00000000d5580000,0x00000000d6600000)
  from space 1536K, 68% used [0x00000000d6780000,0x00000000d6888ec0,0x00000000d6900000)
  to   space 1536K, 0% used [0x00000000d6600000,0x00000000d6600000,0x00000000d6780000)
 ParOldGen       total 110080K, used 109646K [0x0000000080000000, 0x0000000086b80000, 0x00000000d5580000)
  object space 110080K, 99% used [0x0000000080000000,0x0000000086b13808,0x0000000086b80000)
 Metaspace       used 74229K, committed 75840K, reserved 1179648K
  class space    used 8373K, committed 9088K, reserved 1048576K
}
Event: 41.940 GC heap before
{Heap before GC invocations=140 (full 3):
 PSYoungGen      total 18432K, used 17955K [0x00000000d5580000, 0x00000000d6900000, 0x0000000100000000)
  eden space 16896K, 100% used [0x00000000d5580000,0x00000000d6600000,0x00000000d6600000)
  from space 1536K, 68% used [0x00000000d6780000,0x00000000d6888ec0,0x00000000d6900000)
  to   space 1536K, 0% used [0x00000000d6600000,0x00000000d6600000,0x00000000d6780000)
 ParOldGen       total 110080K, used 109646K [0x0000000080000000, 0x0000000086b80000, 0x00000000d5580000)
  object space 110080K, 99% used [0x0000000080000000,0x0000000086b13808,0x0000000086b80000)
 Metaspace       used 74493K, committed 76032K, reserved 1179648K
  class space    used 8399K, committed 9088K, reserved 1048576K
}
Event: 41.942 GC heap after
{Heap after GC invocations=140 (full 3):
 PSYoungGen      total 18432K, used 1128K [0x00000000d5580000, 0x00000000d6900000, 0x0000000100000000)
  eden space 16896K, 0% used [0x00000000d5580000,0x00000000d5580000,0x00000000d6600000)
  from space 1536K, 73% used [0x00000000d6600000,0x00000000d671a3b0,0x00000000d6780000)
  to   space 1536K, 0% used [0x00000000d6780000,0x00000000d6780000,0x00000000d6900000)
 ParOldGen       total 110080K, used 110021K [0x0000000080000000, 0x0000000086b80000, 0x00000000d5580000)
  object space 110080K, 99% used [0x0000000080000000,0x0000000086b714b8,0x0000000086b80000)
 Metaspace       used 74493K, committed 76032K, reserved 1179648K
  class space    used 8399K, committed 9088K, reserved 1048576K
}
Event: 42.025 GC heap before
{Heap before GC invocations=141 (full 3):
 PSYoungGen      total 18432K, used 18024K [0x00000000d5580000, 0x00000000d6900000, 0x0000000100000000)
  eden space 16896K, 100% used [0x00000000d5580000,0x00000000d6600000,0x00000000d6600000)
  from space 1536K, 73% used [0x00000000d6600000,0x00000000d671a3b0,0x00000000d6780000)
  to   space 1536K, 0% used [0x00000000d6780000,0x00000000d6780000,0x00000000d6900000)
 ParOldGen       total 110080K, used 110021K [0x0000000080000000, 0x0000000086b80000, 0x00000000d5580000)
  object space 110080K, 99% used [0x0000000080000000,0x0000000086b714b8,0x0000000086b80000)
 Metaspace       used 74580K, committed 76160K, reserved 1179648K
  class space    used 8405K, committed 9088K, reserved 1048576K
}
Event: 42.027 GC heap after
{Heap after GC invocations=141 (full 3):
 PSYoungGen      total 18432K, used 1291K [0x00000000d5580000, 0x00000000d6900000, 0x0000000100000000)
  eden space 16896K, 0% used [0x00000000d5580000,0x00000000d5580000,0x00000000d6600000)
  from space 1536K, 84% used [0x00000000d6780000,0x00000000d68c2d68,0x00000000d6900000)
  to   space 1536K, 0% used [0x00000000d6600000,0x00000000d6600000,0x00000000d6780000)
 ParOldGen       total 112640K, used 112374K [0x0000000080000000, 0x0000000086e00000, 0x00000000d5580000)
  object space 112640K, 99% used [0x0000000080000000,0x0000000086dbdb18,0x0000000086e00000)
 Metaspace       used 74580K, committed 76160K, reserved 1179648K
  class space    used 8405K, committed 9088K, reserved 1048576K
}
Event: 42.119 GC heap before
{Heap before GC invocations=142 (full 3):
 PSYoungGen      total 18432K, used 18187K [0x00000000d5580000, 0x00000000d6900000, 0x0000000100000000)
  eden space 16896K, 100% used [0x00000000d5580000,0x00000000d6600000,0x00000000d6600000)
  from space 1536K, 84% used [0x00000000d6780000,0x00000000d68c2d68,0x00000000d6900000)
  to   space 1536K, 0% used [0x00000000d6600000,0x00000000d6600000,0x00000000d6780000)
 ParOldGen       total 112640K, used 112374K [0x0000000080000000, 0x0000000086e00000, 0x00000000d5580000)
  object space 112640K, 99% used [0x0000000080000000,0x0000000086dbdb18,0x0000000086e00000)
 Metaspace       used 74940K, committed 76544K, reserved 1179648K
  class space    used 8446K, committed 9152K, reserved 1048576K
}
Event: 42.122 GC heap after
{Heap after GC invocations=142 (full 3):
 PSYoungGen      total 18432K, used 1525K [0x00000000d5580000, 0x00000000d6b00000, 0x0000000100000000)
  eden space 16896K, 0% used [0x00000000d5580000,0x00000000d5580000,0x00000000d6600000)
  from space 1536K, 99% used [0x00000000d6600000,0x00000000d677d710,0x00000000d6780000)
  to   space 2560K, 0% used [0x00000000d6880000,0x00000000d6880000,0x00000000d6b00000)
 ParOldGen       total 113152K, used 112974K [0x0000000080000000, 0x0000000086e80000, 0x00000000d5580000)
  object space 113152K, 99% used [0x0000000080000000,0x0000000086e53978,0x0000000086e80000)
 Metaspace       used 74940K, committed 76544K, reserved 1179648K
  class space    used 8446K, committed 9152K, reserved 1048576K
}
Event: 42.212 GC heap before
{Heap before GC invocations=143 (full 3):
 PSYoungGen      total 18432K, used 18421K [0x00000000d5580000, 0x00000000d6b00000, 0x0000000100000000)
  eden space 16896K, 100% used [0x00000000d5580000,0x00000000d6600000,0x00000000d6600000)
  from space 1536K, 99% used [0x00000000d6600000,0x00000000d677d710,0x00000000d6780000)
  to   space 2560K, 0% used [0x00000000d6880000,0x00000000d6880000,0x00000000d6b00000)
 ParOldGen       total 113152K, used 112974K [0x0000000080000000, 0x0000000086e80000, 0x00000000d5580000)
  object space 113152K, 99% used [0x0000000080000000,0x0000000086e53978,0x0000000086e80000)
 Metaspace       used 75036K, committed 76672K, reserved 1179648K
  class space    used 8451K, committed 9216K, reserved 1048576K
}
Event: 42.214 GC heap after
{Heap after GC invocations=143 (full 3):
 PSYoungGen      total 17920K, used 804K [0x00000000d5580000, 0x00000000d6980000, 0x0000000100000000)
  eden space 16896K, 0% used [0x00000000d5580000,0x00000000d5580000,0x00000000d6600000)
  from space 1024K, 78% used [0x00000000d6880000,0x00000000d6949210,0x00000000d6980000)
  to   space 1536K, 0% used [0x00000000d6680000,0x00000000d6680000,0x00000000d6800000)
 ParOldGen       total 113664K, used 113623K [0x0000000080000000, 0x0000000086f00000, 0x00000000d5580000)
  object space 113664K, 99% used [0x0000000080000000,0x0000000086ef5f20,0x0000000086f00000)
 Metaspace       used 75036K, committed 76672K, reserved 1179648K
  class space    used 8451K, committed 9216K, reserved 1048576K
}
Event: 42.333 GC heap before
{Heap before GC invocations=144 (full 3):
 PSYoungGen      total 17920K, used 17700K [0x00000000d5580000, 0x00000000d6980000, 0x0000000100000000)
  eden space 16896K, 100% used [0x00000000d5580000,0x00000000d6600000,0x00000000d6600000)
  from space 1024K, 78% used [0x00000000d6880000,0x00000000d6949210,0x00000000d6980000)
  to   space 1536K, 0% used [0x00000000d6680000,0x00000000d6680000,0x00000000d6800000)
 ParOldGen       total 113664K, used 113623K [0x0000000080000000, 0x0000000086f00000, 0x00000000d5580000)
  object space 113664K, 99% used [0x0000000080000000,0x0000000086ef5f20,0x0000000086f00000)
 Metaspace       used 75109K, committed 76736K, reserved 1179648K
  class space    used 8451K, committed 9216K, reserved 1048576K
}
Event: 42.335 GC heap after
{Heap after GC invocations=144 (full 3):
 PSYoungGen      total 18432K, used 762K [0x00000000d5580000, 0x00000000d6900000, 0x0000000100000000)
  eden space 16896K, 0% used [0x00000000d5580000,0x00000000d5580000,0x00000000d6600000)
  from space 1536K, 49% used [0x00000000d6680000,0x00000000d673e900,0x00000000d6800000)
  to   space 1024K, 0% used [0x00000000d6800000,0x00000000d6800000,0x00000000d6900000)
 ParOldGen       total 114176K, used 113799K [0x0000000080000000, 0x0000000086f80000, 0x00000000d5580000)
  object space 114176K, 99% used [0x0000000080000000,0x0000000086f21f30,0x0000000086f80000)
 Metaspace       used 75109K, committed 76736K, reserved 1179648K
  class space    used 8451K, committed 9216K, reserved 1048576K
}

